#
# A fatal error has been detected by the Java Runtime Environment:
#
#  EXCEPTION_ACCESS_VIOLATION (0xc0000005) at pc=0x00007ffaae0627f0, pid=10640, tid=13660
#
# JRE version: Java(TM) SE Runtime Environment 18.9 (11.0.11+9) (build 11.0.11+9-LTS-194)
# Java VM: Java HotSpot(TM) 64-Bit Server VM 18.9 (11.0.11+9-LTS-194, mixed mode, tiered, compressed oops, g1 gc, windows-amd64)
# Problematic frame:
# C  [JNIFileMappingTelloEduTelemetryClient.dll+0x27f0]
#
# No core dump will be written. Minidumps are not enabled by default on client versions of Windows
#
# If you would like to submit a bug report, please visit:
#   https://bugreport.java.com/bugreport/crash.jsp
# The crash happened outside the Java Virtual Machine in native code.
# See problematic frame for where to report the bug.
#

---------------  S U M M A R Y ------------

Command Line: -Dfile.encoding=Cp1252 Start

Host: Intel(R) Core(TM) i7-6700 CPU @ 3.40GHz, 8 cores, 31G,  Windows 10 , 64 bit Build 18362 (10.0.18362.1500)
Time: Tue May 27 08:37:59 2025 Paris, Madrid (heure d?été) elapsed time: 62.175347 seconds (0d 0h 1m 2s)

---------------  T H R E A D  ---------------

Current thread (0x000002d4d02a6000):  JavaThread "Thread-17" [_thread_in_native, id=13660, stack(0x000000f958d00000,0x000000f958e00000)]

Stack: [0x000000f958d00000,0x000000f958e00000],  sp=0x000000f958dff550,  free space=1021k
Native frames: (J=compiled Java code, j=interpreted, Vv=VM code, C=native code)
C  [JNIFileMappingTelloEduTelemetryClient.dll+0x27f0]

Java frames: (J=compiled Java code, j=interpreted, Vv=VM code)
j  JNIFileMappingTelloEduTelemetryClientJNI.cFileMappingTelloEduTelemetryClient_getVirtualTelloEduTelemetryMutexBlocAccess(JLcFileMappingTelloEduTelemetryClient;)Z+0
j  cFileMappingTelloEduTelemetryClient.getVirtualTelloEduTelemetryMutexBlocAccess()Z+5
j  ThreadEnvoiTelemetrieAndroid.run()V+65
v  ~StubRoutines::call_stub

siginfo: EXCEPTION_ACCESS_VIOLATION (0xc0000005), reading address 0xffffffffffffffff


Register to memory mapping:

RIP=0x00007ffaae0627f0 JNIFileMappingTelloEduTelemetryClient.dll
RAX=0x2a1100b42a0a0000 is an unknown value
RBX={method} {0x000002d52b22f220} 'cFileMappingTelloEduTelemetryClient_getVirtualTelloEduTelemetryMutexBlocAccess' '(JLcFileMappingTelloEduTelemetryClient;)Z' in 'JNIFileMappingTelloEduTelemetryClientJNI'
RCX=0x000002d4ccd13ce0 points into unknown readable memory: 50 53 06 ae fa 7f 00 00
RDX=0x000000f958dff618 is pointing into the stack for thread: 0x000002d4d02a6000
RSP=0x000000f958dff550 is pointing into the stack for thread: 0x000002d4d02a6000
RBP=0x000000f958dff608 is pointing into the stack for thread: 0x000002d4d02a6000
RSI=0x00000000000005b8 is an unknown value
RDI=0x000002d4a62e9b40 is at code_begin+832 in an Interpreter codelet
invoke return entry points  [0x000002d4a62e9800, 0x000002d4a62ea200]  2560 bytes
R8 =0x000002d4ccd13ce0 points into unknown readable memory: 50 53 06 ae fa 7f 00 00
R9 =0x000000f958dff628 is pointing into the stack for thread: 0x000002d4d02a6000
R10=0x000002d4a62ef348 is at code_begin+1000 in an Interpreter codelet
method entry point (kind = native)  [0x000002d4a62eef60, 0x000002d4a62efa00]  2720 bytes
R11=0x000000061268a828 is an oop: java.lang.Class 
{0x000000061268a828} - klass: 'java/lang/Class'
R12=0x0 is NULL
R13={method} {0x000002d52b22f220} 'cFileMappingTelloEduTelemetryClient_getVirtualTelloEduTelemetryMutexBlocAccess' '(JLcFileMappingTelloEduTelemetryClient;)Z' in 'JNIFileMappingTelloEduTelemetryClientJNI'
R14=0x000000f958dff638 is pointing into the stack for thread: 0x000002d4d02a6000
R15=0x000002d4d02a6000 is a thread


Registers:
RAX=0x2a1100b42a0a0000, RBX=0x000002d52b22f218, RCX=0x000002d4ccd13ce0, RDX=0x000000f958dff618
RSP=0x000000f958dff550, RBP=0x000000f958dff608, RSI=0x00000000000005b8, RDI=0x000002d4a62e9b40
R8 =0x000002d4ccd13ce0, R9 =0x000000f958dff628, R10=0x000002d4a62ef348, R11=0x000000061268a828
R12=0x0000000000000000, R13=0x000002d52b22f218, R14=0x000000f958dff638, R15=0x000002d4d02a6000
RIP=0x00007ffaae0627f0, EFLAGS=0x0000000000010206

Top of Stack: (sp=0x000000f958dff550)
0x000000f958dff550:   0000000000000000 000002d52b22f218
0x000000f958dff560:   000002d4d02a6000 000002d4cff407f0
0x000000f958dff570:   000000f958dff5b8 000002d4a62ef377
0x000000f958dff580:   0000000000000000 00000006023e71f8
0x000000f958dff590:   000002d4cff40808 0000000000000000
0x000000f958dff5a0:   000000f958dff5b8 000000f958dff608
0x000000f958dff5b0:   000002d4a62e98d0 000000061268ab18
0x000000f958dff5c0:   000000f958dff5c0 000002d52b22f218
0x000000f958dff5d0:   000000f958dff638 000002d52b250468
0x000000f958dff5e0:   0000000000000000 000000061268a828
0x000000f958dff5f0:   000002d52b22f218 0000000000000000
0x000000f958dff600:   000000f958dff628 000000f958dff688
0x000000f958dff610:   000002d4a62e98d0 000000061268a828
0x000000f958dff620:   000002d4a62ec2e0 0000000612686eb8
0x000000f958dff630:   000002d4ccd13ce0 0000000000000000
0x000000f958dff640:   000000f958dff640 000002d52b22a6e5 

Instructions: (pc=0x00007ffaae0627f0)
0x00007ffaae0627d0:   34 29 00 00 83 c8 ff 48 83 c4 28 c3 cc cc cc cc
0x00007ffaae0627e0:   48 83 ec 28 48 8b 81 98 00 00 00 48 85 c0 74 08
0x00007ffaae0627f0:   0f b6 00 48 83 c4 28 c3 80 b9 b0 00 00 00 00 74
0x00007ffaae062800:   23 48 8b 0d b8 28 00 00 48 8d 15 41 30 00 00 e8 


Stack slot to memory mapping:
stack at sp + 0 slots: 0x0 is NULL
stack at sp + 1 slots: {method} {0x000002d52b22f220} 'cFileMappingTelloEduTelemetryClient_getVirtualTelloEduTelemetryMutexBlocAccess' '(JLcFileMappingTelloEduTelemetryClient;)Z' in 'JNIFileMappingTelloEduTelemetryClientJNI'
stack at sp + 2 slots: 0x000002d4d02a6000 is a thread
stack at sp + 3 slots: 0x000002d4cff407f0 is pointing into metadata
stack at sp + 4 slots: 0x000000f958dff5b8 is pointing into the stack for thread: 0x000002d4d02a6000
stack at sp + 5 slots: 0x000002d4a62ef377 is at code_begin+1047 in an Interpreter codelet
method entry point (kind = native)  [0x000002d4a62eef60, 0x000002d4a62efa00]  2720 bytes
stack at sp + 6 slots: 0x0 is NULL
stack at sp + 7 slots: 0x00000006023e71f8 is an oop: java.lang.Class 
{0x00000006023e71f8} - klass: 'java/lang/Class'


---------------  P R O C E S S  ---------------

Threads class SMR info:
_java_thread_list=0x000002d5293262f0, length=34, elements={
0x000002d4cb9ff800, 0x000002d4cba29000, 0x000002d4cba8e800, 0x000002d4cba91800,
0x000002d4cba94800, 0x000002d4cba46800, 0x000002d4cbac2000, 0x000002d4cbc06000,
0x000002d4cbc0f000, 0x000002d4cc425000, 0x000002d4cc0a7000, 0x000002d4cc343000,
0x000002d4cc2cc000, 0x000002d49de4c800, 0x000002d4cc87d800, 0x000002d4cc795000,
0x000002d4ccdc4800, 0x000002d4cc539000, 0x000002d4cc44f000, 0x000002d4ccfe8000,
0x000002d52984d000, 0x000002d52984a800, 0x000002d52984b800, 0x000002d52984e000,
0x000002d52984c800, 0x000002d529848800, 0x000002d529849000, 0x000002d52984a000,
0x000002d4d02a3800, 0x000002d4d02a0000, 0x000002d4d02a4000, 0x000002d4d02a5000,
0x000002d4d02a6000, 0x000002d4d02a6800
}

Java Threads: ( => current thread )
  0x000002d4cb9ff800 JavaThread "Reference Handler" daemon [_thread_blocked, id=11952, stack(0x000000f953900000,0x000000f953a00000)]
  0x000002d4cba29000 JavaThread "Finalizer" daemon [_thread_blocked, id=14248, stack(0x000000f953a00000,0x000000f953b00000)]
  0x000002d4cba8e800 JavaThread "Signal Dispatcher" daemon [_thread_blocked, id=6216, stack(0x000000f953b00000,0x000000f953c00000)]
  0x000002d4cba91800 JavaThread "Attach Listener" daemon [_thread_blocked, id=5288, stack(0x000000f953c00000,0x000000f953d00000)]
  0x000002d4cba94800 JavaThread "C2 CompilerThread0" daemon [_thread_blocked, id=7252, stack(0x000000f953d00000,0x000000f953e00000)]
  0x000002d4cba46800 JavaThread "C1 CompilerThread0" daemon [_thread_blocked, id=12592, stack(0x000000f953e00000,0x000000f953f00000)]
  0x000002d4cbac2000 JavaThread "Sweeper thread" daemon [_thread_blocked, id=13800, stack(0x000000f953f00000,0x000000f954000000)]
  0x000002d4cbc06000 JavaThread "Service Thread" daemon [_thread_blocked, id=13420, stack(0x000000f954000000,0x000000f954100000)]
  0x000002d4cbc0f000 JavaThread "Common-Cleaner" daemon [_thread_blocked, id=5500, stack(0x000000f954200000,0x000000f954300000)]
  0x000002d4cc425000 JavaThread "Java2D Disposer" daemon [_thread_blocked, id=13796, stack(0x000000f954400000,0x000000f954500000)]
  0x000002d4cc0a7000 JavaThread "AWT-Shutdown" [_thread_blocked, id=13864, stack(0x000000f954500000,0x000000f954600000)]
  0x000002d4cc343000 JavaThread "AWT-Windows" daemon [_thread_in_native, id=13592, stack(0x000000f954600000,0x000000f954700000)]
  0x000002d4cc2cc000 JavaThread "AWT-EventQueue-0" [_thread_blocked, id=2908, stack(0x000000f954700000,0x000000f954800000)]
  0x000002d49de4c800 JavaThread "DestroyJavaVM" [_thread_blocked, id=2732, stack(0x000000f953200000,0x000000f953300000)]
  0x000002d4cc87d800 JavaThread "TimerQueue" daemon [_thread_blocked, id=13544, stack(0x000000f954300000,0x000000f954400000)]
  0x000002d4cc795000 JavaThread "Thread-1" [_thread_blocked, id=5524, stack(0x000000f954900000,0x000000f954a00000)]
  0x000002d4ccdc4800 JavaThread "Thread-2" [_thread_blocked, id=12844, stack(0x000000f955500000,0x000000f955600000)]
  0x000002d4cc539000 JavaThread "JavaCPP Deallocator" daemon [_thread_blocked, id=12440, stack(0x000000f955300000,0x000000f955400000)]
  0x000002d4cc44f000 JavaThread "Thread-3" [_thread_in_native, id=3896, stack(0x000000f956500000,0x000000f956600000)]
  0x000002d4ccfe8000 JavaThread "Thread-4" [_thread_blocked, id=7552, stack(0x000000f956600000,0x000000f956700000)]
  0x000002d52984d000 JavaThread "Thread-5" [_thread_blocked, id=6440, stack(0x000000f956700000,0x000000f956800000)]
  0x000002d52984a800 JavaThread "Thread-6" [_thread_in_native, id=2664, stack(0x000000f956800000,0x000000f956900000)]
  0x000002d52984b800 JavaThread "Thread-7" [_thread_in_native, id=268, stack(0x000000f956900000,0x000000f956a00000)]
  0x000002d52984e000 JavaThread "Thread-8" [_thread_in_native, id=9776, stack(0x000000f955200000,0x000000f955300000)]
  0x000002d52984c800 JavaThread "Thread-9" [_thread_blocked, id=10728, stack(0x000000f955d00000,0x000000f955e00000)]
  0x000002d529848800 JavaThread "Thread-10" [_thread_blocked, id=13920, stack(0x000000f956b00000,0x000000f956c00000)]
  0x000002d529849000 JavaThread "Thread-11" [_thread_in_native, id=13992, stack(0x000000f956c00000,0x000000f956d00000)]
  0x000002d52984a000 JavaThread "Thread-12" [_thread_in_native, id=9556, stack(0x000000f956d00000,0x000000f956e00000)]
  0x000002d4d02a3800 JavaThread "Thread-13" [_thread_blocked, id=10052, stack(0x000000f956f00000,0x000000f957000000)]
  0x000002d4d02a0000 JavaThread "Thread-14" [_thread_in_Java, id=9444, stack(0x000000f957000000,0x000000f957100000)]
  0x000002d4d02a4000 JavaThread "Thread-15" [_thread_blocked, id=13996, stack(0x000000f957100000,0x000000f957200000)]
  0x000002d4d02a5000 JavaThread "Thread-16" [_thread_in_native, id=13324, stack(0x000000f957200000,0x000000f957300000)]
=>0x000002d4d02a6000 JavaThread "Thread-17" [_thread_in_native, id=13660, stack(0x000000f958d00000,0x000000f958e00000)]
  0x000002d4d02a6800 JavaThread "Thread-18" [_thread_blocked, id=10228, stack(0x000000f958e00000,0x000000f958f00000)]

Other Threads:
  0x000002d4cb9fe800 VMThread "VM Thread" [stack: 0x000000f953800000,0x000000f953900000] [id=14012]
  0x000002d4cbc0b000 WatcherThread [stack: 0x000000f954100000,0x000000f954200000] [id=10596]
  0x000002d49de62800 GCTaskThread "GC Thread#0" [stack: 0x000000f953300000,0x000000f953400000] [id=7376]
  0x000002d4cc7c6800 GCTaskThread "GC Thread#1" [stack: 0x000000f954a00000,0x000000f954b00000] [id=13924]
  0x000002d4cc7a6800 GCTaskThread "GC Thread#2" [stack: 0x000000f954b00000,0x000000f954c00000] [id=13404]
  0x000002d4cc7a7800 GCTaskThread "GC Thread#3" [stack: 0x000000f954c00000,0x000000f954d00000] [id=3840]
  0x000002d4cc7a8800 GCTaskThread "GC Thread#4" [stack: 0x000000f954d00000,0x000000f954e00000] [id=3412]
  0x000002d4cc7a9800 GCTaskThread "GC Thread#5" [stack: 0x000000f954e00000,0x000000f954f00000] [id=9648]
  0x000002d4cc7b4800 GCTaskThread "GC Thread#6" [stack: 0x000000f954f00000,0x000000f955000000] [id=13656]
  0x000002d4cc7b8800 GCTaskThread "GC Thread#7" [stack: 0x000000f955000000,0x000000f955100000] [id=5664]
  0x000002d49dee4800 ConcurrentGCThread "G1 Main Marker" [stack: 0x000000f953400000,0x000000f953500000] [id=13360]
  0x000002d49dee8000 ConcurrentGCThread "G1 Conc#0" [stack: 0x000000f953500000,0x000000f953600000] [id=10644]
  0x000002d4cc5eb000 ConcurrentGCThread "G1 Conc#1" [stack: 0x000000f955400000,0x000000f955500000] [id=11188]
  0x000002d4cb064000 ConcurrentGCThread "G1 Refine#0" [stack: 0x000000f953600000,0x000000f953700000] [id=13896]
  0x000002d4cb067000 ConcurrentGCThread "G1 Young RemSet Sampling" [stack: 0x000000f953700000,0x000000f953800000] [id=680]

Threads with active compile tasks:

VM state:not at safepoint (normal execution)

VM Mutex/Monitor currently owned by a thread: None

Heap address: 0x0000000601c00000, size: 8164 MB, Compressed Oops mode: Zero based, Oop shift amount: 3
Narrow klass base: 0x0000000800000000, Narrow klass shift: 0
Compressed class space size: 1073741824 Address: 0x0000000800000000

Heap:
 garbage-first heap   total 288768K, used 55985K [0x0000000601c00000, 0x0000000800000000)
  region size 2048K, 9 young (18432K), 1 survivors (2048K)
 Metaspace       used 31096K, capacity 31668K, committed 31872K, reserved 1077248K
  class space    used 2916K, capacity 3128K, committed 3200K, reserved 1048576K
Heap Regions: E=young(eden), S=young(survivor), O=old, HS=humongous(starts), HC=humongous(continues), CS=collection set, F=free, A=archive, TAMS=top-at-mark-start (previous, next)
|   0|0x0000000601c00000, 0x0000000601e00000, 0x0000000601e00000|100%|HS|  |TAMS 0x0000000601e00000, 0x0000000601c00000| Complete 
|   1|0x0000000601e00000, 0x0000000602000000, 0x0000000602000000|100%|HC|  |TAMS 0x0000000602000000, 0x0000000601e00000| Complete 
|   2|0x0000000602000000, 0x0000000602200000, 0x0000000602200000|100%| O|  |TAMS 0x0000000602200000, 0x0000000602000000| Untracked 
|   3|0x0000000602200000, 0x0000000602400000, 0x0000000602400000|100%| O|  |TAMS 0x0000000602400000, 0x0000000602200000| Untracked 
|   4|0x0000000602400000, 0x0000000602600000, 0x0000000602600000|100%|HS|  |TAMS 0x0000000602600000, 0x0000000602400000| Complete 
|   5|0x0000000602600000, 0x0000000602800000, 0x0000000602800000|100%|HS|  |TAMS 0x0000000602800000, 0x0000000602600000| Complete 
|   6|0x0000000602800000, 0x0000000602a00000, 0x0000000602a00000|100%|HS|  |TAMS 0x0000000602a00000, 0x0000000602800000| Complete 
|   7|0x0000000602a00000, 0x0000000602c00000, 0x0000000602c00000|100%|HS|  |TAMS 0x0000000602c00000, 0x0000000602a00000| Complete 
|   8|0x0000000602c00000, 0x0000000602c64a00, 0x0000000602e00000| 19%| O|  |TAMS 0x0000000602c64a00, 0x0000000602c00000| Untracked 
|   9|0x0000000602e00000, 0x0000000603000000, 0x0000000603000000|100%|HS|  |TAMS 0x0000000603000000, 0x0000000602e00000| Complete 
|  10|0x0000000603000000, 0x0000000603200000, 0x0000000603200000|100%|HS|  |TAMS 0x0000000603200000, 0x0000000603000000| Complete 
|  11|0x0000000603200000, 0x0000000603400000, 0x0000000603400000|100%|HS|  |TAMS 0x0000000603400000, 0x0000000603200000| Complete 
|  12|0x0000000603400000, 0x0000000603600000, 0x0000000603600000|100%|HS|  |TAMS 0x0000000603600000, 0x0000000603400000| Complete 
|  13|0x0000000603600000, 0x0000000603800000, 0x0000000603800000|100%|HS|  |TAMS 0x0000000603800000, 0x0000000603600000| Complete 
|  14|0x0000000603800000, 0x0000000603a00000, 0x0000000603a00000|100%| O|  |TAMS 0x0000000603a00000, 0x0000000603800000| Untracked 
|  15|0x0000000603a00000, 0x0000000603c00000, 0x0000000603c00000|100%|HS|  |TAMS 0x0000000603c00000, 0x0000000603a00000| Complete 
|  16|0x0000000603c00000, 0x0000000603e00000, 0x0000000603e00000|100%| O|  |TAMS 0x0000000603e00000, 0x0000000603c00000| Untracked 
|  17|0x0000000603e00000, 0x0000000604000000, 0x0000000604000000|100%|HS|  |TAMS 0x0000000604000000, 0x0000000603e00000| Complete 
|  18|0x0000000604000000, 0x0000000604200000, 0x0000000604200000|100%|HS|  |TAMS 0x0000000604200000, 0x0000000604000000| Complete 
|  19|0x0000000604200000, 0x0000000604400000, 0x0000000604400000|100%|HS|  |TAMS 0x0000000604400000, 0x0000000604200000| Complete 
|  20|0x0000000604400000, 0x0000000604600000, 0x0000000604600000|100%|HS|  |TAMS 0x0000000604400000, 0x0000000604400000| Complete 
|  21|0x0000000604600000, 0x0000000604600000, 0x0000000604800000|  0%| F|  |TAMS 0x0000000604600000, 0x0000000604600000| Untracked 
|  22|0x0000000604800000, 0x0000000604800000, 0x0000000604a00000|  0%| F|  |TAMS 0x0000000604800000, 0x0000000604800000| Untracked 
|  23|0x0000000604a00000, 0x0000000604a00000, 0x0000000604c00000|  0%| F|  |TAMS 0x0000000604a00000, 0x0000000604a00000| Untracked 
|  24|0x0000000604c00000, 0x0000000604c00000, 0x0000000604e00000|  0%| F|  |TAMS 0x0000000604c00000, 0x0000000604c00000| Untracked 
|  25|0x0000000604e00000, 0x0000000604e00000, 0x0000000605000000|  0%| F|  |TAMS 0x0000000604e00000, 0x0000000604e00000| Untracked 
|  26|0x0000000605000000, 0x0000000605000000, 0x0000000605200000|  0%| F|  |TAMS 0x0000000605000000, 0x0000000605000000| Untracked 
|  27|0x0000000605200000, 0x0000000605200000, 0x0000000605400000|  0%| F|  |TAMS 0x0000000605200000, 0x0000000605200000| Untracked 
|  28|0x0000000605400000, 0x0000000605400000, 0x0000000605600000|  0%| F|  |TAMS 0x0000000605400000, 0x0000000605400000| Untracked 
|  29|0x0000000605600000, 0x0000000605600000, 0x0000000605800000|  0%| F|  |TAMS 0x0000000605600000, 0x0000000605600000| Untracked 
|  30|0x0000000605800000, 0x0000000605800000, 0x0000000605a00000|  0%| F|  |TAMS 0x0000000605800000, 0x0000000605800000| Untracked 
|  31|0x0000000605a00000, 0x0000000605a00000, 0x0000000605c00000|  0%| F|  |TAMS 0x0000000605a00000, 0x0000000605a00000| Untracked 
|  32|0x0000000605c00000, 0x0000000605c00000, 0x0000000605e00000|  0%| F|  |TAMS 0x0000000605c00000, 0x0000000605c00000| Untracked 
|  33|0x0000000605e00000, 0x0000000605e00000, 0x0000000606000000|  0%| F|  |TAMS 0x0000000605e00000, 0x0000000605e00000| Untracked 
|  34|0x0000000606000000, 0x00000006060c40d8, 0x0000000606200000| 38%| O|  |TAMS 0x00000006060c40d8, 0x0000000606000000| Untracked 
|  35|0x0000000606200000, 0x0000000606200000, 0x0000000606400000|  0%| F|  |TAMS 0x0000000606200000, 0x0000000606200000| Untracked 
|  36|0x0000000606400000, 0x0000000606400000, 0x0000000606600000|  0%| F|  |TAMS 0x0000000606400000, 0x0000000606400000| Untracked 
|  37|0x0000000606600000, 0x0000000606600000, 0x0000000606800000|  0%| F|  |TAMS 0x0000000606600000, 0x0000000606600000| Untracked 
|  38|0x0000000606800000, 0x0000000606800000, 0x0000000606a00000|  0%| F|  |TAMS 0x0000000606800000, 0x0000000606800000| Untracked 
|  39|0x0000000606a00000, 0x0000000606a00000, 0x0000000606c00000|  0%| F|  |TAMS 0x0000000606a00000, 0x0000000606a00000| Untracked 
|  40|0x0000000606c00000, 0x0000000606c00000, 0x0000000606e00000|  0%| F|  |TAMS 0x0000000606c00000, 0x0000000606c00000| Untracked 
|  41|0x0000000606e00000, 0x0000000606e00000, 0x0000000607000000|  0%| F|  |TAMS 0x0000000606e00000, 0x0000000606e00000| Untracked 
|  42|0x0000000607000000, 0x0000000607000000, 0x0000000607200000|  0%| F|  |TAMS 0x0000000607000000, 0x0000000607000000| Untracked 
|  43|0x0000000607200000, 0x0000000607200000, 0x0000000607400000|  0%| F|  |TAMS 0x0000000607200000, 0x0000000607200000| Untracked 
|  44|0x0000000607400000, 0x0000000607400000, 0x0000000607600000|  0%| F|  |TAMS 0x0000000607400000, 0x0000000607400000| Untracked 
|  45|0x0000000607600000, 0x0000000607600000, 0x0000000607800000|  0%| F|  |TAMS 0x0000000607600000, 0x0000000607600000| Untracked 
|  46|0x0000000607800000, 0x0000000607800000, 0x0000000607a00000|  0%| F|  |TAMS 0x0000000607800000, 0x0000000607800000| Untracked 
|  47|0x0000000607a00000, 0x0000000607a00000, 0x0000000607c00000|  0%| F|  |TAMS 0x0000000607a00000, 0x0000000607a00000| Untracked 
|  48|0x0000000607c00000, 0x0000000607c00000, 0x0000000607e00000|  0%| F|  |TAMS 0x0000000607c00000, 0x0000000607c00000| Untracked 
|  49|0x0000000607e00000, 0x0000000607e00000, 0x0000000608000000|  0%| F|  |TAMS 0x0000000607e00000, 0x0000000607e00000| Untracked 
|  50|0x0000000608000000, 0x0000000608000000, 0x0000000608200000|  0%| F|  |TAMS 0x0000000608000000, 0x0000000608000000| Untracked 
|  51|0x0000000608200000, 0x0000000608200000, 0x0000000608400000|  0%| F|  |TAMS 0x0000000608200000, 0x0000000608200000| Untracked 
|  52|0x0000000608400000, 0x0000000608400000, 0x0000000608600000|  0%| F|  |TAMS 0x0000000608400000, 0x0000000608400000| Untracked 
|  53|0x0000000608600000, 0x0000000608600000, 0x0000000608800000|  0%| F|  |TAMS 0x0000000608600000, 0x0000000608600000| Untracked 
|  54|0x0000000608800000, 0x0000000608800000, 0x0000000608a00000|  0%| F|  |TAMS 0x0000000608800000, 0x0000000608800000| Untracked 
|  55|0x0000000608a00000, 0x0000000608a00000, 0x0000000608c00000|  0%| F|  |TAMS 0x0000000608a00000, 0x0000000608a00000| Untracked 
|  56|0x0000000608c00000, 0x0000000608c00000, 0x0000000608e00000|  0%| F|  |TAMS 0x0000000608c00000, 0x0000000608c00000| Untracked 
|  57|0x0000000608e00000, 0x0000000608e00000, 0x0000000609000000|  0%| F|  |TAMS 0x0000000608e00000, 0x0000000608e00000| Untracked 
|  58|0x0000000609000000, 0x0000000609000000, 0x0000000609200000|  0%| F|  |TAMS 0x0000000609000000, 0x0000000609000000| Untracked 
|  59|0x0000000609200000, 0x0000000609200000, 0x0000000609400000|  0%| F|  |TAMS 0x0000000609200000, 0x0000000609200000| Untracked 
|  60|0x0000000609400000, 0x0000000609400000, 0x0000000609600000|  0%| F|  |TAMS 0x0000000609400000, 0x0000000609400000| Untracked 
|  61|0x0000000609600000, 0x0000000609600000, 0x0000000609800000|  0%| F|  |TAMS 0x0000000609600000, 0x0000000609600000| Untracked 
|  62|0x0000000609800000, 0x0000000609800000, 0x0000000609a00000|  0%| F|  |TAMS 0x0000000609800000, 0x0000000609800000| Untracked 
|  63|0x0000000609a00000, 0x0000000609a00000, 0x0000000609c00000|  0%| F|  |TAMS 0x0000000609a00000, 0x0000000609a00000| Untracked 
|  64|0x0000000609c00000, 0x0000000609c00000, 0x0000000609e00000|  0%| F|  |TAMS 0x0000000609c00000, 0x0000000609c00000| Untracked 
|  65|0x0000000609e00000, 0x0000000609e00000, 0x000000060a000000|  0%| F|  |TAMS 0x0000000609e00000, 0x0000000609e00000| Untracked 
|  66|0x000000060a000000, 0x000000060a000000, 0x000000060a200000|  0%| F|  |TAMS 0x000000060a000000, 0x000000060a000000| Untracked 
|  67|0x000000060a200000, 0x000000060a200000, 0x000000060a400000|  0%| F|  |TAMS 0x000000060a200000, 0x000000060a200000| Untracked 
|  68|0x000000060a400000, 0x000000060a400000, 0x000000060a600000|  0%| F|  |TAMS 0x000000060a400000, 0x000000060a400000| Untracked 
|  69|0x000000060a600000, 0x000000060a600000, 0x000000060a800000|  0%| F|  |TAMS 0x000000060a600000, 0x000000060a600000| Untracked 
|  70|0x000000060a800000, 0x000000060a800000, 0x000000060aa00000|  0%| F|  |TAMS 0x000000060a800000, 0x000000060a800000| Untracked 
|  71|0x000000060aa00000, 0x000000060aa00000, 0x000000060ac00000|  0%| F|  |TAMS 0x000000060aa00000, 0x000000060aa00000| Untracked 
|  72|0x000000060ac00000, 0x000000060ac00000, 0x000000060ae00000|  0%| F|  |TAMS 0x000000060ac00000, 0x000000060ac00000| Untracked 
|  73|0x000000060ae00000, 0x000000060ae00000, 0x000000060b000000|  0%| F|  |TAMS 0x000000060ae00000, 0x000000060ae00000| Untracked 
|  74|0x000000060b000000, 0x000000060b000000, 0x000000060b200000|  0%| F|  |TAMS 0x000000060b000000, 0x000000060b000000| Untracked 
|  75|0x000000060b200000, 0x000000060b200000, 0x000000060b400000|  0%| F|  |TAMS 0x000000060b200000, 0x000000060b200000| Untracked 
|  76|0x000000060b400000, 0x000000060b400000, 0x000000060b600000|  0%| F|  |TAMS 0x000000060b400000, 0x000000060b400000| Untracked 
|  77|0x000000060b600000, 0x000000060b600000, 0x000000060b800000|  0%| F|  |TAMS 0x000000060b600000, 0x000000060b600000| Untracked 
|  78|0x000000060b800000, 0x000000060b800000, 0x000000060ba00000|  0%| F|  |TAMS 0x000000060b800000, 0x000000060b800000| Untracked 
|  79|0x000000060ba00000, 0x000000060ba00000, 0x000000060bc00000|  0%| F|  |TAMS 0x000000060ba00000, 0x000000060ba00000| Untracked 
|  80|0x000000060bc00000, 0x000000060bc00000, 0x000000060be00000|  0%| F|  |TAMS 0x000000060bc00000, 0x000000060bc00000| Untracked 
|  81|0x000000060be00000, 0x000000060be00000, 0x000000060c000000|  0%| F|  |TAMS 0x000000060be00000, 0x000000060be00000| Untracked 
|  82|0x000000060c000000, 0x000000060c000000, 0x000000060c200000|  0%| F|  |TAMS 0x000000060c000000, 0x000000060c000000| Untracked 
|  83|0x000000060c200000, 0x000000060c200000, 0x000000060c400000|  0%| F|  |TAMS 0x000000060c200000, 0x000000060c200000| Untracked 
|  84|0x000000060c400000, 0x000000060c400000, 0x000000060c600000|  0%| F|  |TAMS 0x000000060c400000, 0x000000060c400000| Untracked 
|  85|0x000000060c600000, 0x000000060c600000, 0x000000060c800000|  0%| F|  |TAMS 0x000000060c600000, 0x000000060c600000| Untracked 
|  86|0x000000060c800000, 0x000000060c800000, 0x000000060ca00000|  0%| F|  |TAMS 0x000000060c800000, 0x000000060c800000| Untracked 
|  87|0x000000060ca00000, 0x000000060ca00000, 0x000000060cc00000|  0%| F|  |TAMS 0x000000060ca00000, 0x000000060ca00000| Untracked 
|  88|0x000000060cc00000, 0x000000060cc00000, 0x000000060ce00000|  0%| F|  |TAMS 0x000000060cc00000, 0x000000060cc00000| Untracked 
|  89|0x000000060ce00000, 0x000000060ce00000, 0x000000060d000000|  0%| F|  |TAMS 0x000000060ce00000, 0x000000060ce00000| Untracked 
|  90|0x000000060d000000, 0x000000060d000000, 0x000000060d200000|  0%| F|  |TAMS 0x000000060d000000, 0x000000060d000000| Untracked 
|  91|0x000000060d200000, 0x000000060d200000, 0x000000060d400000|  0%| F|  |TAMS 0x000000060d200000, 0x000000060d200000| Untracked 
|  92|0x000000060d400000, 0x000000060d400000, 0x000000060d600000|  0%| F|  |TAMS 0x000000060d400000, 0x000000060d400000| Untracked 
|  93|0x000000060d600000, 0x000000060d600000, 0x000000060d800000|  0%| F|  |TAMS 0x000000060d600000, 0x000000060d600000| Untracked 
|  94|0x000000060d800000, 0x000000060d800000, 0x000000060da00000|  0%| F|  |TAMS 0x000000060d800000, 0x000000060d800000| Untracked 
|  95|0x000000060da00000, 0x000000060da00000, 0x000000060dc00000|  0%| F|  |TAMS 0x000000060da00000, 0x000000060da00000| Untracked 
|  96|0x000000060dc00000, 0x000000060dc00000, 0x000000060de00000|  0%| F|  |TAMS 0x000000060dc00000, 0x000000060dc00000| Untracked 
|  97|0x000000060de00000, 0x000000060de00000, 0x000000060e000000|  0%| F|  |TAMS 0x000000060de00000, 0x000000060de00000| Untracked 
|  98|0x000000060e000000, 0x000000060e000000, 0x000000060e200000|  0%| F|  |TAMS 0x000000060e000000, 0x000000060e000000| Untracked 
|  99|0x000000060e200000, 0x000000060e200000, 0x000000060e400000|  0%| F|  |TAMS 0x000000060e200000, 0x000000060e200000| Untracked 
| 100|0x000000060e400000, 0x000000060e400000, 0x000000060e600000|  0%| F|  |TAMS 0x000000060e400000, 0x000000060e400000| Untracked 
| 101|0x000000060e600000, 0x000000060e600000, 0x000000060e800000|  0%| F|  |TAMS 0x000000060e600000, 0x000000060e600000| Untracked 
| 102|0x000000060e800000, 0x000000060e800000, 0x000000060ea00000|  0%| F|  |TAMS 0x000000060e800000, 0x000000060e800000| Untracked 
| 103|0x000000060ea00000, 0x000000060ea00000, 0x000000060ec00000|  0%| F|  |TAMS 0x000000060ea00000, 0x000000060ea00000| Untracked 
| 104|0x000000060ec00000, 0x000000060ec00000, 0x000000060ee00000|  0%| F|  |TAMS 0x000000060ec00000, 0x000000060ec00000| Untracked 
| 105|0x000000060ee00000, 0x000000060ee00000, 0x000000060f000000|  0%| F|  |TAMS 0x000000060ee00000, 0x000000060ee00000| Untracked 
| 106|0x000000060f000000, 0x000000060f000000, 0x000000060f200000|  0%| F|  |TAMS 0x000000060f000000, 0x000000060f000000| Untracked 
| 107|0x000000060f200000, 0x000000060f200000, 0x000000060f400000|  0%| F|  |TAMS 0x000000060f200000, 0x000000060f200000| Untracked 
| 108|0x000000060f400000, 0x000000060f400000, 0x000000060f600000|  0%| F|  |TAMS 0x000000060f400000, 0x000000060f400000| Untracked 
| 109|0x000000060f600000, 0x000000060f600000, 0x000000060f800000|  0%| F|  |TAMS 0x000000060f600000, 0x000000060f600000| Untracked 
| 110|0x000000060f800000, 0x000000060f800000, 0x000000060fa00000|  0%| F|  |TAMS 0x000000060f800000, 0x000000060f800000| Untracked 
| 111|0x000000060fa00000, 0x000000060fa00000, 0x000000060fc00000|  0%| F|  |TAMS 0x000000060fa00000, 0x000000060fa00000| Untracked 
| 112|0x000000060fc00000, 0x000000060fc00000, 0x000000060fe00000|  0%| F|  |TAMS 0x000000060fc00000, 0x000000060fc00000| Untracked 
| 113|0x000000060fe00000, 0x000000060fe00000, 0x0000000610000000|  0%| F|  |TAMS 0x000000060fe00000, 0x000000060fe00000| Untracked 
| 114|0x0000000610000000, 0x0000000610000000, 0x0000000610200000|  0%| F|  |TAMS 0x0000000610000000, 0x0000000610000000| Untracked 
| 115|0x0000000610200000, 0x0000000610200000, 0x0000000610400000|  0%| F|  |TAMS 0x0000000610200000, 0x0000000610200000| Untracked 
| 116|0x0000000610400000, 0x0000000610400000, 0x0000000610600000|  0%| F|  |TAMS 0x0000000610400000, 0x0000000610400000| Untracked 
| 117|0x0000000610600000, 0x0000000610600000, 0x0000000610800000|  0%| F|  |TAMS 0x0000000610600000, 0x0000000610600000| Untracked 
| 118|0x0000000610800000, 0x0000000610800000, 0x0000000610a00000|  0%| F|  |TAMS 0x0000000610800000, 0x0000000610800000| Untracked 
| 119|0x0000000610a00000, 0x0000000610a00000, 0x0000000610c00000|  0%| F|  |TAMS 0x0000000610a00000, 0x0000000610a00000| Untracked 
| 120|0x0000000610c00000, 0x0000000610c00000, 0x0000000610e00000|  0%| F|  |TAMS 0x0000000610c00000, 0x0000000610c00000| Untracked 
| 121|0x0000000610e00000, 0x0000000610e00000, 0x0000000611000000|  0%| F|  |TAMS 0x0000000610e00000, 0x0000000610e00000| Untracked 
| 122|0x0000000611000000, 0x0000000611000000, 0x0000000611200000|  0%| F|  |TAMS 0x0000000611000000, 0x0000000611000000| Untracked 
| 123|0x0000000611200000, 0x0000000611200000, 0x0000000611400000|  0%| F|  |TAMS 0x0000000611200000, 0x0000000611200000| Untracked 
| 124|0x0000000611400000, 0x0000000611400000, 0x0000000611600000|  0%| F|  |TAMS 0x0000000611400000, 0x0000000611400000| Untracked 
| 125|0x0000000611600000, 0x0000000611600000, 0x0000000611800000|  0%| F|  |TAMS 0x0000000611600000, 0x0000000611600000| Untracked 
| 126|0x0000000611800000, 0x0000000611800000, 0x0000000611a00000|  0%| F|  |TAMS 0x0000000611800000, 0x0000000611800000| Untracked 
| 127|0x0000000611a00000, 0x0000000611a00000, 0x0000000611c00000|  0%| F|  |TAMS 0x0000000611a00000, 0x0000000611a00000| Untracked 
| 128|0x0000000611c00000, 0x0000000611c00000, 0x0000000611e00000|  0%| F|  |TAMS 0x0000000611c00000, 0x0000000611c00000| Untracked 
| 129|0x0000000611e00000, 0x0000000611e00000, 0x0000000612000000|  0%| F|  |TAMS 0x0000000611e00000, 0x0000000611e00000| Untracked 
| 130|0x0000000612000000, 0x0000000612000000, 0x0000000612200000|  0%| F|  |TAMS 0x0000000612000000, 0x0000000612000000| Untracked 
| 131|0x0000000612200000, 0x0000000612200000, 0x0000000612400000|  0%| F|  |TAMS 0x0000000612200000, 0x0000000612200000| Untracked 
| 132|0x0000000612400000, 0x0000000612583a10, 0x0000000612600000| 75%| S|CS|TAMS 0x0000000612400000, 0x0000000612400000| Complete 
| 133|0x0000000612600000, 0x000000061271d0c0, 0x0000000612800000| 55%| E|  |TAMS 0x0000000612600000, 0x0000000612600000| Complete 
| 134|0x0000000612800000, 0x0000000612a00000, 0x0000000612a00000|100%| E|  |TAMS 0x0000000612800000, 0x0000000612800000| Complete 
| 135|0x0000000612a00000, 0x0000000612c00000, 0x0000000612c00000|100%| E|CS|TAMS 0x0000000612a00000, 0x0000000612a00000| Complete 
| 136|0x0000000612c00000, 0x0000000612e00000, 0x0000000612e00000|100%| E|CS|TAMS 0x0000000612c00000, 0x0000000612c00000| Complete 
| 137|0x0000000612e00000, 0x0000000613000000, 0x0000000613000000|100%| E|CS|TAMS 0x0000000612e00000, 0x0000000612e00000| Complete 
| 138|0x0000000613000000, 0x0000000613200000, 0x0000000613200000|100%| E|CS|TAMS 0x0000000613000000, 0x0000000613000000| Complete 
| 139|0x0000000613200000, 0x0000000613400000, 0x0000000613400000|100%| E|CS|TAMS 0x0000000613200000, 0x0000000613200000| Complete 
| 140|0x0000000613400000, 0x0000000613600000, 0x0000000613600000|100%| E|CS|TAMS 0x0000000613400000, 0x0000000613400000| Complete 

Card table byte_map: [0x000002d4b6610000,0x000002d4b7610000] _byte_map_base: 0x000002d4b3602000

Marking Bits (Prev, Next): (CMBitMap*) 0x000002d49ded3cc0, (CMBitMap*) 0x000002d49ded3c88
 Prev Bits: [0x000002d4c05a0000, 0x000002d4c8530000)
 Next Bits: [0x000002d4b8610000, 0x000002d4c05a0000)

Polling page: 0x000002d49bd50000

Metaspace:

Usage:
  Non-class:     27.87 MB capacity,    27.52 MB ( 99%) used,   295.95 KB (  1%) free+waste,    64.19 KB ( <1%) overhead. 
      Class:      3.05 MB capacity,     2.85 MB ( 93%) used,   182.12 KB (  6%) free+waste,    29.50 KB ( <1%) overhead. 
       Both:     30.93 MB capacity,    30.37 MB ( 98%) used,   478.06 KB (  2%) free+waste,    93.69 KB ( <1%) overhead. 

Virtual space:
  Non-class space:       28.00 MB reserved,      28.00 MB (100%) committed 
      Class space:        1.00 GB reserved,       3.13 MB ( <1%) committed 
             Both:        1.03 GB reserved,      31.13 MB (  3%) committed 

Chunk freelists:
   Non-Class:  8.50 KB
       Class:  1.00 KB
        Both:  9.50 KB

CodeHeap 'non-profiled nmethods': size=120000Kb used=1994Kb max_used=1994Kb free=118006Kb
 bounds [0x000002d4addb0000, 0x000002d4ae020000, 0x000002d4b52e0000]
CodeHeap 'profiled nmethods': size=120000Kb used=7567Kb max_used=7567Kb free=112432Kb
 bounds [0x000002d4a6880000, 0x000002d4a6ff0000, 0x000002d4addb0000]
CodeHeap 'non-nmethods': size=5760Kb used=1762Kb max_used=1781Kb free=3997Kb
 bounds [0x000002d4a62e0000, 0x000002d4a6550000, 0x000002d4a6880000]
 total_blobs=4582 nmethods=3274 adapters=1218
 compilation: enabled
              stopped_count=0, restarted_count=0
 full_count=0

Compilation events (10 events):
Event: 62.123 Thread 0x000002d4cba46800 3271       3       sun.java2d.pipe.DrawImage::copyImage (105 bytes)
Event: 62.123 Thread 0x000002d4cba46800 nmethod 3271 0x000002d4a6fe1210 code [0x000002d4a6fe1420, 0x000002d4a6fe1b38]
Event: 62.157 Thread 0x000002d4cba46800 3272       3       java.util.IdentityHashMap::put (137 bytes)
Event: 62.158 Thread 0x000002d4cba46800 nmethod 3272 0x000002d4a6fe1e10 code [0x000002d4a6fe2040, 0x000002d4a6fe2b58]
Event: 62.167 Thread 0x000002d4cba46800 3273       3       java.io.BufferedWriter::ensureOpen (18 bytes)
Event: 62.168 Thread 0x000002d4cba46800 nmethod 3273 0x000002d4a6fe2e90 code [0x000002d4a6fe3040, 0x000002d4a6fe3248]
Event: 62.168 Thread 0x000002d4cba46800 3274       3       java.io.PrintStream::ensureOpen (18 bytes)
Event: 62.168 Thread 0x000002d4cba46800 nmethod 3274 0x000002d4a6fe3310 code [0x000002d4a6fe34c0, 0x000002d4a6fe36c8]
Event: 62.170 Thread 0x000002d4cba46800 3275  s    3       java.io.ExpiringCache::get (39 bytes)
Event: 62.171 Thread 0x000002d4cba46800 nmethod 3275 0x000002d4a6fe3790 code [0x000002d4a6fe3960, 0x000002d4a6fe3d78]

GC Heap History (10 events):
Event: 50.595 GC heap before
{Heap before GC invocations=31 (full 1):
 garbage-first heap   total 288768K, used 182588K [0x0000000601c00000, 0x0000000800000000)
  region size 2048K, 70 young (143360K), 1 survivors (2048K)
 Metaspace       used 25937K, capacity 26485K, committed 26752K, reserved 1073152K
  class space    used 2353K, capacity 2575K, committed 2688K, reserved 1048576K
}
Event: 50.596 GC heap after
{Heap after GC invocations=32 (full 1):
 garbage-first heap   total 288768K, used 34195K [0x0000000601c00000, 0x0000000800000000)
  region size 2048K, 1 young (2048K), 1 survivors (2048K)
 Metaspace       used 25937K, capacity 26485K, committed 26752K, reserved 1073152K
  class space    used 2353K, capacity 2575K, committed 2688K, reserved 1048576K
}
Event: 56.357 GC heap before
{Heap before GC invocations=32 (full 1):
 garbage-first heap   total 288768K, used 165267K [0x0000000601c00000, 0x0000000800000000)
  region size 2048K, 66 young (135168K), 1 survivors (2048K)
 Metaspace       used 29961K, capacity 30548K, committed 30848K, reserved 1077248K
  class space    used 2866K, capacity 3096K, committed 3200K, reserved 1048576K
}
Event: 56.359 GC heap after
{Heap after GC invocations=33 (full 1):
 garbage-first heap   total 288768K, used 34885K [0x0000000601c00000, 0x0000000800000000)
  region size 2048K, 1 young (2048K), 1 survivors (2048K)
 Metaspace       used 29961K, capacity 30548K, committed 30848K, reserved 1077248K
  class space    used 2866K, capacity 3096K, committed 3200K, reserved 1048576K
}
Event: 57.032 GC heap before
{Heap before GC invocations=34 (full 1):
 garbage-first heap   total 288768K, used 47173K [0x0000000601c00000, 0x0000000800000000)
  region size 2048K, 7 young (14336K), 1 survivors (2048K)
 Metaspace       used 30542K, capacity 31092K, committed 31360K, reserved 1077248K
  class space    used 2900K, capacity 3128K, committed 3200K, reserved 1048576K
}
Event: 57.034 GC heap after
{Heap after GC invocations=35 (full 1):
 garbage-first heap   total 288768K, used 36994K [0x0000000601c00000, 0x0000000800000000)
  region size 2048K, 1 young (2048K), 1 survivors (2048K)
 Metaspace       used 30542K, capacity 31092K, committed 31360K, reserved 1077248K
  class space    used 2900K, capacity 3128K, committed 3200K, reserved 1048576K
}
Event: 60.854 GC heap before
{Heap before GC invocations=36 (full 1):
 garbage-first heap   total 288768K, used 43138K [0x0000000601c00000, 0x0000000800000000)
  region size 2048K, 4 young (8192K), 1 survivors (2048K)
 Metaspace       used 30604K, capacity 31156K, committed 31360K, reserved 1077248K
  class space    used 2900K, capacity 3128K, committed 3200K, reserved 1048576K
}
Event: 60.855 GC heap after
{Heap after GC invocations=37 (full 1):
 garbage-first heap   total 288768K, used 39126K [0x0000000601c00000, 0x0000000800000000)
  region size 2048K, 1 young (2048K), 1 survivors (2048K)
 Metaspace       used 30604K, capacity 31156K, committed 31360K, reserved 1077248K
  class space    used 2900K, capacity 3128K, committed 3200K, reserved 1048576K
}
Event: 61.486 GC heap before
{Heap before GC invocations=38 (full 1):
 garbage-first heap   total 288768K, used 51414K [0x0000000601c00000, 0x0000000800000000)
  region size 2048K, 8 young (16384K), 1 survivors (2048K)
 Metaspace       used 30886K, capacity 31476K, committed 31616K, reserved 1077248K
  class space    used 2907K, capacity 3128K, committed 3200K, reserved 1048576K
}
Event: 61.488 GC heap after
{Heap after GC invocations=39 (full 1):
 garbage-first heap   total 288768K, used 41649K [0x0000000601c00000, 0x0000000800000000)
  region size 2048K, 1 young (2048K), 1 survivors (2048K)
 Metaspace       used 30886K, capacity 31476K, committed 31616K, reserved 1077248K
  class space    used 2907K, capacity 3128K, committed 3200K, reserved 1048576K
}

Deoptimization events (10 events):
Event: 50.748 Thread 0x000002d4cc44f000 Uncommon trap: reason=unstable_if action=reinterpret pc=0x000002d4ade862a8 method=java.lang.Integer.getChars(II[B)I @ 4 c2
Event: 50.987 Thread 0x000002d52984b800 Uncommon trap: reason=unstable_if action=reinterpret pc=0x000002d4adec0f40 method=jdk.internal.jimage.ImageLocation.verify(Ljava/lang/String;Ljava/lang/String;[JLjdk/internal/jimage/ImageStrings;)Z @ 18 c2
Event: 51.003 Thread 0x000002d52984b800 Uncommon trap: reason=unstable_if action=reinterpret pc=0x000002d4adecb0a0 method=jdk.internal.jimage.ImageLocation.verify(Ljava/lang/String;Ljava/lang/String;[JLjdk/internal/jimage/ImageStrings;)Z @ 18 c2
Event: 51.740 Thread 0x000002d4cc44f000 Uncommon trap: reason=unstable_if action=reinterpret pc=0x000002d4ade0f494 method=java.nio.Buffer.position(I)Ljava/nio/Buffer; @ 5 c2
Event: 52.834 Thread 0x000002d52984e000 Uncommon trap: reason=unstable_if action=reinterpret pc=0x000002d4ade0e214 method=java.nio.Buffer.position(I)Ljava/nio/Buffer; @ 5 c2
Event: 53.288 Thread 0x000002d52984f000 Uncommon trap: reason=class_check action=maybe_recompile pc=0x000002d4ade50e3c method=sun.awt.image.ImageWatched$WeakLink.newInfo(Ljava/awt/Image;IIIII)Z @ 25 c2
Event: 53.288 Thread 0x000002d52984f000 Uncommon trap: reason=class_check action=maybe_recompile pc=0x000002d4ade53730 method=sun.awt.image.ImageWatched$WeakLink.lambda$update$0(Ljava/awt/image/ImageObserver;Ljava/awt/Image;IIIII)Ljava/lang/Boolean; @ 10 c2
Event: 56.221 Thread 0x000002d52984b800 Uncommon trap: reason=range_check action=make_not_entrant pc=0x000002d4adf450a0 method=org.bytedeco.javacpp.Loader.loadLibrary(Ljava/lang/Class;[Ljava/net/URL;Ljava/lang/String;[Ljava/lang/String;)Ljava/lang/String; @ 86 c2
Event: 56.393 Thread 0x000002d52984b800 Uncommon trap: reason=unstable_if action=reinterpret pc=0x000002d4adf66490 method=org.bytedeco.javacv.Java2DFrameConverter.flipCopyWithGamma(Ljava/nio/ByteBuffer;IILjava/nio/ByteBuffer;IIZDZI)V @ 46 c2
Event: 61.000 Thread 0x000002d4d02a0000 Uncommon trap: reason=unstable_if action=reinterpret pc=0x000002d4adf96460 method=ThreadEcritureFMPVideo.run()V @ 189 c2

Classes redefined (0 events):
No events

Internal exceptions (10 events):
Event: 5.734 Thread 0x000002d4cc795000 Exception <a 'java/lang/NoSuchMethodError'{0x00000006053bd8c0}: java.lang.invoke.DirectMethodHandle$Holder.invokeStatic(Ljava/lang/Object;J)V> (0x00000006053bd8c0) thrown at [./open/src/hotspot/share/interpreter/linkResolver.cpp, line 772]
Event: 5.735 Thread 0x000002d4cc795000 Exception <a 'java/lang/NoSuchMethodError'{0x00000006053c2f58}: java.lang.invoke.DirectMethodHandle$Holder.invokeStatic(Ljava/lang/Object;J)Ljava/lang/Object;> (0x00000006053c2f58) thrown at [./open/src/hotspot/share/interpreter/linkResolver.cpp, line 772
Event: 5.737 Thread 0x000002d4cc795000 Exception <a 'java/lang/NoSuchMethodError'{0x00000006053dce48}: java.lang.invoke.DirectMethodHandle$Holder.invokeStaticInit(Ljava/lang/Object;Ljava/lang/Object;JLjava/lang/Object;)Ljava/lang/Object;> (0x00000006053dce48) thrown at [./open/src/hotspot/shar
Event: 5.737 Thread 0x000002d4cc795000 Exception <a 'java/lang/NoSuchMethodError'{0x00000006053e3150}: java.lang.invoke.DirectMethodHandle$Holder.invokeStatic(Ljava/lang/Object;Ljava/lang/Object;J)Ljava/lang/Object;> (0x00000006053e3150) thrown at [./open/src/hotspot/share/interpreter/linkReso
Event: 5.737 Thread 0x000002d4cc795000 Exception <a 'java/lang/NoSuchMethodError'{0x00000006053e9870}: java.lang.invoke.Invokers$Holder.linkToTargetMethod(Ljava/lang/Object;JLjava/lang/Object;)Ljava/lang/Object;> (0x00000006053e9870) thrown at [./open/src/hotspot/share/interpreter/linkResolver
Event: 49.898 Thread 0x000002d4cc795000 Exception <a 'java/lang/NoSuchMethodError'{0x0000000605367b88}: java.lang.invoke.DirectMethodHandle$Holder.invokeStaticInit(Ljava/lang/Object;Ljava/lang/Object;Ljava/lang/Object;Ljava/lang/Object;)I> (0x0000000605367b88) thrown at [./open/src/hotspot/shar
Event: 49.899 Thread 0x000002d4cc795000 Exception <a 'java/lang/IncompatibleClassChangeError'{0x0000000605371d60}: Found class java.lang.Object, but interface was expected> (0x0000000605371d60) thrown at [./open/src/hotspot/share/interpreter/linkResolver.cpp, line 838]
Event: 49.899 Thread 0x000002d4cc795000 Exception <a 'java/lang/NoSuchMethodError'{0x0000000605375118}: java.lang.invoke.DirectMethodHandle$Holder.invokeStaticInit(Ljava/lang/Object;Ljava/lang/Object;)V> (0x0000000605375118) thrown at [./open/src/hotspot/share/interpreter/linkResolver.cpp, line
Event: 49.900 Thread 0x000002d4cc795000 Exception <a 'java/lang/NoSuchMethodError'{0x000000060537c440}: java.lang.invoke.DirectMethodHandle$Holder.invokeStaticInit(Ljava/lang/Object;Ljava/lang/Object;)I> (0x000000060537c440) thrown at [./open/src/hotspot/share/interpreter/linkResolver.cpp, line
Event: 53.288 Thread 0x000002d52984f000 Exception <a 'java/io/FileNotFoundException'{0x000000060c2000f8}> (0x000000060c2000f8) thrown at [./open/src/hotspot/share/prims/jni.cpp, line 611]

Events (10 events):
Event: 62.170 loading class java/net/MulticastSocket
Event: 62.170 loading class java/net/MulticastSocket done
Event: 62.170 loading class java/net/DefaultDatagramSocketImplFactory
Event: 62.170 loading class java/net/DefaultDatagramSocketImplFactory done
Event: 62.170 loading class java/net/DualStackPlainDatagramSocketImpl
Event: 62.170 loading class java/net/AbstractPlainDatagramSocketImpl
Event: 62.170 loading class java/net/AbstractPlainDatagramSocketImpl done
Event: 62.170 loading class java/net/DualStackPlainDatagramSocketImpl done
Event: 62.170 loading class java/net/AbstractPlainDatagramSocketImpl$1
Event: 62.170 loading class java/net/AbstractPlainDatagramSocketImpl$1 done


Dynamic libraries:
0x00007ff68ba30000 - 0x00007ff68ba3f000 	C:\Program Files\Java\jdk-11.0.11\bin\javaw.exe
0x00007ffad3320000 - 0x00007ffad3510000 	C:\Windows\SYSTEM32\ntdll.dll
0x00007ffad2fb0000 - 0x00007ffad3062000 	C:\Windows\System32\KERNEL32.DLL
0x00007ffad07d0000 - 0x00007ffad0a75000 	C:\Windows\System32\KERNELBASE.dll
0x00007fface010000 - 0x00007fface09f000 	C:\Windows\SYSTEM32\apphelp.dll
0x00007ffad0300000 - 0x00007ffad03fa000 	C:\Windows\System32\ucrtbase.dll
0x00007ffa9cb00000 - 0x00007ffa9cb15000 	C:\Program Files\Java\jdk-11.0.11\bin\VCRUNTIME140.dll
0x00007ffa9cae0000 - 0x00007ffa9caf8000 	C:\Program Files\Java\jdk-11.0.11\bin\jli.dll
0x00007ffad3230000 - 0x00007ffad32d3000 	C:\Windows\System32\ADVAPI32.dll
0x00007ffad2c90000 - 0x00007ffad2d2e000 	C:\Windows\System32\msvcrt.dll
0x00007ffad2350000 - 0x00007ffad23e7000 	C:\Windows\System32\sechost.dll
0x00007ffad2e70000 - 0x00007ffad2f8f000 	C:\Windows\System32\RPCRT4.dll
0x00007ffad1980000 - 0x00007ffad1b14000 	C:\Windows\System32\USER32.dll
0x00007ffad0640000 - 0x00007ffad0661000 	C:\Windows\System32\win32u.dll
0x00007ffad2b30000 - 0x00007ffad2b56000 	C:\Windows\System32\GDI32.dll
0x00007ffad0400000 - 0x00007ffad0598000 	C:\Windows\System32\gdi32full.dll
0x00007ffad05a0000 - 0x00007ffad063e000 	C:\Windows\System32\msvcp_win.dll
0x00007ffabdd00000 - 0x00007ffabdf84000 	C:\Windows\WinSxS\amd64_microsoft.windows.common-controls_6595b64144ccf1df_6.0.18362.1556_none_9e7e372fe45e41d5\COMCTL32.dll
0x00007ffad2650000 - 0x00007ffad2986000 	C:\Windows\System32\combase.dll
0x00007ffad1340000 - 0x00007ffad13c1000 	C:\Windows\System32\bcryptPrimitives.dll
0x00007ffacb090000 - 0x00007ffacb09a000 	C:\Windows\SYSTEM32\VERSION.dll
0x00007ffad2990000 - 0x00007ffad29be000 	C:\Windows\System32\IMM32.DLL
0x00007ffa99f50000 - 0x00007ffa99feb000 	C:\Program Files\Java\jdk-11.0.11\bin\msvcp140.dll
0x00007ffa990a0000 - 0x00007ffa99b9e000 	C:\Program Files\Java\jdk-11.0.11\bin\server\jvm.dll
0x00007ffad3220000 - 0x00007ffad3228000 	C:\Windows\System32\PSAPI.DLL
0x00007ffab0f60000 - 0x00007ffab0f69000 	C:\Windows\SYSTEM32\WSOCK32.dll
0x00007ffacc690000 - 0x00007ffacc6b4000 	C:\Windows\SYSTEM32\WINMM.dll
0x00007ffad2b70000 - 0x00007ffad2bdf000 	C:\Windows\System32\WS2_32.dll
0x00007ffacc660000 - 0x00007ffacc68d000 	C:\Windows\SYSTEM32\WINMMBASE.dll
0x00007ffad0290000 - 0x00007ffad02da000 	C:\Windows\System32\cfgmgr32.dll
0x00007ffad0200000 - 0x00007ffad0211000 	C:\Windows\System32\kernel.appcore.dll
0x00007ffa9cad0000 - 0x00007ffa9cae0000 	C:\Program Files\Java\jdk-11.0.11\bin\verify.dll
0x00007ffabc5a0000 - 0x00007ffabc794000 	C:\Windows\SYSTEM32\DBGHELP.DLL
0x00007ffab9d60000 - 0x00007ffab9d8a000 	C:\Windows\SYSTEM32\dbgcore.DLL
0x00007ffa9a850000 - 0x00007ffa9a878000 	C:\Program Files\Java\jdk-11.0.11\bin\java.dll
0x00007ffa9cac0000 - 0x00007ffa9caca000 	C:\Program Files\Java\jdk-11.0.11\bin\jimage.dll
0x00007ffa9a830000 - 0x00007ffa9a846000 	C:\Program Files\Java\jdk-11.0.11\bin\zip.dll
0x00007ffad1c60000 - 0x00007ffad2347000 	C:\Windows\System32\SHELL32.dll
0x00007ffad25a0000 - 0x00007ffad2648000 	C:\Windows\System32\shcore.dll
0x00007ffad0bc0000 - 0x00007ffad133b000 	C:\Windows\System32\windows.storage.dll
0x00007ffad0220000 - 0x00007ffad023e000 	C:\Windows\System32\profapi.dll
0x00007ffad0240000 - 0x00007ffad028a000 	C:\Windows\System32\powrprof.dll
0x00007ffad01d0000 - 0x00007ffad01e0000 	C:\Windows\System32\UMPDC.dll
0x00007ffad2d30000 - 0x00007ffad2d82000 	C:\Windows\System32\shlwapi.dll
0x00007ffad02e0000 - 0x00007ffad02f7000 	C:\Windows\System32\cryptsp.dll
0x00007ffaccb10000 - 0x00007ffaccb20000 	D:\RIAS Julien\Projet_2025_Drone\Projet_Drone_Rias_Julien\Rias Julien (Etudiant 3)\Workspace\Appli_Projet_FMP_Actif_V5\JNIFileMappingPictureServeur.dll
0x00007ffabbbd0000 - 0x00007ffabbbdc000 	C:\Windows\SYSTEM32\VCRUNTIME140_1.dll
0x00007ffac8ba0000 - 0x00007ffac8ba9000 	D:\RIAS Julien\Projet_2025_Drone\Projet_Drone_Rias_Julien\Rias Julien (Etudiant 3)\Workspace\Appli_Projet_FMP_Actif_V5\JNIVirtualRobotHaptiqueDrone.dll
0x00007ffab4890000 - 0x00007ffab489b000 	D:\RIAS Julien\Projet_2025_Drone\Projet_Drone_Rias_Julien\Rias Julien (Etudiant 3)\Workspace\Appli_Projet_FMP_Actif_V5\JNIFileMappingRobotHaptiqueDroneClient.dll
0x00007ffaae0b0000 - 0x00007ffaae0cb000 	D:\RIAS Julien\Projet_2025_Drone\Projet_Drone_Rias_Julien\Rias Julien (Etudiant 3)\Workspace\Appli_Projet_FMP_Actif_V5\JNIFileMappingManettesClient.dll
0x00007ffa7cf40000 - 0x00007ffa7d161000 	C:\Windows\SYSTEM32\ucrtbased.dll
0x00007ffaae070000 - 0x00007ffaae07f000 	C:\Windows\SYSTEM32\VCRUNTIME140_1D.dll
0x00007ffaae080000 - 0x00007ffaae0ae000 	C:\Windows\SYSTEM32\VCRUNTIME140D.dll
0x00007ffa9cd40000 - 0x00007ffa9ce22000 	C:\Windows\SYSTEM32\MSVCP140D.dll
0x00007ffaae060000 - 0x00007ffaae06f000 	D:\RIAS Julien\Projet_2025_Drone\Projet_Drone_Rias_Julien\Rias Julien (Etudiant 3)\Workspace\Appli_Projet_FMP_Actif_V5\JNIFileMappingTelloEduTelemetryClient.dll
0x00007ffaae050000 - 0x00007ffaae05f000 	D:\RIAS Julien\Projet_2025_Drone\Projet_Drone_Rias_Julien\Rias Julien (Etudiant 3)\Workspace\Appli_Projet_FMP_Actif_V5\JNIFileMappingTelloEduTelemetryServeur.dll
0x00007ffa75100000 - 0x00007ffa78365000 	D:\RIAS Julien\Projet_2025_Drone\Projet_Drone_Rias_Julien\Rias Julien (Etudiant 3)\Workspace\Appli_Projet_FMP_Actif_V5\lib\opencv_java4100.dll
0x00007ffad29c0000 - 0x00007ffad2b17000 	C:\Windows\System32\ole32.dll
0x00007ffad18b0000 - 0x00007ffad1975000 	C:\Windows\System32\OLEAUT32.dll
0x00007ffa9a2c0000 - 0x00007ffa9a342000 	C:\Windows\SYSTEM32\MF.dll
0x00007ffa9e910000 - 0x00007ffa9eb0a000 	C:\Windows\SYSTEM32\MFPlat.DLL
0x00007ffaceed0000 - 0x00007ffacefbb000 	C:\Windows\SYSTEM32\dxgi.dll
0x00007ffa99c20000 - 0x00007ffa99d59000 	C:\Windows\SYSTEM32\MFReadWrite.dll
0x00007ffacd650000 - 0x00007ffacd8ab000 	C:\Windows\SYSTEM32\d3d11.dll
0x00007ffaceeb0000 - 0x00007ffaceed0000 	C:\Windows\SYSTEM32\dxcore.dll
0x00007ffa7ab50000 - 0x00007ffa7af3c000 	C:\Windows\SYSTEM32\MFCORE.DLL
0x00007ffad0670000 - 0x00007ffad07c1000 	C:\Windows\System32\CRYPT32.dll
0x00007ffad01e0000 - 0x00007ffad01f2000 	C:\Windows\System32\MSASN1.dll
0x00007ffad0a80000 - 0x00007ffad0aa6000 	C:\Windows\System32\bcrypt.dll
0x00007ffaae040000 - 0x00007ffaae049000 	C:\Windows\SYSTEM32\ksuser.dll
0x00007ffacfbe0000 - 0x00007ffacfbec000 	C:\Windows\SYSTEM32\CRYPTBASE.DLL
0x00007ffa9e750000 - 0x00007ffa9e77f000 	C:\Windows\SYSTEM32\RTWorkQ.DLL
0x00007ffa9a790000 - 0x00007ffa9a7a9000 	C:\Program Files\Java\jdk-11.0.11\bin\net.dll
0x00007ffac93d0000 - 0x00007ffac94ca000 	C:\Windows\SYSTEM32\WINHTTP.dll
0x00007ffacfa10000 - 0x00007ffacfa77000 	C:\Windows\system32\mswsock.dll
0x00007ffa9a770000 - 0x00007ffa9a782000 	C:\Program Files\Java\jdk-11.0.11\bin\nio.dll
0x00007ffa74f60000 - 0x00007ffa750fa000 	C:\Program Files\Java\jdk-11.0.11\bin\awt.dll
0x00007fface7d0000 - 0x00007fface7fd000 	C:\Windows\system32\DWMAPI.DLL
0x00007fface1e0000 - 0x00007fface279000 	C:\Windows\system32\uxtheme.dll
0x00007ffabf2a0000 - 0x00007ffabf3f6000 	C:\Windows\system32\opengl32.dll
0x00007ffac8c20000 - 0x00007ffac8c4c000 	C:\Windows\SYSTEM32\GLU32.dll
0x00007ffad1b20000 - 0x00007ffad1c55000 	C:\Windows\System32\MSCTF.dll
0x00007ffa9b060000 - 0x00007ffa9b0e5000 	C:\Program Files\Java\jdk-11.0.11\bin\freetype.dll
0x00007ffa7ce40000 - 0x00007ffa7cf32000 	C:\Program Files\Java\jdk-11.0.11\bin\harfbuzz.dll
0x00007ffaae020000 - 0x00007ffaae032000 	C:\Program Files\Java\jdk-11.0.11\bin\fontmanager.dll
0x00007ffac7ce0000 - 0x00007ffac7d7b000 	C:\Windows\System32\TextInputFramework.dll
0x00007ffaca780000 - 0x00007ffacaaaa000 	C:\Windows\System32\CoreUIComponents.dll
0x00007ffacda90000 - 0x00007ffacdb64000 	C:\Windows\System32\CoreMessaging.dll
0x00007ffacb7f0000 - 0x00007ffacb942000 	C:\Windows\SYSTEM32\wintypes.dll
0x00007ffacf1b0000 - 0x00007ffacf1e1000 	C:\Windows\SYSTEM32\ntmarta.dll
0x00007ffac4760000 - 0x00007ffac4a07000 	C:\Windows\System32\iertutil.dll
0x00007ffac9f30000 - 0x00007ffac9fde000 	C:\Windows\SYSTEM32\mscms.dll
0x00007ffad00f0000 - 0x00007ffad0115000 	C:\Windows\SYSTEM32\USERENV.dll
0x00007ffaca4f0000 - 0x00007ffaca507000 	C:\Windows\SYSTEM32\ColorAdapterClient.dll
0x00007ffaacc90000 - 0x00007ffaaccd3000 	C:\Windows\SYSTEM32\icm32.dll
0x00007ffacf720000 - 0x00007ffacf75a000 	C:\Windows\SYSTEM32\IPHLPAPI.DLL
0x00007ffad2b60000 - 0x00007ffad2b68000 	C:\Windows\System32\NSI.dll
0x00007ffacb990000 - 0x00007ffacb9a6000 	C:\Windows\SYSTEM32\dhcpcsvc6.DLL
0x00007ffacb970000 - 0x00007ffacb98c000 	C:\Windows\SYSTEM32\dhcpcsvc.DLL
0x00007ffacf760000 - 0x00007ffacf82b000 	C:\Windows\SYSTEM32\DNSAPI.dll
0x00007ffacbda0000 - 0x00007ffacbdab000 	C:\Windows\SYSTEM32\WINNSI.DLL
0x000002d4cdc90000 - 0x000002d4cdc94000 	C:\Users\rias\.javacpp\cache\javacpp-windows-x86_64.jar\org\bytedeco\javacpp\windows-x86_64\api-ms-win-crt-locale-l1-1-0.dll
0x000002d4cdca0000 - 0x000002d4cdca5000 	C:\Users\rias\.javacpp\cache\javacpp-windows-x86_64.jar\org\bytedeco\javacpp\windows-x86_64\api-ms-win-crt-string-l1-1-0.dll
0x000002d4cdcb0000 - 0x000002d4cdcb5000 	C:\Users\rias\.javacpp\cache\javacpp-windows-x86_64.jar\org\bytedeco\javacpp\windows-x86_64\api-ms-win-crt-stdio-l1-1-0.dll
0x000002d4cdcc0000 - 0x000002d4cdcc6000 	C:\Users\rias\.javacpp\cache\javacpp-windows-x86_64.jar\org\bytedeco\javacpp\windows-x86_64\api-ms-win-crt-math-l1-1-0.dll
0x000002d4cdcd0000 - 0x000002d4cdcd4000 	C:\Users\rias\.javacpp\cache\javacpp-windows-x86_64.jar\org\bytedeco\javacpp\windows-x86_64\api-ms-win-crt-heap-l1-1-0.dll
0x000002d4cdce0000 - 0x000002d4cdce5000 	C:\Users\rias\.javacpp\cache\javacpp-windows-x86_64.jar\org\bytedeco\javacpp\windows-x86_64\api-ms-win-crt-runtime-l1-1-0.dll
0x000002d4cdcf0000 - 0x000002d4cdcf5000 	C:\Users\rias\.javacpp\cache\javacpp-windows-x86_64.jar\org\bytedeco\javacpp\windows-x86_64\api-ms-win-crt-convert-l1-1-0.dll
0x000002d4cdd00000 - 0x000002d4cdd04000 	C:\Users\rias\.javacpp\cache\javacpp-windows-x86_64.jar\org\bytedeco\javacpp\windows-x86_64\api-ms-win-crt-environment-l1-1-0.dll
0x000002d4cdd10000 - 0x000002d4cdd14000 	C:\Users\rias\.javacpp\cache\javacpp-windows-x86_64.jar\org\bytedeco\javacpp\windows-x86_64\api-ms-win-crt-time-l1-1-0.dll
0x000002d4cdd20000 - 0x000002d4cdd24000 	C:\Users\rias\.javacpp\cache\javacpp-windows-x86_64.jar\org\bytedeco\javacpp\windows-x86_64\api-ms-win-crt-filesystem-l1-1-0.dll
0x000002d4cdd30000 - 0x000002d4cdd34000 	C:\Users\rias\.javacpp\cache\javacpp-windows-x86_64.jar\org\bytedeco\javacpp\windows-x86_64\api-ms-win-crt-utility-l1-1-0.dll
0x000002d4cdd40000 - 0x000002d4cdd46000 	C:\Users\rias\.javacpp\cache\javacpp-windows-x86_64.jar\org\bytedeco\javacpp\windows-x86_64\api-ms-win-crt-multibyte-l1-1-0.dll
0x000002d4cdd50000 - 0x000002d4cdd54000 	C:\Users\rias\.javacpp\cache\javacpp-windows-x86_64.jar\org\bytedeco\javacpp\windows-x86_64\api-ms-win-crt-conio-l1-1-0.dll
0x000002d4cdd60000 - 0x000002d4cdd71000 	C:\Users\rias\.javacpp\cache\javacpp-windows-x86_64.jar\org\bytedeco\javacpp\windows-x86_64\api-ms-win-crt-private-l1-1-0.dll
0x000002d4cdd80000 - 0x000002d4cdd84000 	C:\Users\rias\.javacpp\cache\javacpp-windows-x86_64.jar\org\bytedeco\javacpp\windows-x86_64\api-ms-win-crt-process-l1-1-0.dll
0x000002d4cdd90000 - 0x000002d4cdd94000 	C:\Users\rias\.javacpp\cache\javacpp-windows-x86_64.jar\org\bytedeco\javacpp\windows-x86_64\api-ms-win-core-console-l1-2-0.dll
0x000002d4cdda0000 - 0x000002d4cdda4000 	C:\Users\rias\.javacpp\cache\javacpp-windows-x86_64.jar\org\bytedeco\javacpp\windows-x86_64\api-ms-win-core-string-l1-1-0.dll
0x000002d4cddb0000 - 0x000002d4cddb4000 	C:\Users\rias\.javacpp\cache\javacpp-windows-x86_64.jar\org\bytedeco\javacpp\windows-x86_64\api-ms-win-core-errorhandling-l1-1-0.dll
0x000002d4cddc0000 - 0x000002d4cddc4000 	C:\Users\rias\.javacpp\cache\javacpp-windows-x86_64.jar\org\bytedeco\javacpp\windows-x86_64\api-ms-win-core-timezone-l1-1-0.dll
0x000002d4cddd0000 - 0x000002d4cddd5000 	C:\Users\rias\.javacpp\cache\javacpp-windows-x86_64.jar\org\bytedeco\javacpp\windows-x86_64\api-ms-win-core-file-l1-1-0.dll
0x000002d4cdde0000 - 0x000002d4cdde4000 	C:\Users\rias\.javacpp\cache\javacpp-windows-x86_64.jar\org\bytedeco\javacpp\windows-x86_64\api-ms-win-core-namedpipe-l1-1-0.dll
0x000002d4cddf0000 - 0x000002d4cddf4000 	C:\Users\rias\.javacpp\cache\javacpp-windows-x86_64.jar\org\bytedeco\javacpp\windows-x86_64\api-ms-win-core-handle-l1-1-0.dll
0x000002d4cde00000 - 0x000002d4cde04000 	C:\Users\rias\.javacpp\cache\javacpp-windows-x86_64.jar\org\bytedeco\javacpp\windows-x86_64\api-ms-win-core-file-l2-1-0.dll
0x000002d4cde10000 - 0x000002d4cde14000 	C:\Users\rias\.javacpp\cache\javacpp-windows-x86_64.jar\org\bytedeco\javacpp\windows-x86_64\api-ms-win-core-heap-l1-1-0.dll
0x000002d4cde20000 - 0x000002d4cde24000 	C:\Users\rias\.javacpp\cache\javacpp-windows-x86_64.jar\org\bytedeco\javacpp\windows-x86_64\api-ms-win-core-libraryloader-l1-1-0.dll
0x000002d4cde30000 - 0x000002d4cde34000 	C:\Users\rias\.javacpp\cache\javacpp-windows-x86_64.jar\org\bytedeco\javacpp\windows-x86_64\api-ms-win-core-synch-l1-1-0.dll
0x000002d4cde40000 - 0x000002d4cde44000 	C:\Users\rias\.javacpp\cache\javacpp-windows-x86_64.jar\org\bytedeco\javacpp\windows-x86_64\api-ms-win-core-processthreads-l1-1-0.dll

dbghelp: loaded successfully - version: 4.0.5 - missing functions: none
symbol engine: initialized successfully - sym options: 0x614 - pdb path: .;C:\Program Files\Java\jdk-11.0.11\bin;C:\Windows\SYSTEM32;C:\Windows\WinSxS\amd64_microsoft.windows.common-controls_6595b64144ccf1df_6.0.18362.1556_none_9e7e372fe45e41d5;C:\Program Files\Java\jdk-11.0.11\bin\server;D:\RIAS Julien\Projet_2025_Drone\Projet_Drone_Rias_Julien\Rias Julien (Etudiant 3)\Workspace\Appli_Projet_FMP_Actif_V5;D:\RIAS Julien\Projet_2025_Drone\Projet_Drone_Rias_Julien\Rias Julien (Etudiant 3)\Workspace\Appli_Projet_FMP_Actif_V5\lib;C:\Users\rias\.javacpp\cache\javacpp-windows-x86_64.jar\org\bytedeco\javacpp\windows-x86_64;C:\Users\rias\.javacpp\cache\openblas-windows-x86_64.jar\org\bytedeco\openblas\windows-x86_64;C:\Users\rias\.javacpp\cache\opencv-windows-x86_64.jar\org\bytedeco\opencv\windows-x86_64;C:\Users\rias\.javacpp\cache\ffmpeg-windows-x86_64.jar\org\bytedeco\ffmpeg\windows-x86_64

VM Arguments:
jvm_args: -Dfile.encoding=Cp1252 
java_command: Start
java_class_path (initial): D:\RIAS Julien\Projet_2025_Drone\Projet_Drone_Rias_Julien\Rias Julien (Etudiant 3)\Workspace\Appli_Projet_FMP_Actif_V5;D:\RIAS Julien\Projet_2025_Drone\Projet_Drone_Rias_Julien\Rias Julien (Etudiant 3)\Workspace\Appli_Projet_FMP_Actif_V5\lib\opencv-4100.jar;D:\RIAS Julien\Projet_2025_Drone\Projet_Drone_Rias_Julien\Rias Julien (Etudiant 3)\Workspace\Appli_Projet_FMP_Actif_V5\lib\snakeyaml-2.3.jar;D:\RIAS Julien\Projet_2025_Drone\Projet_Drone_Rias_Julien\Rias Julien (Etudiant 3)\Workspace\Appli_Projet_FMP_Actif_V5\lib\javacv_javacpp_ffmpeg_1.5.8\javacpp.jar;D:\RIAS Julien\Projet_2025_Drone\Projet_Drone_Rias_Julien\Rias Julien (Etudiant 3)\Workspace\Appli_Projet_FMP_Actif_V5\lib\javacv_javacpp_ffmpeg_1.5.8\artoolkitplus.jar;D:\RIAS Julien\Projet_2025_Drone\Projet_Drone_Rias_Julien\Rias Julien (Etudiant 3)\Workspace\Appli_Projet_FMP_Actif_V5\lib\javacv_javacpp_ffmpeg_1.5.8\artoolkitplus-windows-x86_64.jar;D:\RIAS Julien\Projet_2025_Drone\Projet_Drone_Rias_Julien\Rias Julien (Etudiant 3)\Workspace\Appli_Projet_FMP_Actif_V5\lib\javacv_javacpp_ffmpeg_1.5.8\artoolkitplus-platform.jar;D:\RIAS Julien\Projet_2025_Drone\Projet_Drone_Rias_Julien\Rias Julien (Etudiant 3)\Workspace\Appli_Projet_FMP_Actif_V5\lib\javacv_javacpp_ffmpeg_1.5.8\ffmpeg.jar;D:\RIAS Julien\Projet_2025_Drone\Projet_Drone_Rias_Julien\Rias Julien (Etudiant 3)\Workspace\Appli_Projet_FMP_Actif_V5\lib\javacv_javacpp_ffmpeg_1.5.8\ffmpeg-windows-x86_64.jar;D:\RIAS Julien\Projet_2025_Drone\Projet_Drone_Rias_Julien\Rias Julien (Etudiant 3)\Workspace\Appli_Projet_FMP_Actif_V5\lib\javacv_javacpp_ffmpeg_1.5.8\ffmpeg-platform.jar;D:\RIAS Julien\Projet_2025_Drone\Projet_Drone_Rias_Julien\Rias Julien (Etudiant 3)\Workspace\Appli_Projet_FMP_Actif_V5\lib\javacv_javacpp_ffmpeg_1.5.8\flandmark.jar;D:\RIAS Julien\Projet_2025_Drone\Projet_Drone_Rias_Julien\Rias Julien (Etudiant 3)\Workspace\Appli_Projet_FMP_Actif_V5\lib\javacv_javacpp_ffmpeg_1.5.8\flandmark-windows-x86_64.jar;D:\RIAS Julien\Projet_2
Launcher Type: SUN_STANDARD

[Global flags]
     intx CICompilerCount                          = 4                                         {product} {ergonomic}
     uint ConcGCThreads                            = 2                                         {product} {ergonomic}
     uint G1ConcRefinementThreads                  = 8                                         {product} {ergonomic}
   size_t G1HeapRegionSize                         = 2097152                                   {product} {ergonomic}
    uintx GCDrainStackTargetSize                   = 64                                        {product} {ergonomic}
   size_t InitialHeapSize                          = 536870912                                 {product} {ergonomic}
   size_t MarkStackSize                            = 4194304                                   {product} {ergonomic}
   size_t MaxHeapSize                              = 8560574464                                {product} {ergonomic}
   size_t MaxNewSize                               = 5135925248                                {product} {ergonomic}
   size_t MinHeapDeltaBytes                        = 2097152                                   {product} {ergonomic}
    uintx NonNMethodCodeHeapSize                   = 5836300                                {pd product} {ergonomic}
    uintx NonProfiledCodeHeapSize                  = 122910970                              {pd product} {ergonomic}
    uintx ProfiledCodeHeapSize                     = 122910970                              {pd product} {ergonomic}
    uintx ReservedCodeCacheSize                    = 251658240                              {pd product} {ergonomic}
     bool SegmentedCodeCache                       = true                                      {product} {ergonomic}
     bool UseCompressedClassPointers               = true                                 {lp64_product} {ergonomic}
     bool UseCompressedOops                        = true                                 {lp64_product} {ergonomic}
     bool UseG1GC                                  = true                                      {product} {ergonomic}
     bool UseLargePagesIndividualAllocation        = false                                  {pd product} {ergonomic}

Logging:
Log output configuration:
 #0: stdout all=warning uptime,level,tags
 #1: stderr all=off uptime,level,tags

Environment Variables:
PATH=C:\Program Files\Python311\Scripts\;C:\Program Files\Python311\;C:\Program Files\Common Files\Oracle\Java\javapath;C:\Program Files\Python38\Scripts\;C:\Program Files\Python38\;C:\Program Files (x86)\Embarcadero\Studio\15.0\bin;C:\Users\Public\Documents\Embarcadero\Studio\15.0\Bpl;C:\Program Files (x86)\Embarcadero\Studio\15.0\bin64;C:\Users\Public\Documents\Embarcadero\Studio\15.0\Bpl\Win64;C:\Windows\system32;C:\Windows;C:\Windows\System32\Wbem;C:\Windows\System32\WindowsPowerShell\v1.0\;C:\Windows\System32\OpenSSH\;C:\Program Files\PuTTY\;C:\Program Files\Java\jdk1.8.0_231\bin;C:\Program Files (x86)\IVI Foundation\VISA\WinNT\Bin\;C:\Program Files\IVI Foundation\VISA\Win64\Bin\;C:\Program Files (x86)\IVI Foundation\VISA\WinNT\Bin;C:\Program Files (x86)\IVI Foundation\IVI\bin;C:\Program Files\IVI Foundation\IVI\bin;C:\Program Files\Microsoft SQL Server\130\Tools\Binn\;C:\Program Files\nodejs\;C:\ProgramData\chocolatey\bin;C:\mingw-w64\x86_64-8.1.0-posix-seh-rt_v6-rev0\mingw64\bin;C:\Program Files (x86)\Common Files\Acronis\VirtualFile\;C:\Program Files (x86)\Common Files\Acronis\VirtualFile64\;C:\Program Files (x86)\Common Files\Acronis\FileProtector\;C:\Program Files (x86)\Common Files\Acronis\FileProtector64\;C:\Program Files (x86)\Common Files\Acronis\SnapAPI\;C:\Program Files\Java\jdk-11.0.11\bin;C:\Eclipse-JDK11\eclipse;C:\Program Files\Microsoft SQL Server\150\Tools\Binn\;C:\TDM-GCC-64\bin;C:\ffmpegH264\bin;C:\gstreamer\1.0\msvc_x86_64\bin;C:\gstreamer\1.0\msvc_x86_64\lib;C:\Program Files\CMake\bin;C:\Program Files\dotnet\;C:\Program Files (x86)\Incredibuild;C:\Program Files (x86)\Windows Kits\10\Windows Performance Toolkit\;C:\Users\rias\AppData\Local\Microsoft\WindowsApps;C:\Users\install\AppData\Roaming\npm;C:\Users\rias\AppData\Local\GitHubDesktop\bin;C:\Users\rias\AppData\Local\Programs\Microsoft VS Code\bin;C:\Users\rias\.dotnet\tools
USERNAME=RIAS
OS=Windows_NT
PROCESSOR_IDENTIFIER=Intel64 Family 6 Model 94 Stepping 3, GenuineIntel



---------------  S Y S T E M  ---------------

OS: Windows 10 , 64 bit Build 18362 (10.0.18362.1500)

CPU:total 8 (initial active 8) (4 cores per cpu, 2 threads per core) family 6 model 94 stepping 3 microcode 0xd6, cmov, cx8, fxsr, mmx, sse, sse2, sse3, ssse3, sse4.1, sse4.2, popcnt, avx, avx2, aes, clmul, erms, rtm, 3dnowpref, lzcnt, ht, tsc, tscinvbit, bmi1, bmi2, adx, fma

Memory: 4k page, system-wide physical 32648M (22786M free)
TotalPageFile size 37512M (AvailPageFile size 26445M)
current process WorkingSet (physical memory assigned to process): 623M, peak: 672M
current process commit charge ("private bytes"): 2564M, peak: 2614M

vm_info: Java HotSpot(TM) 64-Bit Server VM (11.0.11+9-LTS-194) for windows-amd64 JRE (11.0.11+9-LTS-194), built on Mar 18 2021 18:46:53 by "mach5one" with MS VC++ 15.9 (VS2017)

END.
