#
# A fatal error has been detected by the Java Runtime Environment:
#
#  EXCEPTION_ACCESS_VIOLATION (0xc0000005) at pc=0x00007ffb2a4d3585, pid=19700, tid=7944
#
# JRE version: Java(TM) SE Runtime Environment 18.9 (11.0.11+9) (build 11.0.11+9-LTS-194)
# Java VM: Java HotSpot(TM) 64-Bit Server VM 18.9 (11.0.11+9-LTS-194, mixed mode, tiered, compressed oops, g1 gc, windows-amd64)
# Problematic frame:
# C  [JNIFileMappingManettesClient.dll+0x3585]
#
# No core dump will be written. Minidumps are not enabled by default on client versions of Windows
#
# If you would like to submit a bug report, please visit:
#   https://bugreport.java.com/bugreport/crash.jsp
# The crash happened outside the Java Virtual Machine in native code.
# See problematic frame for where to report the bug.
#

---------------  S U M M A R Y ------------

Command Line: -Dfile.encoding=Cp1252 Start

Host: 13th Gen Intel(R) Core(TM) i9-13900, 32 cores, 31G,  Windows 10 , 64 bit Build 19041 (10.0.19041.5794)
Time: Mon Jun  2 16:21:47 2025 Paris, Madrid (heure d’été) elapsed time: 81.035277 seconds (0d 0h 1m 21s)

---------------  T H R E A D  ---------------

Current thread (0x000001cece821000):  JavaThread "Thread-17" [_thread_in_native, id=7944, stack(0x0000004f9be80000,0x0000004f9bf80000)]

Stack: [0x0000004f9be80000,0x0000004f9bf80000],  sp=0x0000004f9bf7ed60,  free space=1019k
Native frames: (J=compiled Java code, j=interpreted, Vv=VM code, C=native code)
C  [JNIFileMappingManettesClient.dll+0x3585]

Java frames: (J=compiled Java code, j=interpreted, Vv=VM code)
j  JNIFileMappingManettesClientJNI.cFileMappingManettesClient_getVirtualManettesMutexBlocAccess(JLcFileMappingManettesClient;)Z+0
j  cFileMappingManettesClient.getVirtualManettesMutexBlocAccess()Z+5
j  ThreadFMPCasqueVR.run()V+37
v  ~StubRoutines::call_stub

siginfo: EXCEPTION_ACCESS_VIOLATION (0xc0000005), reading address 0xffffffffffffffff


Register to memory mapping:

RIP=0x00007ffb2a4d3585 JNIFileMappingManettesClient.dll
RAX=0xcdcdcdcdcdcdcdcd is an unknown value
RBX={method} {0x000001ce936daa68} 'cFileMappingManettesClient_getVirtualManettesMutexBlocAccess' '(JLcFileMappingManettesClient;)Z' in 'JNIFileMappingManettesClientJNI'
RCX=0x000001ce897c6810 points into unknown readable memory: 70 fe 4d 2a fb 7f 00 00
RDX=0x0000004f9bf7ee70 is pointing into the stack for thread: 0x000001cece821000
RSP=0x0000004f9bf7ed60 is pointing into the stack for thread: 0x000001cece821000
RBP=0x0000004f9bf7ee60 is pointing into the stack for thread: 0x000001cece821000
RSI=0x0000000000000002 is an unknown value
RDI=0x000001cedee398d0 is at code_begin+208 in an Interpreter codelet
invoke return entry points  [0x000001cedee39800, 0x000001cedee3a200]  2560 bytes
R8 =0x000001ce897c6810 points into unknown readable memory: 70 fe 4d 2a fb 7f 00 00
R9 =0x0000004f9bf7ee80 is pointing into the stack for thread: 0x000001cece821000
R10=0x000001cedee3f348 is at code_begin+1000 in an Interpreter codelet
method entry point (kind = native)  [0x000001cedee3ef60, 0x000001cedee3fa00]  2720 bytes
R11=0x000000060e5d4898 is an oop: java.lang.Class 
{0x000000060e5d4898} - klass: 'java/lang/Class'
R12=0x0 is NULL
R13={method} {0x000001ce936daa68} 'cFileMappingManettesClient_getVirtualManettesMutexBlocAccess' '(JLcFileMappingManettesClient;)Z' in 'JNIFileMappingManettesClientJNI'
R14=0x0000004f9bf7ee90 is pointing into the stack for thread: 0x000001cece821000
R15=0x000001cece821000 is a thread


Registers:
RAX=0xcdcdcdcdcdcdcdcd, RBX=0x000001ce936daa60, RCX=0x000001ce897c6810, RDX=0x0000004f9bf7ee70
RSP=0x0000004f9bf7ed60, RBP=0x0000004f9bf7ee60, RSI=0x0000000000000002, RDI=0x000001cedee398d0
R8 =0x000001ce897c6810, R9 =0x0000004f9bf7ee80, R10=0x000001cedee3f348, R11=0x000000060e5d4898
R12=0x0000000000000000, R13=0x000001ce936daa60, R14=0x0000004f9bf7ee90, R15=0x000001cece821000
RIP=0x00007ffb2a4d3585, EFLAGS=0x0000000000010282

Top of Stack: (sp=0x0000004f9bf7ed60)
0x0000004f9bf7ed60:   0000004f9bf7ed80 000001cece821000
0x0000004f9bf7ed70:   0000000000000002 000001cedee7c001
0x0000004f9bf7ed80:   000001cedee398d0 00007ffb2a4d25eb
0x0000004f9bf7ed90:   000001ce897c6810 0000000000000002
0x0000004f9bf7eda0:   000001ce936daa60 000001cedee3f1c0
0x0000004f9bf7edb0:   0000004f9bf7f200 000001ce897c6810
0x0000004f9bf7edc0:   000001cece821000 000001cece821000
0x0000004f9bf7edd0:   000001cedee398d0 000001cedee3f377
0x0000004f9bf7ede0:   000001cece821348 0000004f9bf7ee70
0x0000004f9bf7edf0:   000001ce897c6810 0000004f9bf7ee80
0x0000004f9bf7ee00:   0000004f9bf7ee60 0000000000000002
0x0000004f9bf7ee10:   000001cedee3f016 0000004f9bf7ee18
0x0000004f9bf7ee20:   000001ce936daa60 0000004f9bf7ee90
0x0000004f9bf7ee30:   000001ce936daf28 0000000000000000
0x0000004f9bf7ee40:   000000060e5d4898 000001ce936daa60
0x0000004f9bf7ee50:   0000000000000000 0000004f9bf7ee80 

Instructions: (pc=0x00007ffb2a4d3585)
0x00007ffb2a4d3565:   57 48 83 ec 20 48 8b 44 24 30 48 83 b8 a8 00 00
0x00007ffb2a4d3575:   00 00 74 13 48 8b 44 24 30 48 8b 80 a8 00 00 00
0x00007ffb2a4d3585:   0f b6 00 eb 18 eb 16 41 b0 01 48 8d 15 7a be 00
0x00007ffb2a4d3595:   00 48 8b 4c 24 30 e8 9c df ff ff 32 c0 48 83 c4 


Stack slot to memory mapping:
stack at sp + 0 slots: 0x0000004f9bf7ed80 is pointing into the stack for thread: 0x000001cece821000
stack at sp + 1 slots: 0x000001cece821000 is a thread
stack at sp + 2 slots: 0x0000000000000002 is an unknown value
stack at sp + 3 slots: 0x000001cedee7c001 is at code_begin+6401 in 
[CodeBlob (0x000001cedee7a690)]
Framesize: 0
BufferBlob (0x000001cedee7a690) used for native signature handlers
stack at sp + 4 slots: 0x000001cedee398d0 is at code_begin+208 in an Interpreter codelet
invoke return entry points  [0x000001cedee39800, 0x000001cedee3a200]  2560 bytes
stack at sp + 5 slots: 0x00007ffb2a4d25eb JNIFileMappingManettesClient.dll
stack at sp + 6 slots: 0x000001ce897c6810 points into unknown readable memory: 70 fe 4d 2a fb 7f 00 00
stack at sp + 7 slots: 0x0000000000000002 is an unknown value


---------------  P R O C E S S  ---------------

Threads class SMR info:
_java_thread_list=0x000001ce89489360, length=33, elements={
0x000001cefde38000, 0x000001cefde61800, 0x000001cefded2800, 0x000001cefded3800,
0x000001cefde7b000, 0x000001cefde81000, 0x000001cefde84800, 0x000001cefe089000,
0x000001cefe091000, 0x000001cefee4b000, 0x000001ceff0ef000, 0x000001ceff0d2000,
0x000001ce8932d800, 0x000001ced6991000, 0x000001ce89878000, 0x000001ce89504000,
0x000001ce89806000, 0x000001ce95627800, 0x000001cefe042000, 0x000001ce941f6000,
0x000001ce940b8800, 0x000001ce944b2800, 0x000001ce944b1800, 0x000001ce944b3000,
0x000001ce944b4000, 0x000001ce944b5000, 0x000001ce944b5800, 0x000001ce944b1000,
0x000001ce944b7800, 0x000001cece820000, 0x000001cece81b000, 0x000001cece821000,
0x000001ce95a78000
}

Java Threads: ( => current thread )
  0x000001cefde38000 JavaThread "Reference Handler" daemon [_thread_blocked, id=22904, stack(0x0000004f94200000,0x0000004f94300000)]
  0x000001cefde61800 JavaThread "Finalizer" daemon [_thread_blocked, id=25900, stack(0x0000004f94300000,0x0000004f94400000)]
  0x000001cefded2800 JavaThread "Signal Dispatcher" daemon [_thread_blocked, id=13792, stack(0x0000004f94400000,0x0000004f94500000)]
  0x000001cefded3800 JavaThread "Attach Listener" daemon [_thread_blocked, id=15848, stack(0x0000004f94500000,0x0000004f94600000)]
  0x000001cefde7b000 JavaThread "C2 CompilerThread0" daemon [_thread_blocked, id=23536, stack(0x0000004f94600000,0x0000004f94700000)]
  0x000001cefde81000 JavaThread "C1 CompilerThread0" daemon [_thread_blocked, id=26280, stack(0x0000004f94700000,0x0000004f94800000)]
  0x000001cefde84800 JavaThread "Sweeper thread" daemon [_thread_blocked, id=3464, stack(0x0000004f94800000,0x0000004f94900000)]
  0x000001cefe089000 JavaThread "Service Thread" daemon [_thread_blocked, id=21208, stack(0x0000004f94a00000,0x0000004f94b00000)]
  0x000001cefe091000 JavaThread "Common-Cleaner" daemon [_thread_blocked, id=12588, stack(0x0000004f94c00000,0x0000004f94d00000)]
  0x000001cefee4b000 JavaThread "Java2D Disposer" daemon [_thread_blocked, id=19836, stack(0x0000004f94e00000,0x0000004f94f00000)]
  0x000001ceff0ef000 JavaThread "AWT-Shutdown" [_thread_blocked, id=22324, stack(0x0000004f94f00000,0x0000004f95000000)]
  0x000001ceff0d2000 JavaThread "AWT-Windows" daemon [_thread_in_native, id=18808, stack(0x0000004f95000000,0x0000004f95100000)]
  0x000001ce8932d800 JavaThread "AWT-EventQueue-0" [_thread_blocked, id=24768, stack(0x0000004f95300000,0x0000004f95400000)]
  0x000001ced6991000 JavaThread "DestroyJavaVM" [_thread_blocked, id=26364, stack(0x0000004f93b00000,0x0000004f93c00000)]
  0x000001ce89878000 JavaThread "D3D Screen Updater" daemon [_thread_blocked, id=25404, stack(0x0000004f95500000,0x0000004f95600000)]
  0x000001ce89504000 JavaThread "TimerQueue" daemon [_thread_blocked, id=16400, stack(0x0000004f95670000,0x0000004f95770000)]
  0x000001ce89806000 JavaThread "Thread-1" [_thread_blocked, id=3656, stack(0x0000004f95780000,0x0000004f95880000)]
  0x000001ce95627800 JavaThread "Thread-2" [_thread_blocked, id=24016, stack(0x0000004f96580000,0x0000004f96680000)]
  0x000001cefe042000 JavaThread "JavaCPP Deallocator" daemon [_thread_blocked, id=6020, stack(0x0000004f96e80000,0x0000004f96f80000)]
  0x000001ce941f6000 JavaThread "Thread-3" [_thread_in_native, id=14400, stack(0x0000004f9ae80000,0x0000004f9af80000)]
  0x000001ce940b8800 JavaThread "Thread-4" [_thread_blocked, id=20068, stack(0x0000004f9af80000,0x0000004f9b080000)]
  0x000001ce944b2800 JavaThread "Thread-5" [_thread_blocked, id=696, stack(0x0000004f9b080000,0x0000004f9b180000)]
  0x000001ce944b1800 JavaThread "Thread-6" [_thread_in_native, id=20556, stack(0x0000004f9b180000,0x0000004f9b280000)]
  0x000001ce944b3000 JavaThread "Thread-8" [_thread_in_native, id=23768, stack(0x0000004f96c80000,0x0000004f96d80000)]
  0x000001ce944b4000 JavaThread "Thread-9" [_thread_blocked, id=16960, stack(0x0000004f96d80000,0x0000004f96e80000)]
  0x000001ce944b5000 JavaThread "Thread-10" [_thread_blocked, id=14980, stack(0x0000004f9ad80000,0x0000004f9ae80000)]
  0x000001ce944b5800 JavaThread "Thread-11" [_thread_in_native, id=3112, stack(0x0000004f9b280000,0x0000004f9b380000)]
  0x000001ce944b1000 JavaThread "Thread-13" [_thread_blocked, id=7704, stack(0x0000004f9b380000,0x0000004f9b480000)]
  0x000001ce944b7800 JavaThread "Thread-14" [_thread_blocked, id=14608, stack(0x0000004f9b480000,0x0000004f9b580000)]
  0x000001cece820000 JavaThread "Thread-15" [_thread_blocked, id=17196, stack(0x0000004f9b580000,0x0000004f9b680000)]
  0x000001cece81b000 JavaThread "Thread-16" [_thread_in_native, id=10996, stack(0x0000004f95400000,0x0000004f95500000)]
=>0x000001cece821000 JavaThread "Thread-17" [_thread_in_native, id=7944, stack(0x0000004f9be80000,0x0000004f9bf80000)]
  0x000001ce95a78000 JavaThread "C1 CompilerThread1" daemon [_thread_blocked, id=12900, stack(0x0000004f9bf80000,0x0000004f9c080000)]

Other Threads:
  0x000001cefde35800 VMThread "VM Thread" [stack: 0x0000004f94100000,0x0000004f94200000] [id=19384]
  0x000001cefe08f800 WatcherThread [stack: 0x0000004f94b00000,0x0000004f94c00000] [id=20248]
  0x000001ced69a8800 GCTaskThread "GC Thread#0" [stack: 0x0000004f93c00000,0x0000004f93d00000] [id=21132]
  0x000001ce89832000 GCTaskThread "GC Thread#1" [stack: 0x0000004f95880000,0x0000004f95980000] [id=12820]
  0x000001ce89832800 GCTaskThread "GC Thread#2" [stack: 0x0000004f95980000,0x0000004f95a80000] [id=14440]
  0x000001ce89833000 GCTaskThread "GC Thread#3" [stack: 0x0000004f95a80000,0x0000004f95b80000] [id=12800]
  0x000001ce89809800 GCTaskThread "GC Thread#4" [stack: 0x0000004f95b80000,0x0000004f95c80000] [id=24780]
  0x000001ce8980a800 GCTaskThread "GC Thread#5" [stack: 0x0000004f95c80000,0x0000004f95d80000] [id=19724]
  0x000001ce8980c000 GCTaskThread "GC Thread#6" [stack: 0x0000004f95d80000,0x0000004f95e80000] [id=18704]
  0x000001ce896f7800 GCTaskThread "GC Thread#7" [stack: 0x0000004f95e80000,0x0000004f95f80000] [id=3804]
  0x000001ce896fa000 GCTaskThread "GC Thread#8" [stack: 0x0000004f95f80000,0x0000004f96080000] [id=22112]
  0x000001ce896f8800 GCTaskThread "GC Thread#9" [stack: 0x0000004f96080000,0x0000004f96180000] [id=15560]
  0x000001ce896fa800 GCTaskThread "GC Thread#10" [stack: 0x0000004f96180000,0x0000004f96280000] [id=22836]
  0x000001ce896f9000 GCTaskThread "GC Thread#11" [stack: 0x0000004f96280000,0x0000004f96380000] [id=7648]
  0x000001ce896fc800 GCTaskThread "GC Thread#12" [stack: 0x0000004f96380000,0x0000004f96480000] [id=23116]
  0x000001cefea32800 GCTaskThread "GC Thread#13" [stack: 0x0000004f96480000,0x0000004f96580000] [id=21792]
  0x000001cefea30800 GCTaskThread "GC Thread#14" [stack: 0x0000004f96680000,0x0000004f96780000] [id=21552]
  0x000001cefea36000 GCTaskThread "GC Thread#15" [stack: 0x0000004f9b680000,0x0000004f9b780000] [id=18992]
  0x000001cefea34000 GCTaskThread "GC Thread#16" [stack: 0x0000004f9b780000,0x0000004f9b880000] [id=14988]
  0x000001cefea32000 GCTaskThread "GC Thread#17" [stack: 0x0000004f9b880000,0x0000004f9b980000] [id=17116]
  0x000001cefea37800 GCTaskThread "GC Thread#18" [stack: 0x0000004f9b980000,0x0000004f9ba80000] [id=23176]
  0x000001cefea37000 GCTaskThread "GC Thread#19" [stack: 0x0000004f9ba80000,0x0000004f9bb80000] [id=5140]
  0x000001cefea33800 GCTaskThread "GC Thread#20" [stack: 0x0000004f9bb80000,0x0000004f9bc80000] [id=11644]
  0x000001cefea34800 GCTaskThread "GC Thread#21" [stack: 0x0000004f9bc80000,0x0000004f9bd80000] [id=4396]
  0x000001cefea35800 GCTaskThread "GC Thread#22" [stack: 0x0000004f9bd80000,0x0000004f9be80000] [id=1028]
  0x000001ced6a29800 ConcurrentGCThread "G1 Main Marker" [stack: 0x0000004f93d00000,0x0000004f93e00000] [id=17984]
  0x000001ced6a2b800 ConcurrentGCThread "G1 Conc#0" [stack: 0x0000004f93e00000,0x0000004f93f00000] [id=24480]
  0x000001ce896fb800 ConcurrentGCThread "G1 Conc#1" [stack: 0x0000004f96780000,0x0000004f96880000] [id=18548]
  0x000001ce896f7000 ConcurrentGCThread "G1 Conc#2" [stack: 0x0000004f96880000,0x0000004f96980000] [id=21616]
  0x000001ce896fc000 ConcurrentGCThread "G1 Conc#3" [stack: 0x0000004f96980000,0x0000004f96a80000] [id=6752]
  0x000001ce896fd800 ConcurrentGCThread "G1 Conc#4" [stack: 0x0000004f96a80000,0x0000004f96b80000] [id=21476]
  0x000001ce896fe000 ConcurrentGCThread "G1 Conc#5" [stack: 0x0000004f96b80000,0x0000004f96c80000] [id=16240]
  0x000001cefd0e5000 ConcurrentGCThread "G1 Refine#0" [stack: 0x0000004f93f00000,0x0000004f94000000] [id=13624]
  0x000001cefd0e6000 ConcurrentGCThread "G1 Young RemSet Sampling" [stack: 0x0000004f94000000,0x0000004f94100000] [id=25400]

Threads with active compile tasks:
C1 CompilerThread1  81055 3459   !   3       java.awt.KeyboardFocusManager::retargetFocusEvent (244 bytes)

VM state:not at safepoint (normal execution)

VM Mutex/Monitor currently owned by a thread: None

Heap address: 0x0000000605200000, size: 8110 MB, Compressed Oops mode: Zero based, Oop shift amount: 3
Narrow klass base: 0x0000000800000000, Narrow klass shift: 0
Compressed class space size: 1073741824 Address: 0x0000000800000000

Heap:
 garbage-first heap   total 294912K, used 206266K [0x0000000605200000, 0x0000000800000000)
  region size 2048K, 74 young (151552K), 2 survivors (4096K)
 Metaspace       used 30609K, capacity 31118K, committed 31360K, reserved 1077248K
  class space    used 2916K, capacity 3131K, committed 3200K, reserved 1048576K
Heap Regions: E=young(eden), S=young(survivor), O=old, HS=humongous(starts), HC=humongous(continues), CS=collection set, F=free, A=archive, TAMS=top-at-mark-start (previous, next)
|   0|0x0000000605200000, 0x0000000605400000, 0x0000000605400000|100%| O|  |TAMS 0x0000000605400000, 0x0000000605200000| Untracked 
|   1|0x0000000605400000, 0x0000000605600000, 0x0000000605600000|100%| O|  |TAMS 0x0000000605600000, 0x0000000605400000| Untracked 
|   2|0x0000000605600000, 0x0000000605800000, 0x0000000605800000|100%| O|  |TAMS 0x0000000605800000, 0x0000000605600000| Untracked 
|   3|0x0000000605800000, 0x0000000605a00000, 0x0000000605a00000|100%| O|  |TAMS 0x0000000605a00000, 0x0000000605800000| Untracked 
|   4|0x0000000605a00000, 0x0000000605a93308, 0x0000000605c00000| 28%| O|  |TAMS 0x0000000605a93308, 0x0000000605a00000| Untracked 
|   5|0x0000000605c00000, 0x0000000605e00000, 0x0000000605e00000|100%|HS|  |TAMS 0x0000000605e00000, 0x0000000605c00000| Complete 
|   6|0x0000000605e00000, 0x0000000606000000, 0x0000000606000000|100%| O|  |TAMS 0x0000000606000000, 0x0000000605e00000| Untracked 
|   7|0x0000000606000000, 0x0000000606200000, 0x0000000606200000|100%|HS|  |TAMS 0x0000000606200000, 0x0000000606000000| Complete 
|   8|0x0000000606200000, 0x0000000606400000, 0x0000000606400000|100%| O|  |TAMS 0x0000000606400000, 0x0000000606200000| Untracked 
|   9|0x0000000606400000, 0x0000000606600000, 0x0000000606600000|100%| O|  |TAMS 0x0000000606600000, 0x0000000606400000| Untracked 
|  10|0x0000000606600000, 0x0000000606800000, 0x0000000606800000|100%| O|  |TAMS 0x0000000606800000, 0x0000000606600000| Untracked 
|  11|0x0000000606800000, 0x0000000606a00000, 0x0000000606a00000|100%| O|  |TAMS 0x0000000606a00000, 0x0000000606800000| Untracked 
|  12|0x0000000606a00000, 0x0000000606c00000, 0x0000000606c00000|100%|HS|  |TAMS 0x0000000606c00000, 0x0000000606a00000| Complete 
|  13|0x0000000606c00000, 0x0000000606e00000, 0x0000000606e00000|100%|HC|  |TAMS 0x0000000606e00000, 0x0000000606c00000| Complete 
|  14|0x0000000606e00000, 0x0000000607000000, 0x0000000607000000|100%| O|  |TAMS 0x0000000607000000, 0x0000000606e00000| Untracked 
|  15|0x0000000607000000, 0x0000000607200000, 0x0000000607200000|100%| O|  |TAMS 0x0000000607200000, 0x0000000607000000| Untracked 
|  16|0x0000000607200000, 0x0000000607400000, 0x0000000607400000|100%| O|  |TAMS 0x0000000607400000, 0x0000000607200000| Untracked 
|  17|0x0000000607400000, 0x0000000607600000, 0x0000000607600000|100%| O|  |TAMS 0x0000000607600000, 0x0000000607400000| Untracked 
|  18|0x0000000607600000, 0x0000000607800000, 0x0000000607800000|100%| O|  |TAMS 0x0000000607800000, 0x0000000607600000| Untracked 
|  19|0x0000000607800000, 0x0000000607a00000, 0x0000000607a00000|100%| O|  |TAMS 0x0000000607a00000, 0x0000000607800000| Untracked 
|  20|0x0000000607a00000, 0x0000000607c00000, 0x0000000607c00000|100%| O|  |TAMS 0x0000000607c00000, 0x0000000607a00000| Untracked 
|  21|0x0000000607c00000, 0x0000000607e00000, 0x0000000607e00000|100%| O|  |TAMS 0x0000000607e00000, 0x0000000607c00000| Untracked 
|  22|0x0000000607e00000, 0x0000000608000000, 0x0000000608000000|100%| O|  |TAMS 0x0000000608000000, 0x0000000607e00000| Untracked 
|  23|0x0000000608000000, 0x0000000608200000, 0x0000000608200000|100%| O|  |TAMS 0x0000000608200000, 0x0000000608000000| Untracked 
|  24|0x0000000608200000, 0x0000000608400000, 0x0000000608400000|100%| O|  |TAMS 0x0000000608400000, 0x0000000608200000| Untracked 
|  25|0x0000000608400000, 0x0000000608600000, 0x0000000608600000|100%| O|  |TAMS 0x0000000608600000, 0x0000000608400000| Untracked 
|  26|0x0000000608600000, 0x0000000608800000, 0x0000000608800000|100%| O|  |TAMS 0x0000000608800000, 0x0000000608600000| Untracked 
|  27|0x0000000608800000, 0x0000000608a00000, 0x0000000608a00000|100%| O|  |TAMS 0x0000000608a00000, 0x0000000608800000| Untracked 
|  28|0x0000000608a00000, 0x0000000608c00000, 0x0000000608c00000|100%| O|  |TAMS 0x0000000608c00000, 0x0000000608a00000| Untracked 
|  29|0x0000000608c00000, 0x0000000608c00000, 0x0000000608e00000|  0%| F|  |TAMS 0x0000000608c00000, 0x0000000608c00000| Untracked 
|  30|0x0000000608e00000, 0x0000000608e00000, 0x0000000609000000|  0%| F|  |TAMS 0x0000000608e00000, 0x0000000608e00000| Untracked 
|  31|0x0000000609000000, 0x0000000609000000, 0x0000000609200000|  0%| F|  |TAMS 0x0000000609000000, 0x0000000609000000| Untracked 
|  32|0x0000000609200000, 0x0000000609200000, 0x0000000609400000|  0%| F|  |TAMS 0x0000000609200000, 0x0000000609200000| Untracked 
|  33|0x0000000609400000, 0x0000000609400000, 0x0000000609600000|  0%| F|  |TAMS 0x0000000609400000, 0x0000000609400000| Untracked 
|  34|0x0000000609600000, 0x0000000609600000, 0x0000000609800000|  0%| F|  |TAMS 0x0000000609600000, 0x0000000609600000| Untracked 
|  35|0x0000000609800000, 0x0000000609800000, 0x0000000609a00000|  0%| F|  |TAMS 0x0000000609800000, 0x0000000609800000| Untracked 
|  36|0x0000000609a00000, 0x0000000609a00000, 0x0000000609c00000|  0%| F|  |TAMS 0x0000000609a00000, 0x0000000609a00000| Untracked 
|  37|0x0000000609c00000, 0x0000000609c00000, 0x0000000609e00000|  0%| F|  |TAMS 0x0000000609c00000, 0x0000000609c00000| Untracked 
|  38|0x0000000609e00000, 0x0000000609e00000, 0x000000060a000000|  0%| F|  |TAMS 0x0000000609e00000, 0x0000000609e00000| Untracked 
|  39|0x000000060a000000, 0x000000060a000000, 0x000000060a200000|  0%| F|  |TAMS 0x000000060a000000, 0x000000060a000000| Untracked 
|  40|0x000000060a200000, 0x000000060a200000, 0x000000060a400000|  0%| F|  |TAMS 0x000000060a200000, 0x000000060a200000| Untracked 
|  41|0x000000060a400000, 0x000000060a400000, 0x000000060a600000|  0%| F|  |TAMS 0x000000060a400000, 0x000000060a400000| Untracked 
|  42|0x000000060a600000, 0x000000060a600000, 0x000000060a800000|  0%| F|  |TAMS 0x000000060a600000, 0x000000060a600000| Untracked 
|  43|0x000000060a800000, 0x000000060a800000, 0x000000060aa00000|  0%| F|  |TAMS 0x000000060a800000, 0x000000060a800000| Untracked 
|  44|0x000000060aa00000, 0x000000060aa00000, 0x000000060ac00000|  0%| F|  |TAMS 0x000000060aa00000, 0x000000060aa00000| Untracked 
|  45|0x000000060ac00000, 0x000000060ac00000, 0x000000060ae00000|  0%| F|  |TAMS 0x000000060ac00000, 0x000000060ac00000| Untracked 
|  46|0x000000060ae00000, 0x000000060ae00000, 0x000000060b000000|  0%| F|  |TAMS 0x000000060ae00000, 0x000000060ae00000| Untracked 
|  47|0x000000060b000000, 0x000000060b000000, 0x000000060b200000|  0%| F|  |TAMS 0x000000060b000000, 0x000000060b000000| Untracked 
|  48|0x000000060b200000, 0x000000060b200000, 0x000000060b400000|  0%| F|  |TAMS 0x000000060b200000, 0x000000060b200000| Untracked 
|  49|0x000000060b400000, 0x000000060b400000, 0x000000060b600000|  0%| F|  |TAMS 0x000000060b400000, 0x000000060b400000| Untracked 
|  50|0x000000060b600000, 0x000000060b600000, 0x000000060b800000|  0%| F|  |TAMS 0x000000060b600000, 0x000000060b600000| Untracked 
|  51|0x000000060b800000, 0x000000060b800000, 0x000000060ba00000|  0%| F|  |TAMS 0x000000060b800000, 0x000000060b800000| Untracked 
|  52|0x000000060ba00000, 0x000000060ba00000, 0x000000060bc00000|  0%| F|  |TAMS 0x000000060ba00000, 0x000000060ba00000| Untracked 
|  53|0x000000060bc00000, 0x000000060bc00000, 0x000000060be00000|  0%| F|  |TAMS 0x000000060bc00000, 0x000000060bc00000| Untracked 
|  54|0x000000060be00000, 0x000000060be00000, 0x000000060c000000|  0%| F|  |TAMS 0x000000060be00000, 0x000000060be00000| Untracked 
|  55|0x000000060c000000, 0x000000060c000000, 0x000000060c200000|  0%| F|  |TAMS 0x000000060c000000, 0x000000060c000000| Untracked 
|  56|0x000000060c200000, 0x000000060c2db7f0, 0x000000060c400000| 42%| S|CS|TAMS 0x000000060c200000, 0x000000060c200000| Complete 
|  57|0x000000060c400000, 0x000000060c600000, 0x000000060c600000|100%| S|CS|TAMS 0x000000060c400000, 0x000000060c400000| Complete 
|  58|0x000000060c600000, 0x000000060c600000, 0x000000060c800000|  0%| F|  |TAMS 0x000000060c600000, 0x000000060c600000| Untracked 
|  59|0x000000060c800000, 0x000000060c800000, 0x000000060ca00000|  0%| F|  |TAMS 0x000000060c800000, 0x000000060c800000| Untracked 
|  60|0x000000060ca00000, 0x000000060ca00000, 0x000000060cc00000|  0%| F|  |TAMS 0x000000060ca00000, 0x000000060ca00000| Untracked 
|  61|0x000000060cc00000, 0x000000060cc00000, 0x000000060ce00000|  0%| F|  |TAMS 0x000000060cc00000, 0x000000060cc00000| Untracked 
|  62|0x000000060ce00000, 0x000000060ce00000, 0x000000060d000000|  0%| F|  |TAMS 0x000000060ce00000, 0x000000060ce00000| Untracked 
|  63|0x000000060d000000, 0x000000060d000000, 0x000000060d200000|  0%| F|  |TAMS 0x000000060d000000, 0x000000060d000000| Untracked 
|  64|0x000000060d200000, 0x000000060d200000, 0x000000060d400000|  0%| F|  |TAMS 0x000000060d200000, 0x000000060d200000| Untracked 
|  65|0x000000060d400000, 0x000000060d400000, 0x000000060d600000|  0%| F|  |TAMS 0x000000060d400000, 0x000000060d400000| Untracked 
|  66|0x000000060d600000, 0x000000060d600000, 0x000000060d800000|  0%| F|  |TAMS 0x000000060d600000, 0x000000060d600000| Untracked 
|  67|0x000000060d800000, 0x000000060d800000, 0x000000060da00000|  0%| F|  |TAMS 0x000000060d800000, 0x000000060d800000| Untracked 
|  68|0x000000060da00000, 0x000000060da00000, 0x000000060dc00000|  0%| F|  |TAMS 0x000000060da00000, 0x000000060da00000| Untracked 
|  69|0x000000060dc00000, 0x000000060dc00000, 0x000000060de00000|  0%| F|  |TAMS 0x000000060dc00000, 0x000000060dc00000| Untracked 
|  70|0x000000060de00000, 0x000000060de00000, 0x000000060e000000|  0%| F|  |TAMS 0x000000060de00000, 0x000000060de00000| Untracked 
|  71|0x000000060e000000, 0x000000060e000000, 0x000000060e200000|  0%| F|  |TAMS 0x000000060e000000, 0x000000060e000000| Untracked 
|  72|0x000000060e200000, 0x000000060e200800, 0x000000060e400000|  0%| E|  |TAMS 0x000000060e200000, 0x000000060e200000| Complete 
|  73|0x000000060e400000, 0x000000060e600000, 0x000000060e600000|100%| E|CS|TAMS 0x000000060e400000, 0x000000060e400000| Complete 
|  74|0x000000060e600000, 0x000000060e800000, 0x000000060e800000|100%| E|CS|TAMS 0x000000060e600000, 0x000000060e600000| Complete 
|  75|0x000000060e800000, 0x000000060ea00000, 0x000000060ea00000|100%| E|CS|TAMS 0x000000060e800000, 0x000000060e800000| Complete 
|  76|0x000000060ea00000, 0x000000060ec00000, 0x000000060ec00000|100%| E|CS|TAMS 0x000000060ea00000, 0x000000060ea00000| Complete 
|  77|0x000000060ec00000, 0x000000060ee00000, 0x000000060ee00000|100%| E|CS|TAMS 0x000000060ec00000, 0x000000060ec00000| Complete 
|  78|0x000000060ee00000, 0x000000060f000000, 0x000000060f000000|100%| E|CS|TAMS 0x000000060ee00000, 0x000000060ee00000| Complete 
|  79|0x000000060f000000, 0x000000060f200000, 0x000000060f200000|100%| E|CS|TAMS 0x000000060f000000, 0x000000060f000000| Complete 
|  80|0x000000060f200000, 0x000000060f400000, 0x000000060f400000|100%| E|CS|TAMS 0x000000060f200000, 0x000000060f200000| Complete 
|  81|0x000000060f400000, 0x000000060f600000, 0x000000060f600000|100%| E|CS|TAMS 0x000000060f400000, 0x000000060f400000| Complete 
|  82|0x000000060f600000, 0x000000060f800000, 0x000000060f800000|100%| E|CS|TAMS 0x000000060f600000, 0x000000060f600000| Complete 
|  83|0x000000060f800000, 0x000000060fa00000, 0x000000060fa00000|100%| E|CS|TAMS 0x000000060f800000, 0x000000060f800000| Complete 
|  84|0x000000060fa00000, 0x000000060fc00000, 0x000000060fc00000|100%| E|CS|TAMS 0x000000060fa00000, 0x000000060fa00000| Complete 
|  85|0x000000060fc00000, 0x000000060fe00000, 0x000000060fe00000|100%| E|CS|TAMS 0x000000060fc00000, 0x000000060fc00000| Complete 
|  86|0x000000060fe00000, 0x0000000610000000, 0x0000000610000000|100%| E|CS|TAMS 0x000000060fe00000, 0x000000060fe00000| Complete 
|  87|0x0000000610000000, 0x0000000610200000, 0x0000000610200000|100%| E|CS|TAMS 0x0000000610000000, 0x0000000610000000| Complete 
|  88|0x0000000610200000, 0x0000000610400000, 0x0000000610400000|100%| E|CS|TAMS 0x0000000610200000, 0x0000000610200000| Complete 
|  89|0x0000000610400000, 0x0000000610600000, 0x0000000610600000|100%| E|CS|TAMS 0x0000000610400000, 0x0000000610400000| Complete 
|  90|0x0000000610600000, 0x0000000610800000, 0x0000000610800000|100%| E|CS|TAMS 0x0000000610600000, 0x0000000610600000| Complete 
|  91|0x0000000610800000, 0x0000000610a00000, 0x0000000610a00000|100%| E|CS|TAMS 0x0000000610800000, 0x0000000610800000| Complete 
|  92|0x0000000610a00000, 0x0000000610c00000, 0x0000000610c00000|100%| E|CS|TAMS 0x0000000610a00000, 0x0000000610a00000| Complete 
|  93|0x0000000610c00000, 0x0000000610e00000, 0x0000000610e00000|100%| E|CS|TAMS 0x0000000610c00000, 0x0000000610c00000| Complete 
|  94|0x0000000610e00000, 0x0000000611000000, 0x0000000611000000|100%| E|CS|TAMS 0x0000000610e00000, 0x0000000610e00000| Complete 
|  95|0x0000000611000000, 0x0000000611200000, 0x0000000611200000|100%| E|CS|TAMS 0x0000000611000000, 0x0000000611000000| Complete 
|  96|0x0000000611200000, 0x0000000611400000, 0x0000000611400000|100%| E|CS|TAMS 0x0000000611200000, 0x0000000611200000| Complete 
|  97|0x0000000611400000, 0x0000000611600000, 0x0000000611600000|100%| E|CS|TAMS 0x0000000611400000, 0x0000000611400000| Complete 
|  98|0x0000000611600000, 0x0000000611800000, 0x0000000611800000|100%| E|CS|TAMS 0x0000000611600000, 0x0000000611600000| Complete 
|  99|0x0000000611800000, 0x0000000611a00000, 0x0000000611a00000|100%| E|CS|TAMS 0x0000000611800000, 0x0000000611800000| Complete 
| 100|0x0000000611a00000, 0x0000000611c00000, 0x0000000611c00000|100%| E|CS|TAMS 0x0000000611a00000, 0x0000000611a00000| Complete 
| 101|0x0000000611c00000, 0x0000000611e00000, 0x0000000611e00000|100%| E|CS|TAMS 0x0000000611c00000, 0x0000000611c00000| Complete 
| 102|0x0000000611e00000, 0x0000000612000000, 0x0000000612000000|100%| E|CS|TAMS 0x0000000611e00000, 0x0000000611e00000| Complete 
| 103|0x0000000612000000, 0x0000000612200000, 0x0000000612200000|100%| E|CS|TAMS 0x0000000612000000, 0x0000000612000000| Complete 
| 104|0x0000000612200000, 0x0000000612400000, 0x0000000612400000|100%| E|CS|TAMS 0x0000000612200000, 0x0000000612200000| Complete 
| 105|0x0000000612400000, 0x0000000612600000, 0x0000000612600000|100%| E|CS|TAMS 0x0000000612400000, 0x0000000612400000| Complete 
| 106|0x0000000612600000, 0x0000000612800000, 0x0000000612800000|100%| E|CS|TAMS 0x0000000612600000, 0x0000000612600000| Complete 
| 107|0x0000000612800000, 0x0000000612a00000, 0x0000000612a00000|100%| E|CS|TAMS 0x0000000612800000, 0x0000000612800000| Complete 
| 108|0x0000000612a00000, 0x0000000612c00000, 0x0000000612c00000|100%| E|CS|TAMS 0x0000000612a00000, 0x0000000612a00000| Complete 
| 109|0x0000000612c00000, 0x0000000612e00000, 0x0000000612e00000|100%| E|CS|TAMS 0x0000000612c00000, 0x0000000612c00000| Complete 
| 110|0x0000000612e00000, 0x0000000613000000, 0x0000000613000000|100%| E|CS|TAMS 0x0000000612e00000, 0x0000000612e00000| Complete 
| 111|0x0000000613000000, 0x0000000613200000, 0x0000000613200000|100%| E|CS|TAMS 0x0000000613000000, 0x0000000613000000| Complete 
| 112|0x0000000613200000, 0x0000000613400000, 0x0000000613400000|100%| E|CS|TAMS 0x0000000613200000, 0x0000000613200000| Complete 
| 113|0x0000000613400000, 0x0000000613600000, 0x0000000613600000|100%| E|CS|TAMS 0x0000000613400000, 0x0000000613400000| Complete 
| 114|0x0000000613600000, 0x0000000613800000, 0x0000000613800000|100%| E|CS|TAMS 0x0000000613600000, 0x0000000613600000| Complete 
| 115|0x0000000613800000, 0x0000000613a00000, 0x0000000613a00000|100%| E|CS|TAMS 0x0000000613800000, 0x0000000613800000| Complete 
| 116|0x0000000613a00000, 0x0000000613c00000, 0x0000000613c00000|100%| E|CS|TAMS 0x0000000613a00000, 0x0000000613a00000| Complete 
| 117|0x0000000613c00000, 0x0000000613e00000, 0x0000000613e00000|100%| E|CS|TAMS 0x0000000613c00000, 0x0000000613c00000| Complete 
| 118|0x0000000613e00000, 0x0000000614000000, 0x0000000614000000|100%| E|CS|TAMS 0x0000000613e00000, 0x0000000613e00000| Complete 
| 119|0x0000000614000000, 0x0000000614200000, 0x0000000614200000|100%| E|CS|TAMS 0x0000000614000000, 0x0000000614000000| Complete 
| 120|0x0000000614200000, 0x0000000614400000, 0x0000000614400000|100%| E|CS|TAMS 0x0000000614200000, 0x0000000614200000| Complete 
| 121|0x0000000614400000, 0x0000000614600000, 0x0000000614600000|100%| E|CS|TAMS 0x0000000614400000, 0x0000000614400000| Complete 
| 122|0x0000000614600000, 0x0000000614800000, 0x0000000614800000|100%| E|CS|TAMS 0x0000000614600000, 0x0000000614600000| Complete 
| 123|0x0000000614800000, 0x0000000614a00000, 0x0000000614a00000|100%| E|CS|TAMS 0x0000000614800000, 0x0000000614800000| Complete 
| 124|0x0000000614a00000, 0x0000000614c00000, 0x0000000614c00000|100%| E|CS|TAMS 0x0000000614a00000, 0x0000000614a00000| Complete 
| 125|0x0000000614c00000, 0x0000000614e00000, 0x0000000614e00000|100%| E|CS|TAMS 0x0000000614c00000, 0x0000000614c00000| Complete 
| 126|0x0000000614e00000, 0x0000000615000000, 0x0000000615000000|100%| E|CS|TAMS 0x0000000614e00000, 0x0000000614e00000| Complete 
| 127|0x0000000615000000, 0x0000000615200000, 0x0000000615200000|100%| E|CS|TAMS 0x0000000615000000, 0x0000000615000000| Complete 
| 128|0x0000000615200000, 0x0000000615400000, 0x0000000615400000|100%| E|CS|TAMS 0x0000000615200000, 0x0000000615200000| Complete 
| 129|0x0000000615400000, 0x0000000615600000, 0x0000000615600000|100%| E|CS|TAMS 0x0000000615400000, 0x0000000615400000| Complete 
| 130|0x0000000615600000, 0x0000000615800000, 0x0000000615800000|100%| E|CS|TAMS 0x0000000615600000, 0x0000000615600000| Complete 
| 131|0x0000000615800000, 0x0000000615a00000, 0x0000000615a00000|100%| E|CS|TAMS 0x0000000615800000, 0x0000000615800000| Complete 
| 132|0x0000000615a00000, 0x0000000615c00000, 0x0000000615c00000|100%| E|CS|TAMS 0x0000000615a00000, 0x0000000615a00000| Complete 
| 133|0x0000000615c00000, 0x0000000615e00000, 0x0000000615e00000|100%| E|CS|TAMS 0x0000000615c00000, 0x0000000615c00000| Complete 
| 134|0x0000000615e00000, 0x0000000616000000, 0x0000000616000000|100%| E|CS|TAMS 0x0000000615e00000, 0x0000000615e00000| Complete 
| 135|0x0000000616000000, 0x0000000616200000, 0x0000000616200000|100%| E|CS|TAMS 0x0000000616000000, 0x0000000616000000| Complete 
| 136|0x0000000616200000, 0x0000000616400000, 0x0000000616400000|100%| E|CS|TAMS 0x0000000616200000, 0x0000000616200000| Complete 
| 137|0x0000000616400000, 0x0000000616600000, 0x0000000616600000|100%| E|CS|TAMS 0x0000000616400000, 0x0000000616400000| Complete 
| 138|0x0000000616600000, 0x0000000616800000, 0x0000000616800000|100%| E|CS|TAMS 0x0000000616600000, 0x0000000616600000| Complete 
| 139|0x0000000616800000, 0x0000000616a00000, 0x0000000616a00000|100%| E|CS|TAMS 0x0000000616800000, 0x0000000616800000| Complete 
| 140|0x0000000616a00000, 0x0000000616c00000, 0x0000000616c00000|100%| E|CS|TAMS 0x0000000616a00000, 0x0000000616a00000| Complete 
| 141|0x0000000616c00000, 0x0000000616e00000, 0x0000000616e00000|100%| E|CS|TAMS 0x0000000616c00000, 0x0000000616c00000| Complete 
| 142|0x0000000616e00000, 0x0000000617000000, 0x0000000617000000|100%| E|CS|TAMS 0x0000000616e00000, 0x0000000616e00000| Complete 
| 143|0x0000000617000000, 0x0000000617200000, 0x0000000617200000|100%| E|CS|TAMS 0x0000000617000000, 0x0000000617000000| Complete 

Card table byte_map: [0x000001cef0130000,0x000001cef1110000] _byte_map_base: 0x000001ceed107000

Marking Bits (Prev, Next): (CMBitMap*) 0x000001ced6a18b10, (CMBitMap*) 0x000001ced6a18ad8
 Prev Bits: [0x000001ce80000000, 0x000001ce87eb8000)
 Next Bits: [0x000001cef20f0000, 0x000001cef9fa8000)

Polling page: 0x000001ced4880000

Metaspace:

Usage:
  Non-class:     27.39 MB capacity,    27.05 MB ( 99%) used,   289.59 KB (  1%) free+waste,    64.38 KB ( <1%) overhead. 
      Class:      3.06 MB capacity,     2.85 MB ( 93%) used,   184.63 KB (  6%) free+waste,    29.69 KB ( <1%) overhead. 
       Both:     30.45 MB capacity,    29.90 MB ( 98%) used,   474.23 KB (  2%) free+waste,    94.06 KB ( <1%) overhead. 

Virtual space:
  Non-class space:       28.00 MB reserved,      27.50 MB ( 98%) committed 
      Class space:        1.00 GB reserved,       3.13 MB ( <1%) committed 
             Both:        1.03 GB reserved,      30.63 MB (  3%) committed 

Chunk freelists:
   Non-Class:  5.63 KB
       Class:  640 bytes
        Both:  6.25 KB

CodeHeap 'non-profiled nmethods': size=118912Kb used=1954Kb max_used=1954Kb free=116957Kb
 bounds [0x000001cee6a10000, 0x000001cee6c80000, 0x000001ceede30000]
CodeHeap 'profiled nmethods': size=118848Kb used=7921Kb max_used=7921Kb free=110926Kb
 bounds [0x000001cedf600000, 0x000001cedfdc0000, 0x000001cee6a10000]
CodeHeap 'non-nmethods': size=8000Kb used=2265Kb max_used=4025Kb free=5734Kb
 bounds [0x000001cedee30000, 0x000001cedf2c0000, 0x000001cedf600000]
 total_blobs=4673 nmethods=3459 adapters=1123
 compilation: enabled
              stopped_count=0, restarted_count=0
 full_count=0

Compilation events (10 events):
Event: 81.019 Thread 0x000001cefde7b000 3417   !   4       jdk.internal.logger.LazyLoggers$LazyLoggerAccessor::platform (103 bytes)
Event: 81.022 Thread 0x000001cefde81000 3419       3       sun.awt.NullComponentPeer::beginLayout (1 bytes)
Event: 81.022 Thread 0x000001cefde7b000 nmethod 3417 0x000001cee6bf3310 code [0x000001cee6bf34c0, 0x000001cee6bf3d50]
Event: 81.022 Thread 0x000001cefde81000 nmethod 3419 0x000001cedfda7190 code [0x000001cedfda7320, 0x000001cedfda7418]
Event: 81.022 Thread 0x000001cefde7b000 3418       4       jdk.internal.logger.LazyLoggers$LazyLoggerWrapper::platformProxy (10 bytes)
Event: 81.022 Thread 0x000001cefde81000 3420       3       sun.awt.NullComponentPeer::endLayout (1 bytes)
Event: 81.022 Thread 0x000001cefde81000 nmethod 3420 0x000001cedfda7490 code [0x000001cedfda7620, 0x000001cedfda7718]
Event: 81.023 Thread 0x000001cefde7b000 nmethod 3418 0x000001cee6bf3f10 code [0x000001cee6bf40a0, 0x000001cee6bf4148]
Event: 81.030 Thread 0x000001cefde81000 3421       1       javax.swing.JSlider::getModel (5 bytes)
Event: 81.030 Thread 0x000001cefde81000 nmethod 3421 0x000001cee6bf4210 code [0x000001cee6bf43a0, 0x000001cee6bf4458]

GC Heap History (10 events):
Event: 4.260 GC heap before
{Heap before GC invocations=19 (full 1):
 garbage-first heap   total 69632K, used 52872K [0x0000000605200000, 0x0000000800000000)
  region size 2048K, 2 young (4096K), 1 survivors (2048K)
 Metaspace       used 19088K, capacity 19557K, committed 19712K, reserved 1067008K
  class space    used 2101K, capacity 2284K, committed 2304K, reserved 1048576K
}
Event: 4.262 GC heap after
{Heap after GC invocations=20 (full 1):
 garbage-first heap   total 294912K, used 52681K [0x0000000605200000, 0x0000000800000000)
  region size 2048K, 1 young (2048K), 1 survivors (2048K)
 Metaspace       used 19088K, capacity 19557K, committed 19712K, reserved 1067008K
  class space    used 2101K, capacity 2284K, committed 2304K, reserved 1048576K
}
Event: 45.816 GC heap before
{Heap before GC invocations=20 (full 1):
 garbage-first heap   total 294912K, used 62921K [0x0000000605200000, 0x0000000800000000)
  region size 2048K, 7 young (14336K), 1 survivors (2048K)
 Metaspace       used 21390K, capacity 21902K, committed 22016K, reserved 1069056K
  class space    used 2294K, capacity 2494K, committed 2560K, reserved 1048576K
}
Event: 45.817 GC heap after
{Heap after GC invocations=21 (full 1):
 garbage-first heap   total 294912K, used 60957K [0x0000000605200000, 0x0000000800000000)
  region size 2048K, 1 young (2048K), 1 survivors (2048K)
 Metaspace       used 21390K, capacity 21902K, committed 22016K, reserved 1069056K
  class space    used 2294K, capacity 2494K, committed 2560K, reserved 1048576K
}
Event: 46.000 GC heap before
{Heap before GC invocations=21 (full 1):
 garbage-first heap   total 294912K, used 140829K [0x0000000605200000, 0x0000000800000000)
  region size 2048K, 38 young (77824K), 1 survivors (2048K)
 Metaspace       used 26321K, capacity 26856K, committed 27008K, reserved 1073152K
  class space    used 2391K, capacity 2608K, committed 2688K, reserved 1048576K
}
Event: 46.001 GC heap after
{Heap after GC invocations=22 (full 1):
 garbage-first heap   total 294912K, used 60980K [0x0000000605200000, 0x0000000800000000)
  region size 2048K, 2 young (4096K), 2 survivors (4096K)
 Metaspace       used 26321K, capacity 26856K, committed 27008K, reserved 1073152K
  class space    used 2391K, capacity 2608K, committed 2688K, reserved 1048576K
}
Event: 46.079 GC heap before
{Heap before GC invocations=22 (full 1):
 garbage-first heap   total 294912K, used 165428K [0x0000000605200000, 0x0000000800000000)
  region size 2048K, 53 young (108544K), 2 survivors (4096K)
 Metaspace       used 26328K, capacity 26920K, committed 27264K, reserved 1073152K
  class space    used 2391K, capacity 2608K, committed 2688K, reserved 1048576K
}
Event: 46.080 GC heap after
{Heap after GC invocations=23 (full 1):
 garbage-first heap   total 294912K, used 61064K [0x0000000605200000, 0x0000000800000000)
  region size 2048K, 2 young (4096K), 2 survivors (4096K)
 Metaspace       used 26328K, capacity 26920K, committed 27264K, reserved 1073152K
  class space    used 2391K, capacity 2608K, committed 2688K, reserved 1048576K
}
Event: 65.413 GC heap before
{Heap before GC invocations=23 (full 1):
 garbage-first heap   total 294912K, used 233096K [0x0000000605200000, 0x0000000800000000)
  region size 2048K, 86 young (176128K), 2 survivors (4096K)
 Metaspace       used 30507K, capacity 31054K, committed 31360K, reserved 1077248K
  class space    used 2909K, capacity 3131K, committed 3200K, reserved 1048576K
}
Event: 65.416 GC heap after
{Heap after GC invocations=24 (full 1):
 garbage-first heap   total 294912K, used 61835K [0x0000000605200000, 0x0000000800000000)
  region size 2048K, 2 young (4096K), 2 survivors (4096K)
 Metaspace       used 30507K, capacity 31054K, committed 31360K, reserved 1077248K
  class space    used 2909K, capacity 3131K, committed 3200K, reserved 1048576K
}

Deoptimization events (10 events):
Event: 46.135 Thread 0x000001ce941f6000 Uncommon trap: reason=unstable_if action=reinterpret pc=0x000001cee6b64e98 method=jdk.internal.loader.URLClassPath$FileLoader.getResource(Ljava/lang/String;Z)Ljdk/internal/loader/Resource; @ 139 c2
Event: 46.136 Thread 0x000001ce941f6000 Uncommon trap: reason=unstable_if action=reinterpret pc=0x000001cee6ae5038 method=java.lang.Integer.stringSize(I)I @ 3 c2
Event: 46.136 Thread 0x000001ce941f6000 Uncommon trap: reason=unstable_if action=reinterpret pc=0x000001cee6ae75a8 method=java.lang.Integer.getChars(II[B)I @ 4 c2
Event: 46.228 Thread 0x000001ce944b3000 Uncommon trap: reason=unstable_if action=reinterpret pc=0x000001cee6b2fa7c method=jdk.internal.jimage.ImageLocation.verify(Ljava/lang/String;Ljava/lang/String;[JLjdk/internal/jimage/ImageStrings;)Z @ 18 c2
Event: 46.235 Thread 0x000001ce944b3000 Uncommon trap: reason=unstable_if action=reinterpret pc=0x000001cee6b26e20 method=jdk.internal.jimage.ImageLocation.verify(Ljava/lang/String;Ljava/lang/String;[JLjdk/internal/jimage/ImageStrings;)Z @ 18 c2
Event: 46.271 Thread 0x000001ce944b3000 Uncommon trap: reason=unstable_if action=reinterpret pc=0x000001cee6ae6078 method=java.lang.Integer.stringSize(I)I @ 3 c2
Event: 48.651 Thread 0x000001ce944b6800 Uncommon trap: reason=class_check action=maybe_recompile pc=0x000001cee6ab3d3c method=sun.awt.image.ImageWatched$WeakLink.newInfo(Ljava/awt/Image;IIIII)Z @ 25 c2
Event: 48.651 Thread 0x000001ce944b6800 Uncommon trap: reason=class_check action=maybe_recompile pc=0x000001cee6ab34d0 method=sun.awt.image.ImageWatched$WeakLink.lambda$update$0(Ljava/awt/image/ImageObserver;Ljava/awt/Image;IIIII)Ljava/lang/Boolean; @ 10 c2
Event: 58.982 Thread 0x000001cece820000 Uncommon trap: reason=intrinsic_or_type_checked_inlining action=make_not_entrant pc=0x000001cee6bcddf8 method=java.util.ArrayList$SubList.toArray([Ljava/lang/Object;)[Ljava/lang/Object; @ 58 c2
Event: 73.943 Thread 0x000001ce944b3000 Uncommon trap: reason=unstable_fused_if action=reinterpret pc=0x000001cee6bdaf48 method=jdk.internal.math.FloatingDecimal$BinaryToASCIIBuffer.dtoa(IJIZ)V @ 82 c2

Classes redefined (0 events):
No events

Internal exceptions (10 events):
Event: 4.464 Thread 0x000001ce89806000 Exception <a 'java/lang/NoSuchMethodError'{0x000000061684f790}: java.lang.invoke.DirectMethodHandle$Holder.invokeStatic(Ljava/lang/Object;J)Ljava/lang/Object;> (0x000000061684f790) thrown at [./open/src/hotspot/share/interpreter/linkResolver.cpp, line 772
Event: 4.465 Thread 0x000001ce89806000 Exception <a 'java/lang/NoSuchMethodError'{0x00000006168612a0}: java.lang.invoke.DirectMethodHandle$Holder.invokeStaticInit(Ljava/lang/Object;Ljava/lang/Object;JLjava/lang/Object;)Ljava/lang/Object;> (0x00000006168612a0) thrown at [./open/src/hotspot/shar
Event: 4.465 Thread 0x000001ce89806000 Exception <a 'java/lang/NoSuchMethodError'{0x0000000616868828}: java.lang.invoke.DirectMethodHandle$Holder.invokeStatic(Ljava/lang/Object;Ljava/lang/Object;J)Ljava/lang/Object;> (0x0000000616868828) thrown at [./open/src/hotspot/share/interpreter/linkReso
Event: 4.465 Thread 0x000001ce89806000 Exception <a 'java/lang/NoSuchMethodError'{0x000000061686ffc8}: java.lang.invoke.Invokers$Holder.linkToTargetMethod(Ljava/lang/Object;JLjava/lang/Object;)Ljava/lang/Object;> (0x000000061686ffc8) thrown at [./open/src/hotspot/share/interpreter/linkResolver
Event: 45.816 Thread 0x000001ce89806000 Exception <a 'java/lang/NoSuchMethodError'{0x00000006167dd068}: java.lang.invoke.DirectMethodHandle$Holder.invokeStaticInit(Ljava/lang/Object;Ljava/lang/Object;Ljava/lang/Object;Ljava/lang/Object;)I> (0x00000006167dd068) thrown at [./open/src/hotspot/shar
Event: 45.818 Thread 0x000001ce89806000 Exception <a 'java/lang/IncompatibleClassChangeError'{0x000000061706ad38}: Found class java.lang.Object, but interface was expected> (0x000000061706ad38) thrown at [./open/src/hotspot/share/interpreter/linkResolver.cpp, line 838]
Event: 45.818 Thread 0x000001ce89806000 Exception <a 'java/lang/NoSuchMethodError'{0x000000061706dc40}: java.lang.invoke.DirectMethodHandle$Holder.invokeStaticInit(Ljava/lang/Object;Ljava/lang/Object;)V> (0x000000061706dc40) thrown at [./open/src/hotspot/share/interpreter/linkResolver.cpp, line
Event: 45.819 Thread 0x000001ce89806000 Exception <a 'java/lang/NoSuchMethodError'{0x0000000617073730}: java.lang.invoke.DirectMethodHandle$Holder.invokeStaticInit(Ljava/lang/Object;Ljava/lang/Object;)I> (0x0000000617073730) thrown at [./open/src/hotspot/share/interpreter/linkResolver.cpp, line
Event: 48.651 Thread 0x000001ce944b6800 Exception <a 'java/io/FileNotFoundException'{0x0000000610391de8}> (0x0000000610391de8) thrown at [./open/src/hotspot/share/prims/jni.cpp, line 611]
Event: 58.674 Thread 0x000001cece820000 Exception <a 'java/lang/NoSuchMethodError'{0x00000006101a9bc8}: java.lang.invoke.DirectMethodHandle$Holder.invokeStatic(Ljava/lang/Object;Ljava/lang/Object;Ljava/lang/Object;Ljava/lang/Object;)V> (0x00000006101a9bc8) thrown at [./open/src/hotspot/share/in

Events (10 events):
Event: 81.031 Executing VM operation: RevokeBias
Event: 81.031 Executing VM operation: RevokeBias done
Event: 81.031 Executing VM operation: RevokeBias
Event: 81.031 Executing VM operation: RevokeBias done
Event: 81.031 Executing VM operation: RevokeBias
Event: 81.031 Executing VM operation: RevokeBias done
Event: 81.031 loading class cFileMappingManettesClient
Event: 81.031 loading class cFileMappingManettesClient done
Event: 81.032 loading class JNIFileMappingManettesClientJNI
Event: 81.032 loading class JNIFileMappingManettesClientJNI done


Dynamic libraries:
0x00007ff748d90000 - 0x00007ff748d9f000 	C:\Program Files\Java\jdk-11.0.11\bin\javaw.exe
0x00007ffb3d5f0000 - 0x00007ffb3d7e8000 	C:\WINDOWS\SYSTEM32\ntdll.dll
0x00007ffb3c370000 - 0x00007ffb3c432000 	C:\WINDOWS\System32\KERNEL32.DLL
0x00007ffb3ae20000 - 0x00007ffb3b116000 	C:\WINDOWS\System32\KERNELBASE.dll
0x00007ffb36620000 - 0x00007ffb366b4000 	C:\WINDOWS\SYSTEM32\apphelp.dll
0x00007ffb3ac90000 - 0x00007ffb3ad90000 	C:\WINDOWS\System32\ucrtbase.dll
0x00007ffb361b0000 - 0x00007ffb361c8000 	C:\Program Files\Java\jdk-11.0.11\bin\jli.dll
0x00007ffb3d500000 - 0x00007ffb3d5af000 	C:\WINDOWS\System32\ADVAPI32.dll
0x00007ffb3ba90000 - 0x00007ffb3bb2e000 	C:\WINDOWS\System32\msvcrt.dll
0x00007ffb36190000 - 0x00007ffb361a5000 	C:\Program Files\Java\jdk-11.0.11\bin\VCRUNTIME140.dll
0x00007ffb3bbf0000 - 0x00007ffb3bc8f000 	C:\WINDOWS\System32\sechost.dll
0x00007ffb3c020000 - 0x00007ffb3c143000 	C:\WINDOWS\System32\RPCRT4.dll
0x00007ffb3b300000 - 0x00007ffb3b327000 	C:\WINDOWS\System32\bcrypt.dll
0x00007ffb3d2c0000 - 0x00007ffb3d45d000 	C:\WINDOWS\System32\USER32.dll
0x00007ffb3b5f0000 - 0x00007ffb3b612000 	C:\WINDOWS\System32\win32u.dll
0x00007ffb3c310000 - 0x00007ffb3c33b000 	C:\WINDOWS\System32\GDI32.dll
0x00007ffb18f50000 - 0x00007ffb191ea000 	C:\WINDOWS\WinSxS\amd64_microsoft.windows.common-controls_6595b64144ccf1df_6.0.19041.5794_none_60bcd33171f2783c\COMCTL32.dll
0x00007ffb3b4d0000 - 0x00007ffb3b5ea000 	C:\WINDOWS\System32\gdi32full.dll
0x00007ffb3b380000 - 0x00007ffb3b41d000 	C:\WINDOWS\System32\msvcp_win.dll
0x00007ffb338b0000 - 0x00007ffb338ba000 	C:\WINDOWS\SYSTEM32\VERSION.dll
0x00007ffb3d4d0000 - 0x00007ffb3d4ff000 	C:\WINDOWS\System32\IMM32.DLL
0x00007ffb09a30000 - 0x00007ffb09acb000 	C:\Program Files\Java\jdk-11.0.11\bin\msvcp140.dll
0x00007ffadd5e0000 - 0x00007ffade0de000 	C:\Program Files\Java\jdk-11.0.11\bin\server\jvm.dll
0x00007ffb3c300000 - 0x00007ffb3c308000 	C:\WINDOWS\System32\PSAPI.DLL
0x00007ffb0c420000 - 0x00007ffb0c429000 	C:\WINDOWS\SYSTEM32\WSOCK32.dll
0x00007ffb33a20000 - 0x00007ffb33a47000 	C:\WINDOWS\SYSTEM32\WINMM.dll
0x00007ffb3d460000 - 0x00007ffb3d4cb000 	C:\WINDOWS\System32\WS2_32.dll
0x00007ffb38950000 - 0x00007ffb38962000 	C:\WINDOWS\SYSTEM32\kernel.appcore.dll
0x00007ffb37de0000 - 0x00007ffb37df0000 	C:\Program Files\Java\jdk-11.0.11\bin\verify.dll
0x00007ffb37bd0000 - 0x00007ffb37dd1000 	C:\WINDOWS\SYSTEM32\DBGHELP.DLL
0x00007ffb37b90000 - 0x00007ffb37bc4000 	C:\WINDOWS\SYSTEM32\dbgcore.DLL
0x00007ffb3ad90000 - 0x00007ffb3ae12000 	C:\WINDOWS\System32\bcryptPrimitives.dll
0x00007ffb34d00000 - 0x00007ffb34d28000 	C:\Program Files\Java\jdk-11.0.11\bin\java.dll
0x00007ffb377e0000 - 0x00007ffb377ea000 	C:\Program Files\Java\jdk-11.0.11\bin\jimage.dll
0x00007ffb34c60000 - 0x00007ffb34c76000 	C:\Program Files\Java\jdk-11.0.11\bin\zip.dll
0x00007ffb3ca10000 - 0x00007ffb3d17e000 	C:\WINDOWS\System32\SHELL32.dll
0x00007ffb38b50000 - 0x00007ffb392f3000 	C:\WINDOWS\SYSTEM32\windows.storage.dll
0x00007ffb3c440000 - 0x00007ffb3c793000 	C:\WINDOWS\System32\combase.dll
0x00007ffb3a6c0000 - 0x00007ffb3a6eb000 	C:\WINDOWS\SYSTEM32\Wldp.dll
0x00007ffb3c230000 - 0x00007ffb3c2fd000 	C:\WINDOWS\System32\OLEAUT32.dll
0x00007ffb3bf70000 - 0x00007ffb3c01d000 	C:\WINDOWS\System32\SHCORE.dll
0x00007ffb3c830000 - 0x00007ffb3c885000 	C:\WINDOWS\System32\shlwapi.dll
0x00007ffb3abc0000 - 0x00007ffb3abe5000 	C:\WINDOWS\SYSTEM32\profapi.dll
0x00007ffb37df0000 - 0x00007ffb37e00000 	C:\temp\Projet_Drone_2025_Final\Appli_Projet_FMP_Actif_V5\JNIFileMappingPictureServeur.dll
0x00007ffb133d0000 - 0x00007ffb133dc000 	C:\WINDOWS\SYSTEM32\VCRUNTIME140_1.dll
0x00007ffb376d0000 - 0x00007ffb376d9000 	C:\temp\Projet_Drone_2025_Final\Appli_Projet_FMP_Actif_V5\JNIVirtualRobotHaptiqueDrone.dll
0x00007ffb36160000 - 0x00007ffb3616b000 	C:\temp\Projet_Drone_2025_Final\Appli_Projet_FMP_Actif_V5\JNIFileMappingRobotHaptiqueDroneClient.dll
0x00007ffb2a4d0000 - 0x00007ffb2a4eb000 	C:\temp\Projet_Drone_2025_Final\Appli_Projet_FMP_Actif_V5\JNIFileMappingManettesClient.dll
0x00007ffb19380000 - 0x00007ffb193ae000 	C:\WINDOWS\SYSTEM32\VCRUNTIME140D.dll
0x00007ffae1780000 - 0x00007ffae1862000 	C:\WINDOWS\SYSTEM32\MSVCP140D.dll
0x00007ffb34b10000 - 0x00007ffb34b1f000 	C:\WINDOWS\SYSTEM32\VCRUNTIME140_1D.dll
0x00007ffae0c40000 - 0x00007ffae0e61000 	C:\WINDOWS\SYSTEM32\ucrtbased.dll
0x00007ffb36150000 - 0x00007ffb3615f000 	C:\temp\Projet_Drone_2025_Final\Appli_Projet_FMP_Actif_V5\JNIFileMappingTelloEduTelemetryClient.dll
0x00007ffb36060000 - 0x00007ffb3606f000 	C:\temp\Projet_Drone_2025_Final\Appli_Projet_FMP_Actif_V5\JNIFileMappingTelloEduTelemetryServeur.dll
0x00007ffad72e0000 - 0x00007ffada545000 	C:\temp\Projet_Drone_2025_Final\Appli_Projet_FMP_Actif_V5\lib\opencv_java4100.dll
0x00007ffb3be40000 - 0x00007ffb3bf6b000 	C:\WINDOWS\System32\ole32.dll
0x00007ffb2f630000 - 0x00007ffb2f7ec000 	C:\WINDOWS\SYSTEM32\MFPlat.DLL
0x00007ffb3b330000 - 0x00007ffb3b37e000 	C:\WINDOWS\System32\cfgmgr32.dll
0x00007ffae3390000 - 0x00007ffae34a0000 	C:\WINDOWS\SYSTEM32\MFReadWrite.dll
0x00007ffb378f0000 - 0x00007ffb37b54000 	C:\WINDOWS\SYSTEM32\d3d11.dll
0x00007ffb393f0000 - 0x00007ffb394e6000 	C:\WINDOWS\SYSTEM32\dxgi.dll
0x00007ffb36070000 - 0x00007ffb360f5000 	C:\WINDOWS\SYSTEM32\MF.dll
0x00007ffade400000 - 0x00007ffade88f000 	C:\WINDOWS\SYSTEM32\MFCORE.DLL
0x00007ffb3b120000 - 0x00007ffb3b27d000 	C:\WINDOWS\System32\CRYPT32.dll
0x00007ffb3a220000 - 0x00007ffb3a26b000 	C:\WINDOWS\SYSTEM32\powrprof.dll
0x00007ffb383d0000 - 0x00007ffb383d9000 	C:\WINDOWS\SYSTEM32\ksuser.dll
0x00007ffb3a630000 - 0x00007ffb3a63c000 	C:\WINDOWS\SYSTEM32\CRYPTBASE.DLL
0x00007ffb0e890000 - 0x00007ffb0e8c4000 	C:\WINDOWS\SYSTEM32\RTWorkQ.DLL
0x00007ffb3a090000 - 0x00007ffb3a0a2000 	C:\WINDOWS\SYSTEM32\UMPDC.dll
0x00007ffb32310000 - 0x00007ffb32329000 	C:\Program Files\Java\jdk-11.0.11\bin\net.dll
0x00007ffb30040000 - 0x00007ffb3014a000 	C:\WINDOWS\SYSTEM32\WINHTTP.dll
0x00007ffb3a420000 - 0x00007ffb3a48c000 	C:\WINDOWS\system32\mswsock.dll
0x00007ffb2fcc0000 - 0x00007ffb2fcd2000 	C:\Program Files\Java\jdk-11.0.11\bin\nio.dll
0x00007ffae3130000 - 0x00007ffae32ca000 	C:\Program Files\Java\jdk-11.0.11\bin\awt.dll
0x00007ffb38650000 - 0x00007ffb3867f000 	C:\WINDOWS\system32\DWMAPI.DLL
0x00007ffb35fc0000 - 0x00007ffb3605e000 	C:\WINDOWS\system32\uxtheme.dll
0x00007ffae11f0000 - 0x00007ffae1318000 	C:\WINDOWS\system32\opengl32.dll
0x00007ffb11800000 - 0x00007ffb1182c000 	C:\WINDOWS\SYSTEM32\GLU32.dll
0x00007ffb3c890000 - 0x00007ffb3c9a5000 	C:\WINDOWS\System32\MSCTF.dll
0x00007ffae1df0000 - 0x00007ffae1fc1000 	C:\WINDOWS\system32\d3d9.dll
0x00007ffb2d010000 - 0x00007ffb2d0d2000 	C:\WINDOWS\System32\DriverStore\FileRepository\nvhdc.inf_amd64_a500ea47aa35968a\nvldumdx.dll
0x00007ffb3a850000 - 0x00007ffb3a862000 	C:\WINDOWS\SYSTEM32\msasn1.dll
0x00007ffb33830000 - 0x00007ffb33861000 	C:\WINDOWS\SYSTEM32\cryptnet.dll
0x00007ffb336e0000 - 0x00007ffb33827000 	C:\WINDOWS\SYSTEM32\drvstore.dll
0x00007ffb3aa20000 - 0x00007ffb3aa53000 	C:\WINDOWS\SYSTEM32\devobj.dll
0x00007ffb3b280000 - 0x00007ffb3b2f3000 	C:\WINDOWS\System32\wintrust.dll
0x00007ffb3c340000 - 0x00007ffb3c35d000 	C:\WINDOWS\System32\imagehlp.dll
0x00007ffb3a610000 - 0x00007ffb3a628000 	C:\WINDOWS\SYSTEM32\CRYPTSP.dll
0x00007ffb39cd0000 - 0x00007ffb39d08000 	C:\WINDOWS\system32\rsaenh.dll
0x00007ffb1b0e0000 - 0x00007ffb1eb92000 	C:\WINDOWS\System32\DriverStore\FileRepository\nvhdc.inf_amd64_a500ea47aa35968a\nvgpucomp64.dll
0x00007ffb28450000 - 0x00007ffb28529000 	C:\WINDOWS\System32\DriverStore\FileRepository\nvhdc.inf_amd64_a500ea47aa35968a\NvMemMapStoragex.dll
0x00007ffad5050000 - 0x00007ffad72d7000 	C:\WINDOWS\System32\DriverStore\FileRepository\nvhdc.inf_amd64_a500ea47aa35968a\nvd3dumx.dll
0x00007ffae4b90000 - 0x00007ffae4e60000 	C:\WINDOWS\system32\nvspcap64.dll
0x00007ffb39f20000 - 0x00007ffb39f53000 	C:\WINDOWS\SYSTEM32\ntmarta.dll
0x00007ffb39740000 - 0x00007ffb39763000 	C:\WINDOWS\SYSTEM32\gpapi.dll
0x00007ffae49d0000 - 0x00007ffae4b84000 	C:\WINDOWS\System32\DriverStore\FileRepository\nvhdc.inf_amd64_a500ea47aa35968a\nvppex.dll
0x00007ffb35670000 - 0x00007ffb356ab000 	C:\WINDOWS\SYSTEM32\dxcore.dll
0x00007ffae3ec0000 - 0x00007ffae3f45000 	C:\Program Files\Java\jdk-11.0.11\bin\freetype.dll
0x00007ffae3030000 - 0x00007ffae3122000 	C:\Program Files\Java\jdk-11.0.11\bin\harfbuzz.dll
0x00007ffb2a4b0000 - 0x00007ffb2a4c2000 	C:\Program Files\Java\jdk-11.0.11\bin\fontmanager.dll
0x00007ffb2d270000 - 0x00007ffb2d369000 	C:\WINDOWS\SYSTEM32\textinputframework.dll
0x00007ffb34d70000 - 0x00007ffb350cb000 	C:\WINDOWS\System32\CoreUIComponents.dll
0x00007ffb37e30000 - 0x00007ffb37f22000 	C:\WINDOWS\System32\CoreMessaging.dll
0x00007ffb35b50000 - 0x00007ffb35ca7000 	C:\WINDOWS\SYSTEM32\wintypes.dll
0x00007ffb362b0000 - 0x00007ffb36316000 	C:\WINDOWS\system32\Oleacc.dll
0x00007ffb252c0000 - 0x00007ffb252ed000 	C:\Program Files\Java\jdk-11.0.11\bin\javajpeg.dll
0x00007ffb34710000 - 0x00007ffb347be000 	C:\WINDOWS\SYSTEM32\mscms.dll
0x00007ffb346f0000 - 0x00007ffb34701000 	C:\WINDOWS\SYSTEM32\ColorAdapterClient.dll
0x00007ffb3ab80000 - 0x00007ffb3abae000 	C:\WINDOWS\SYSTEM32\USERENV.dll
0x00007ffb1a450000 - 0x00007ffb1a495000 	C:\WINDOWS\SYSTEM32\icm32.dll
0x00007ffb3a0b0000 - 0x00007ffb3a0eb000 	C:\WINDOWS\SYSTEM32\IPHLPAPI.DLL
0x00007ffb3bb30000 - 0x00007ffb3bb38000 	C:\WINDOWS\System32\NSI.dll
0x00007ffb32870000 - 0x00007ffb32887000 	C:\WINDOWS\SYSTEM32\dhcpcsvc6.DLL
0x00007ffb325a0000 - 0x00007ffb325bd000 	C:\WINDOWS\SYSTEM32\dhcpcsvc.DLL
0x00007ffb3a0f0000 - 0x00007ffb3a1ba000 	C:\WINDOWS\SYSTEM32\DNSAPI.dll
0x00007ffb32aa0000 - 0x00007ffb32aab000 	C:\WINDOWS\SYSTEM32\WINNSI.DLL
0x000001ce930f0000 - 0x000001ce930f4000 	C:\Users\grassi\.javacpp\cache\javacpp-windows-x86_64.jar\org\bytedeco\javacpp\windows-x86_64\api-ms-win-crt-locale-l1-1-0.dll
0x000001ce93310000 - 0x000001ce93315000 	C:\Users\grassi\.javacpp\cache\javacpp-windows-x86_64.jar\org\bytedeco\javacpp\windows-x86_64\api-ms-win-crt-string-l1-1-0.dll
0x000001ce93320000 - 0x000001ce93325000 	C:\Users\grassi\.javacpp\cache\javacpp-windows-x86_64.jar\org\bytedeco\javacpp\windows-x86_64\api-ms-win-crt-stdio-l1-1-0.dll
0x000001ce93330000 - 0x000001ce93336000 	C:\Users\grassi\.javacpp\cache\javacpp-windows-x86_64.jar\org\bytedeco\javacpp\windows-x86_64\api-ms-win-crt-math-l1-1-0.dll
0x000001ce93340000 - 0x000001ce93344000 	C:\Users\grassi\.javacpp\cache\javacpp-windows-x86_64.jar\org\bytedeco\javacpp\windows-x86_64\api-ms-win-crt-heap-l1-1-0.dll
0x000001ce93350000 - 0x000001ce93355000 	C:\Users\grassi\.javacpp\cache\javacpp-windows-x86_64.jar\org\bytedeco\javacpp\windows-x86_64\api-ms-win-crt-runtime-l1-1-0.dll
0x000001ce93360000 - 0x000001ce93365000 	C:\Users\grassi\.javacpp\cache\javacpp-windows-x86_64.jar\org\bytedeco\javacpp\windows-x86_64\api-ms-win-crt-convert-l1-1-0.dll
0x000001ce93370000 - 0x000001ce93374000 	C:\Users\grassi\.javacpp\cache\javacpp-windows-x86_64.jar\org\bytedeco\javacpp\windows-x86_64\api-ms-win-crt-environment-l1-1-0.dll
0x000001ce93380000 - 0x000001ce93384000 	C:\Users\grassi\.javacpp\cache\javacpp-windows-x86_64.jar\org\bytedeco\javacpp\windows-x86_64\api-ms-win-crt-time-l1-1-0.dll
0x000001ce93390000 - 0x000001ce93394000 	C:\Users\grassi\.javacpp\cache\javacpp-windows-x86_64.jar\org\bytedeco\javacpp\windows-x86_64\api-ms-win-crt-filesystem-l1-1-0.dll
0x000001ce933a0000 - 0x000001ce933a4000 	C:\Users\grassi\.javacpp\cache\javacpp-windows-x86_64.jar\org\bytedeco\javacpp\windows-x86_64\api-ms-win-crt-utility-l1-1-0.dll
0x000001ce933b0000 - 0x000001ce933b6000 	C:\Users\grassi\.javacpp\cache\javacpp-windows-x86_64.jar\org\bytedeco\javacpp\windows-x86_64\api-ms-win-crt-multibyte-l1-1-0.dll

dbghelp: loaded successfully - version: 4.0.5 - missing functions: none
symbol engine: initialized successfully - sym options: 0x614 - pdb path: .;C:\Program Files\Java\jdk-11.0.11\bin;C:\WINDOWS\SYSTEM32;C:\WINDOWS\WinSxS\amd64_microsoft.windows.common-controls_6595b64144ccf1df_6.0.19041.5794_none_60bcd33171f2783c;C:\Program Files\Java\jdk-11.0.11\bin\server;C:\temp\Projet_Drone_2025_Final\Appli_Projet_FMP_Actif_V5;C:\temp\Projet_Drone_2025_Final\Appli_Projet_FMP_Actif_V5\lib;C:\WINDOWS\System32\DriverStore\FileRepository\nvhdc.inf_amd64_a500ea47aa35968a;C:\Users\grassi\.javacpp\cache\javacpp-windows-x86_64.jar\org\bytedeco\javacpp\windows-x86_64;C:\Users\grassi\.javacpp\cache\openblas-windows-x86_64.jar\org\bytedeco\openblas\windows-x86_64;C:\Users\grassi\.javacpp\cache\opencv-windows-x86_64.jar\org\bytedeco\opencv\windows-x86_64;C:\Users\grassi\.javacpp\cache\ffmpeg-windows-x86_64.jar\org\bytedeco\ffmpeg\windows-x86_64

VM Arguments:
jvm_args: -Dfile.encoding=Cp1252 
java_command: Start
java_class_path (initial): C:\temp\Projet_Drone_2025_Final\Appli_Projet_FMP_Actif_V5;C:\temp\Projet_Drone_2025_Final\Appli_Projet_FMP_Actif_V5\lib\opencv-4100.jar;C:\temp\Projet_Drone_2025_Final\Appli_Projet_FMP_Actif_V5\lib\snakeyaml-2.3.jar;C:\temp\Projet_Drone_2025_Final\Appli_Projet_FMP_Actif_V5\lib\javacv_javacpp_ffmpeg_1.5.8\javacpp.jar;C:\temp\Projet_Drone_2025_Final\Appli_Projet_FMP_Actif_V5\lib\javacv_javacpp_ffmpeg_1.5.8\artoolkitplus.jar;C:\temp\Projet_Drone_2025_Final\Appli_Projet_FMP_Actif_V5\lib\javacv_javacpp_ffmpeg_1.5.8\artoolkitplus-windows-x86_64.jar;C:\temp\Projet_Drone_2025_Final\Appli_Projet_FMP_Actif_V5\lib\javacv_javacpp_ffmpeg_1.5.8\artoolkitplus-platform.jar;C:\temp\Projet_Drone_2025_Final\Appli_Projet_FMP_Actif_V5\lib\javacv_javacpp_ffmpeg_1.5.8\ffmpeg.jar;C:\temp\Projet_Drone_2025_Final\Appli_Projet_FMP_Actif_V5\lib\javacv_javacpp_ffmpeg_1.5.8\ffmpeg-windows-x86_64.jar;C:\temp\Projet_Drone_2025_Final\Appli_Projet_FMP_Actif_V5\lib\javacv_javacpp_ffmpeg_1.5.8\ffmpeg-platform.jar;C:\temp\Projet_Drone_2025_Final\Appli_Projet_FMP_Actif_V5\lib\javacv_javacpp_ffmpeg_1.5.8\flandmark.jar;C:\temp\Projet_Drone_2025_Final\Appli_Projet_FMP_Actif_V5\lib\javacv_javacpp_ffmpeg_1.5.8\flandmark-windows-x86_64.jar;C:\temp\Projet_Drone_2025_Final\Appli_Projet_FMP_Actif_V5\lib\javacv_javacpp_ffmpeg_1.5.8\flandmark-platform.jar;C:\temp\Projet_Drone_2025_Final\Appli_Projet_FMP_Actif_V5\lib\javacv_javacpp_ffmpeg_1.5.8\flycapture.jar;C:\temp\Projet_Drone_2025_Final\Appli_Projet_FMP_Actif_V5\lib\javacv_javacpp_ffmpeg_1.5.8\flycapture-windows-x86_64.jar;C:\temp\Projet_Drone_2025_Final\Appli_Projet_FMP_Actif_V5\lib\javacv_javacpp_ffmpeg_1.5.8\flycapture-platform.jar;C:\temp\Projet_Drone_2025_Final\Appli_Projet_FMP_Actif_V5\lib\javacv_javacpp_ffmpeg_1.5.8\javacpp-windows-x86_64.jar;C:\temp\Projet_Drone_2025_Final\Appli_Projet_FMP_Actif_V5\lib\javacv_javacpp_ffmpeg_1.5.8\javacpp-platform.jar;C:\temp\Projet_Drone_2025_Final\Appli_Projet_FMP_Actif_V5\lib\javacv_javacp
Launcher Type: SUN_STANDARD

[Global flags]
     intx CICompilerCount                          = 15                                        {product} {ergonomic}
     uint ConcGCThreads                            = 6                                         {product} {ergonomic}
     uint G1ConcRefinementThreads                  = 23                                        {product} {ergonomic}
   size_t G1HeapRegionSize                         = 2097152                                   {product} {ergonomic}
    uintx GCDrainStackTargetSize                   = 64                                        {product} {ergonomic}
   size_t InitialHeapSize                          = 532676608                                 {product} {ergonomic}
   size_t MarkStackSize                            = 4194304                                   {product} {ergonomic}
   size_t MaxHeapSize                              = 8503951360                                {product} {ergonomic}
   size_t MaxNewSize                               = 5102370816                                {product} {ergonomic}
   size_t MinHeapDeltaBytes                        = 2097152                                   {product} {ergonomic}
    uintx NonNMethodCodeHeapSize                   = 8182140                                {pd product} {ergonomic}
    uintx NonProfiledCodeHeapSize                  = 121738050                              {pd product} {ergonomic}
    uintx ProfiledCodeHeapSize                     = 121738050                              {pd product} {ergonomic}
    uintx ReservedCodeCacheSize                    = 251658240                              {pd product} {ergonomic}
     bool SegmentedCodeCache                       = true                                      {product} {ergonomic}
     bool UseCompressedClassPointers               = true                                 {lp64_product} {ergonomic}
     bool UseCompressedOops                        = true                                 {lp64_product} {ergonomic}
     bool UseG1GC                                  = true                                      {product} {ergonomic}
     bool UseLargePagesIndividualAllocation        = false                                  {pd product} {ergonomic}

Logging:
Log output configuration:
 #0: stdout all=warning uptime,level,tags
 #1: stderr all=off uptime,level,tags

Environment Variables:
PATH=C:\Program Files\Oculus\Support\oculus-runtime;C:\Python312\Scripts\;C:\Python312\;C:\Program Files\Python311\Scripts\;C:\Program Files\Python311\;C:\Program Files\Common Files\Oracle\Java\javapath;C:\Program Files\Python38\Scripts\;C:\Program Files\Python38\;C:\Program Files (x86)\Embarcadero\Studio\15.0\bin;C:\Users\Public\Documents\Embarcadero\Studio\15.0\Bpl;C:\Program Files (x86)\Embarcadero\Studio\15.0\bin64;C:\Users\Public\Documents\Embarcadero\Studio\15.0\Bpl\Win64;C:\Windows\System32;C:\WINDOWS;C:\WINDOWS\System32\Wbem;C:\WINDOWS\System32\WindowsPowerShell\v1.0\;C:\WINDOWS\System32\OpenSSH\;C:\Program Files\PuTTY\;C:\Program Files\Java\jdk1.8.0_231\bin;C:\Program Files (x86)\IVI Foundation\VISA\WinNT\Bin\;C:\Program Files\IVI Foundation\VISA\Win64\Bin\;C:\Program Files (x86)\IVI Foundation\VISA\WinNT\Bin;C:\Program Files (x86)\IVI Foundation\IVI\bin;C:\Program Files\IVI Foundation\IVI\bin;C:\Program Files\Microsoft SQL Server\130\Tools\Binn\;C:\ProgramData\chocolatey\bin;C:\mingw-w64\x86_64-8.1.0-posix-seh-rt_v6-rev0\mingw64\bin;C:\Program Files (x86)\Common Files\Acronis\VirtualFile\;C:\Program Files (x86)\Common Files\Acronis\VirtualFile64\;C:\Program Files (x86)\Common Files\Acronis\FileProtector\;C:\Program Files (x86)\Common Files\Acronis\FileProtector64\;C:\Program Files (x86)\Common Files\Acronis\SnapAPI\;C:\Program Files\Java\jdk-11.0.11\bin;C:\Eclipse-JDK11\eclipse;C:\Program Files\Microsoft SQL Server\150\Tools\Binn\;C:\Program Files\nodejs\;C:\WINDOWS\system32;C:\Program Files\NVIDIA Corporation\NVIDIA NvDLISR;C:\Program Files\dotnet\;C:\Program Files (x86)\Incredibuild;C:\Program Files (x86)\Windows Kits\10\Windows Performance Toolkit\;C:\Program Files\CMake\bin;C:\Users\grassi\AppData\Local\Microsoft\WindowsApps;C:\Users\install\AppData\Roaming\npm
USERNAME=GRASSI
OS=Windows_NT
PROCESSOR_IDENTIFIER=Intel64 Family 6 Model 183 Stepping 1, GenuineIntel



---------------  S Y S T E M  ---------------

OS: Windows 10 , 64 bit Build 19041 (10.0.19041.5794)

CPU:total 32 (initial active 32) (16 cores per cpu, 2 threads per core) family 6 model 183 stepping 1 microcode 0x12f, cmov, cx8, fxsr, mmx, sse, sse2, sse3, ssse3, sse4.1, sse4.2, popcnt, avx, avx2, aes, clmul, erms, 3dnowpref, lzcnt, ht, tsc, tscinvbit, bmi1, bmi2, adx, sha, fma

Memory: 4k page, system-wide physical 32437M (24496M free)
TotalPageFile size 37301M (AvailPageFile size 20830M)
current process WorkingSet (physical memory assigned to process): 395M, peak: 395M
current process commit charge ("private bytes"): 8493M, peak: 8534M

vm_info: Java HotSpot(TM) 64-Bit Server VM (11.0.11+9-LTS-194) for windows-amd64 JRE (11.0.11+9-LTS-194), built on Mar 18 2021 18:46:53 by "mach5one" with MS VC++ 15.9 (VS2017)

END.
