#
# A fatal error has been detected by the Java Runtime Environment:
#
#  EXCEPTION_ACCESS_VIOLATION (0xc0000005) at pc=0x00007ff9a4e526b7, pid=13400, tid=8596
#
# JRE version: Java(TM) SE Runtime Environment 18.9 (11.0.11+9) (build 11.0.11+9-LTS-194)
# Java VM: Java HotSpot(TM) 64-Bit Server VM 18.9 (11.0.11+9-LTS-194, mixed mode, tiered, compressed oops, g1 gc, windows-amd64)
# Problematic frame:
# C  [JNIFileMappingTelloEduTelemetryClient.dll+0x26b7]
#
# No core dump will be written. Minidumps are not enabled by default on client versions of Windows
#
# If you would like to submit a bug report, please visit:
#   https://bugreport.java.com/bugreport/crash.jsp
# The crash happened outside the Java Virtual Machine in native code.
# See problematic frame for where to report the bug.
#

---------------  S U M M A R Y ------------

Command Line: -Dfile.encoding=Cp1252 Start

Host: Intel(R) Core(TM) i7-6700 CPU @ 3.40GHz, 8 cores, 31G,  Windows 10 , 64 bit Build 18362 (10.0.18362.1500)
Time: Wed May 14 09:28:21 2025 Paris, Madrid (heure d?été) elapsed time: 62.510568 seconds (0d 0h 1m 2s)

---------------  T H R E A D  ---------------

Current thread (0x0000013040ac3800):  JavaThread "Thread-17" [_thread_in_native, id=8596, stack(0x000000088e300000,0x000000088e400000)]

Stack: [0x000000088e300000,0x000000088e400000],  sp=0x000000088e3ff508,  free space=1021k
Native frames: (J=compiled Java code, j=interpreted, Vv=VM code, C=native code)
C  [JNIFileMappingTelloEduTelemetryClient.dll+0x26b7]

Java frames: (J=compiled Java code, j=interpreted, Vv=VM code)
j  JNIFileMappingTelloEduTelemetryClientJNI.cFileMappingTelloEduTelemetryClient_getVirtualTelloEduTelemetryAgx(JLcFileMappingTelloEduTelemetryClient;)D+0
j  cFileMappingTelloEduTelemetryClient.getVirtualTelloEduTelemetryAgx()D+5
j  ThreadEnvoiTelemetrieAndroid.run()V+93
v  ~StubRoutines::call_stub

siginfo: EXCEPTION_ACCESS_VIOLATION (0xc0000005), reading address 0x0000000000000020


Register to memory mapping:

RIP=0x00007ff9a4e526b7 JNIFileMappingTelloEduTelemetryClient.dll
RAX=0x0 is NULL
RBX={method} {0x000001307cfe7980} 'cFileMappingTelloEduTelemetryClient_getVirtualTelloEduTelemetryAgx' '(JLcFileMappingTelloEduTelemetryClient;)D' in 'JNIFileMappingTelloEduTelemetryClientJNI'
RCX=0x0000013040678b60 points into unknown readable memory: 50 53 e5 a4 f9 7f 00 00
RDX=0x000000088e3ff5a8 is pointing into the stack for thread: 0x0000013040ac3800
RSP=0x000000088e3ff508 is pointing into the stack for thread: 0x0000013040ac3800
RBP=0x000000088e3ff598 is pointing into the stack for thread: 0x0000013040ac3800
RSI=3252669735 is a compressed pointer to object: [B 
{0x000000060efe6938} - klass: {type array byte}
 - length: 19
RDI=3252199486 is a compressed pointer to object: [B 
{0x000000060ec501f0} - klass: {type array byte}
 - length: 3
R8 =0x0000013040678b60 points into unknown readable memory: 50 53 e5 a4 f9 7f 00 00
R9 =0x000000088e3ff5b8 is pointing into the stack for thread: 0x0000013040ac3800
R10=0x0000013019d0f348 is at code_begin+1000 in an Interpreter codelet
method entry point (kind = native)  [0x0000013019d0ef60, 0x0000013019d0fa00]  2720 bytes
R11=0x000000060efe4658 is an oop: java.lang.Class 
{0x000000060efe4658} - klass: 'java/lang/Class'
R12=0x0 is NULL
R13={method} {0x000001307cfe7980} 'cFileMappingTelloEduTelemetryClient_getVirtualTelloEduTelemetryAgx' '(JLcFileMappingTelloEduTelemetryClient;)D' in 'JNIFileMappingTelloEduTelemetryClientJNI'
R14=0x000000088e3ff5c8 is pointing into the stack for thread: 0x0000013040ac3800
R15=0x0000013040ac3800 is a thread


Registers:
RAX=0x0000000000000000, RBX=0x000001307cfe7978, RCX=0x0000013040678b60, RDX=0x000000088e3ff5a8
RSP=0x000000088e3ff508, RBP=0x000000088e3ff598, RSI=0x00000000c1dfcd27, RDI=0x00000000c1d8a03e
R8 =0x0000013040678b60, R9 =0x000000088e3ff5b8, R10=0x0000013019d0f348, R11=0x000000060efe4658
R12=0x0000000000000000, R13=0x000001307cfe7978, R14=0x000000088e3ff5c8, R15=0x0000013040ac3800
RIP=0x00007ff9a4e526b7, EFLAGS=0x0000000000010202

Top of Stack: (sp=0x000000088e3ff508)
0x000000088e3ff508:   0000013019d0f377 000000088e3ff688
0x000000088e3ff518:   00000130217fe734 0000000000000000
0x000000088e3ff528:   00000006028347f0 0000013000000001
0x000000088e3ff538:   0000000000000000 000000088e3ff558
0x000000088e3ff548:   000000060efe6920 000000088e3ff550
0x000000088e3ff558:   000001307cfe7978 000000088e3ff5c8
0x000000088e3ff568:   000001307cfe8d40 0000000000000000
0x000000088e3ff578:   000000060efe4658 000001307cfe7978
0x000000088e3ff588:   0000000000000000 000000088e3ff5b8
0x000000088e3ff598:   000000088e3ff618 0000013019d09db0
0x000000088e3ff5a8:   000000060efe4658 0000013019d0c2fa
0x000000088e3ff5b8:   000000060efe0ce8 0000013040678b60
0x000000088e3ff5c8:   0000000000000000 000000088e3ff5d0
0x000000088e3ff5d8:   000001307cfe2e15 000000088e3ff628
0x000000088e3ff5e8:   000001307cfe4518 0000000000000000
0x000000088e3ff5f8:   000000060efe0c18 000001307cfe2e30 

Instructions: (pc=0x00007ff9a4e526b7)
0x00007ff9a4e52697:   cc cc cc cc cc cc cc cc cc 0f b6 81 b0 00 00 00
0x00007ff9a4e526a7:   c3 cc cc cc cc cc cc cc cc 48 8b 81 98 00 00 00
0x00007ff9a4e526b7:   f2 0f 10 40 20 c3 cc cc cc 48 8b 81 98 00 00 00
0x00007ff9a4e526c7:   f2 0f 10 40 28 c3 cc cc cc 48 8b 81 98 00 00 00 


Stack slot to memory mapping:
stack at sp + 0 slots: 0x0000013019d0f377 is at code_begin+1047 in an Interpreter codelet
method entry point (kind = native)  [0x0000013019d0ef60, 0x0000013019d0fa00]  2720 bytes
stack at sp + 1 slots: 0x000000088e3ff688 is pointing into the stack for thread: 0x0000013040ac3800
stack at sp + 2 slots: 0x00000130217fe734 is at entry_point+244 in (nmethod*)0x00000130217fe490
stack at sp + 3 slots: 0x0 is NULL
stack at sp + 4 slots: 0x00000006028347f0 is an oop: java.lang.Class 
{0x00000006028347f0} - klass: 'java/lang/Class'
stack at sp + 5 slots: 0x0000013000000001 points into unknown readable memory: 00 00 00 00 00 00 00
stack at sp + 6 slots: 0x0 is NULL
stack at sp + 7 slots: 0x000000088e3ff558 is pointing into the stack for thread: 0x0000013040ac3800


---------------  P R O C E S S  ---------------

Threads class SMR info:
_java_thread_list=0x000001303fd95db0, length=33, elements={
0x000001303f43e800, 0x000001303f447800, 0x000001303f4b0000, 0x000001303f4b2800,
0x000001303f4b6800, 0x000001303f468800, 0x000001303f4b9000, 0x000001303f62c800,
0x000001303f633800, 0x000001304047c800, 0x000001303fe6f800, 0x000001303fd8a000,
0x00000130402b1000, 0x000001301186e800, 0x000001303f948800, 0x00000130402a6000,
0x00000130407bc800, 0x00000130404df000, 0x00000130ad4e2000, 0x00000130ad4e2800,
0x00000130ad4e1000, 0x00000130ad4e0800, 0x0000013040ac7000, 0x0000013040ac2800,
0x0000013040ac1000, 0x0000013040ac4800, 0x0000013040ac2000, 0x0000013040ac7800,
0x0000013040ac8800, 0x0000013040ac5000, 0x0000013040acd800, 0x0000013040ac3800,
0x0000013040ac9000
}

Java Threads: ( => current thread )
  0x000001303f43e800 JavaThread "Reference Handler" daemon [_thread_blocked, id=13236, stack(0x0000000889000000,0x0000000889100000)]
  0x000001303f447800 JavaThread "Finalizer" daemon [_thread_blocked, id=14044, stack(0x0000000889100000,0x0000000889200000)]
  0x000001303f4b0000 JavaThread "Signal Dispatcher" daemon [_thread_blocked, id=12152, stack(0x0000000889200000,0x0000000889300000)]
  0x000001303f4b2800 JavaThread "Attach Listener" daemon [_thread_blocked, id=5344, stack(0x0000000889300000,0x0000000889400000)]
  0x000001303f4b6800 JavaThread "C2 CompilerThread0" daemon [_thread_blocked, id=2724, stack(0x0000000889400000,0x0000000889500000)]
  0x000001303f468800 JavaThread "C1 CompilerThread0" daemon [_thread_blocked, id=10860, stack(0x0000000889500000,0x0000000889600000)]
  0x000001303f4b9000 JavaThread "Sweeper thread" daemon [_thread_blocked, id=7096, stack(0x0000000889600000,0x0000000889700000)]
  0x000001303f62c800 JavaThread "Service Thread" daemon [_thread_blocked, id=2304, stack(0x0000000889700000,0x0000000889800000)]
  0x000001303f633800 JavaThread "Common-Cleaner" daemon [_thread_blocked, id=6248, stack(0x0000000889900000,0x0000000889a00000)]
  0x000001304047c800 JavaThread "Java2D Disposer" daemon [_thread_blocked, id=828, stack(0x0000000889b00000,0x0000000889c00000)]
  0x000001303fe6f800 JavaThread "AWT-Shutdown" [_thread_blocked, id=4308, stack(0x0000000889c00000,0x0000000889d00000)]
  0x000001303fd8a000 JavaThread "AWT-Windows" daemon [_thread_in_native, id=3244, stack(0x0000000889d00000,0x0000000889e00000)]
  0x00000130402b1000 JavaThread "AWT-EventQueue-0" [_thread_blocked, id=10220, stack(0x0000000889e00000,0x0000000889f00000)]
  0x000001301186e800 JavaThread "DestroyJavaVM" [_thread_blocked, id=7120, stack(0x0000000888900000,0x0000000888a00000)]
  0x000001303f948800 JavaThread "TimerQueue" daemon [_thread_blocked, id=11712, stack(0x0000000889a00000,0x0000000889b00000)]
  0x00000130402a6000 JavaThread "Thread-1" [_thread_blocked, id=13996, stack(0x000000088a000000,0x000000088a100000)]
  0x00000130407bc800 JavaThread "Thread-2" [_thread_blocked, id=1412, stack(0x000000088ac00000,0x000000088ad00000)]
  0x00000130404df000 JavaThread "JavaCPP Deallocator" daemon [_thread_blocked, id=3832, stack(0x000000088aa00000,0x000000088ab00000)]
  0x00000130ad4e2000 JavaThread "Thread-3" [_thread_in_native, id=1312, stack(0x000000088bc00000,0x000000088bd00000)]
  0x00000130ad4e2800 JavaThread "Thread-4" [_thread_blocked, id=12628, stack(0x000000088bd00000,0x000000088be00000)]
  0x00000130ad4e1000 JavaThread "Thread-5" [_thread_blocked, id=11152, stack(0x000000088be00000,0x000000088bf00000)]
  0x00000130ad4e0800 JavaThread "Thread-6" [_thread_in_native, id=13704, stack(0x000000088bf00000,0x000000088c000000)]
  0x0000013040ac7000 JavaThread "Thread-7" [_thread_in_native, id=4736, stack(0x000000088c000000,0x000000088c100000)]
  0x0000013040ac2800 JavaThread "Thread-8" [_thread_in_native, id=10480, stack(0x000000088a900000,0x000000088aa00000)]
  0x0000013040ac1000 JavaThread "Thread-9" [_thread_blocked, id=13000, stack(0x000000088ad00000,0x000000088ae00000)]
  0x0000013040ac4800 JavaThread "Thread-10" [_thread_blocked, id=12020, stack(0x000000088c200000,0x000000088c300000)]
  0x0000013040ac2000 JavaThread "Thread-11" [_thread_in_native, id=1352, stack(0x000000088c300000,0x000000088c400000)]
  0x0000013040ac7800 JavaThread "Thread-12" [_thread_in_native, id=12648, stack(0x000000088c400000,0x000000088c500000)]
  0x0000013040ac8800 JavaThread "Thread-13" [_thread_blocked, id=8648, stack(0x000000088c600000,0x000000088c700000)]
  0x0000013040ac5000 JavaThread "Thread-14" [_thread_in_native, id=10468, stack(0x000000088c700000,0x000000088c800000)]
  0x0000013040acd800 JavaThread "Thread-16" [_thread_in_native, id=13728, stack(0x000000088c900000,0x000000088ca00000)]
=>0x0000013040ac3800 JavaThread "Thread-17" [_thread_in_native, id=8596, stack(0x000000088e300000,0x000000088e400000)]
  0x0000013040ac9000 JavaThread "Thread-18" [_thread_blocked, id=10964, stack(0x000000088e400000,0x000000088e500000)]

Other Threads:
  0x000001303f41b800 VMThread "VM Thread" [stack: 0x0000000888f00000,0x0000000889000000] [id=12156]
  0x000001303f62e800 WatcherThread [stack: 0x0000000889800000,0x0000000889900000] [id=10976]
  0x0000013011883800 GCTaskThread "GC Thread#0" [stack: 0x0000000888a00000,0x0000000888b00000] [id=5212]
  0x00000130402a7000 GCTaskThread "GC Thread#1" [stack: 0x000000088a100000,0x000000088a200000] [id=13612]
  0x00000130401cf800 GCTaskThread "GC Thread#2" [stack: 0x000000088a200000,0x000000088a300000] [id=6368]
  0x00000130401d0000 GCTaskThread "GC Thread#3" [stack: 0x000000088a300000,0x000000088a400000] [id=1320]
  0x00000130401a5800 GCTaskThread "GC Thread#4" [stack: 0x000000088a400000,0x000000088a500000] [id=9436]
  0x00000130401a9800 GCTaskThread "GC Thread#5" [stack: 0x000000088a500000,0x000000088a600000] [id=6220]
  0x00000130401b2800 GCTaskThread "GC Thread#6" [stack: 0x000000088a600000,0x000000088a700000] [id=10680]
  0x00000130401b3800 GCTaskThread "GC Thread#7" [stack: 0x000000088a700000,0x000000088a800000] [id=12248]
  0x0000013011906800 ConcurrentGCThread "G1 Main Marker" [stack: 0x0000000888b00000,0x0000000888c00000] [id=7132]
  0x0000013011908800 ConcurrentGCThread "G1 Conc#0" [stack: 0x0000000888c00000,0x0000000888d00000] [id=836]
  0x000001303fef6800 ConcurrentGCThread "G1 Conc#1" [stack: 0x000000088ab00000,0x000000088ac00000] [id=1236]
  0x000001303ea85800 ConcurrentGCThread "G1 Refine#0" [stack: 0x0000000888d00000,0x0000000888e00000] [id=7780]
  0x000001303ea86800 ConcurrentGCThread "G1 Young RemSet Sampling" [stack: 0x0000000888e00000,0x0000000888f00000] [id=8124]

Threads with active compile tasks:

VM state:not at safepoint (normal execution)

VM Mutex/Monitor currently owned by a thread: None

Heap address: 0x0000000601c00000, size: 8164 MB, Compressed Oops mode: Zero based, Oop shift amount: 3
Narrow klass base: 0x0000000800000000, Narrow klass shift: 0
Compressed class space size: 1073741824 Address: 0x0000000800000000

Heap:
 garbage-first heap   total 286720K, used 113010K [0x0000000601c00000, 0x0000000800000000)
  region size 2048K, 37 young (75776K), 1 survivors (2048K)
 Metaspace       used 31317K, capacity 31903K, committed 32128K, reserved 1079296K
  class space    used 2930K, capacity 3164K, committed 3200K, reserved 1048576K
Heap Regions: E=young(eden), S=young(survivor), O=old, HS=humongous(starts), HC=humongous(continues), CS=collection set, F=free, A=archive, TAMS=top-at-mark-start (previous, next)
|   0|0x0000000601c00000, 0x0000000601cd7390, 0x0000000601e00000| 42%| O|  |TAMS 0x0000000601cd7390, 0x0000000601c00000| Untracked 
|   1|0x0000000601e00000, 0x0000000602000000, 0x0000000602000000|100%|HS|  |TAMS 0x0000000601e00000, 0x0000000601e00000| Complete 
|   2|0x0000000602000000, 0x0000000602200000, 0x0000000602200000|100%| O|  |TAMS 0x0000000602200000, 0x0000000602000000| Untracked 
|   3|0x0000000602200000, 0x0000000602400000, 0x0000000602400000|100%|HS|  |TAMS 0x0000000602400000, 0x0000000602200000| Complete 
|   4|0x0000000602400000, 0x0000000602600000, 0x0000000602600000|100%|HS|  |TAMS 0x0000000602600000, 0x0000000602400000| Complete 
|   5|0x0000000602600000, 0x0000000602800000, 0x0000000602800000|100%|HS|  |TAMS 0x0000000602800000, 0x0000000602600000| Complete 
|   6|0x0000000602800000, 0x0000000602896400, 0x0000000602a00000| 29%| O|  |TAMS 0x0000000602800000, 0x0000000602800000| Untracked 
|   7|0x0000000602a00000, 0x0000000602c00000, 0x0000000602c00000|100%| O|  |TAMS 0x0000000602c00000, 0x0000000602a00000| Untracked 
|   8|0x0000000602c00000, 0x0000000602e00000, 0x0000000602e00000|100%|HS|  |TAMS 0x0000000602e00000, 0x0000000602c00000| Complete 
|   9|0x0000000602e00000, 0x0000000603000000, 0x0000000603000000|100%|HS|  |TAMS 0x0000000603000000, 0x0000000602e00000| Complete 
|  10|0x0000000603000000, 0x0000000603200000, 0x0000000603200000|100%|HS|  |TAMS 0x0000000603200000, 0x0000000603000000| Complete 
|  11|0x0000000603200000, 0x0000000603400000, 0x0000000603400000|100%|HS|  |TAMS 0x0000000603400000, 0x0000000603200000| Complete 
|  12|0x0000000603400000, 0x0000000603600000, 0x0000000603600000|100%|HS|  |TAMS 0x0000000603600000, 0x0000000603400000| Complete 
|  13|0x0000000603600000, 0x0000000603800000, 0x0000000603800000|100%|HS|  |TAMS 0x0000000603800000, 0x0000000603600000| Complete 
|  14|0x0000000603800000, 0x0000000603a00000, 0x0000000603a00000|100%|HS|  |TAMS 0x0000000603800000, 0x0000000603800000| Complete 
|  15|0x0000000603a00000, 0x0000000603c00000, 0x0000000603c00000|100%|HS|  |TAMS 0x0000000603c00000, 0x0000000603a00000| Complete 
|  16|0x0000000603c00000, 0x0000000603e00000, 0x0000000603e00000|100%|HS|  |TAMS 0x0000000603e00000, 0x0000000603c00000| Complete 
|  17|0x0000000603e00000, 0x0000000604000000, 0x0000000604000000|100%|HC|  |TAMS 0x0000000604000000, 0x0000000603e00000| Complete 
|  18|0x0000000604000000, 0x0000000604200000, 0x0000000604200000|100%| O|  |TAMS 0x0000000604200000, 0x0000000604000000| Untracked 
|  19|0x0000000604200000, 0x0000000604400000, 0x0000000604400000|100%|HS|  |TAMS 0x0000000604200000, 0x0000000604200000| Complete 
|  20|0x0000000604400000, 0x0000000604600000, 0x0000000604600000|100%| O|  |TAMS 0x00000006045e1200, 0x0000000604400000| Untracked 
|  21|0x0000000604600000, 0x0000000604800000, 0x0000000604800000|100%|HS|  |TAMS 0x0000000604600000, 0x0000000604600000| Complete 
|  22|0x0000000604800000, 0x0000000604800000, 0x0000000604a00000|  0%| F|  |TAMS 0x0000000604800000, 0x0000000604800000| Untracked 
|  23|0x0000000604a00000, 0x0000000604a00000, 0x0000000604c00000|  0%| F|  |TAMS 0x0000000604a00000, 0x0000000604a00000| Untracked 
|  24|0x0000000604c00000, 0x0000000604c00000, 0x0000000604e00000|  0%| F|  |TAMS 0x0000000604c00000, 0x0000000604c00000| Untracked 
|  25|0x0000000604e00000, 0x0000000604e00000, 0x0000000605000000|  0%| F|  |TAMS 0x0000000604e00000, 0x0000000604e00000| Untracked 
|  26|0x0000000605000000, 0x0000000605000000, 0x0000000605200000|  0%| F|  |TAMS 0x0000000605000000, 0x0000000605000000| Untracked 
|  27|0x0000000605200000, 0x0000000605200000, 0x0000000605400000|  0%| F|  |TAMS 0x0000000605200000, 0x0000000605200000| Untracked 
|  28|0x0000000605400000, 0x0000000605400000, 0x0000000605600000|  0%| F|  |TAMS 0x0000000605400000, 0x0000000605400000| Untracked 
|  29|0x0000000605600000, 0x0000000605600000, 0x0000000605800000|  0%| F|  |TAMS 0x0000000605600000, 0x0000000605600000| Untracked 
|  30|0x0000000605800000, 0x0000000605800000, 0x0000000605a00000|  0%| F|  |TAMS 0x0000000605800000, 0x0000000605800000| Untracked 
|  31|0x0000000605a00000, 0x0000000605a00000, 0x0000000605c00000|  0%| F|  |TAMS 0x0000000605a00000, 0x0000000605a00000| Untracked 
|  32|0x0000000605c00000, 0x0000000605c00000, 0x0000000605e00000|  0%| F|  |TAMS 0x0000000605c00000, 0x0000000605c00000| Untracked 
|  33|0x0000000605e00000, 0x0000000605e00000, 0x0000000606000000|  0%| F|  |TAMS 0x0000000605e00000, 0x0000000605e00000| Untracked 
|  34|0x0000000606000000, 0x0000000606000000, 0x0000000606200000|  0%| F|  |TAMS 0x0000000606000000, 0x0000000606000000| Untracked 
|  35|0x0000000606200000, 0x0000000606200000, 0x0000000606400000|  0%| F|  |TAMS 0x0000000606200000, 0x0000000606200000| Untracked 
|  36|0x0000000606400000, 0x0000000606400000, 0x0000000606600000|  0%| F|  |TAMS 0x0000000606400000, 0x0000000606400000| Untracked 
|  37|0x0000000606600000, 0x0000000606600000, 0x0000000606800000|  0%| F|  |TAMS 0x0000000606600000, 0x0000000606600000| Untracked 
|  38|0x0000000606800000, 0x0000000606800000, 0x0000000606a00000|  0%| F|  |TAMS 0x0000000606800000, 0x0000000606800000| Untracked 
|  39|0x0000000606a00000, 0x0000000606a00000, 0x0000000606c00000|  0%| F|  |TAMS 0x0000000606a00000, 0x0000000606a00000| Untracked 
|  40|0x0000000606c00000, 0x0000000606c00000, 0x0000000606e00000|  0%| F|  |TAMS 0x0000000606c00000, 0x0000000606c00000| Untracked 
|  41|0x0000000606e00000, 0x0000000606e00000, 0x0000000607000000|  0%| F|  |TAMS 0x0000000606e00000, 0x0000000606e00000| Untracked 
|  42|0x0000000607000000, 0x0000000607000000, 0x0000000607200000|  0%| F|  |TAMS 0x0000000607000000, 0x0000000607000000| Untracked 
|  43|0x0000000607200000, 0x0000000607200000, 0x0000000607400000|  0%| F|  |TAMS 0x0000000607200000, 0x0000000607200000| Untracked 
|  44|0x0000000607400000, 0x0000000607400000, 0x0000000607600000|  0%| F|  |TAMS 0x0000000607400000, 0x0000000607400000| Untracked 
|  45|0x0000000607600000, 0x0000000607600000, 0x0000000607800000|  0%| F|  |TAMS 0x0000000607600000, 0x0000000607600000| Untracked 
|  46|0x0000000607800000, 0x0000000607800000, 0x0000000607a00000|  0%| F|  |TAMS 0x0000000607800000, 0x0000000607800000| Untracked 
|  47|0x0000000607a00000, 0x0000000607a00000, 0x0000000607c00000|  0%| F|  |TAMS 0x0000000607a00000, 0x0000000607a00000| Untracked 
|  48|0x0000000607c00000, 0x0000000607c00000, 0x0000000607e00000|  0%| F|  |TAMS 0x0000000607c00000, 0x0000000607c00000| Untracked 
|  49|0x0000000607e00000, 0x0000000607e00000, 0x0000000608000000|  0%| F|  |TAMS 0x0000000607e00000, 0x0000000607e00000| Untracked 
|  50|0x0000000608000000, 0x0000000608000000, 0x0000000608200000|  0%| F|  |TAMS 0x0000000608000000, 0x0000000608000000| Untracked 
|  51|0x0000000608200000, 0x0000000608200000, 0x0000000608400000|  0%| F|  |TAMS 0x0000000608200000, 0x0000000608200000| Untracked 
|  52|0x0000000608400000, 0x0000000608400000, 0x0000000608600000|  0%| F|  |TAMS 0x0000000608400000, 0x0000000608400000| Untracked 
|  53|0x0000000608600000, 0x0000000608600000, 0x0000000608800000|  0%| F|  |TAMS 0x0000000608600000, 0x0000000608600000| Untracked 
|  54|0x0000000608800000, 0x0000000608800000, 0x0000000608a00000|  0%| F|  |TAMS 0x0000000608800000, 0x0000000608800000| Untracked 
|  55|0x0000000608a00000, 0x0000000608a00000, 0x0000000608c00000|  0%| F|  |TAMS 0x0000000608a00000, 0x0000000608a00000| Untracked 
|  56|0x0000000608c00000, 0x0000000608c00000, 0x0000000608e00000|  0%| F|  |TAMS 0x0000000608c00000, 0x0000000608c00000| Untracked 
|  57|0x0000000608e00000, 0x0000000608e00000, 0x0000000609000000|  0%| F|  |TAMS 0x0000000608e00000, 0x0000000608e00000| Untracked 
|  58|0x0000000609000000, 0x0000000609000000, 0x0000000609200000|  0%| F|  |TAMS 0x0000000609000000, 0x0000000609000000| Untracked 
|  59|0x0000000609200000, 0x0000000609200000, 0x0000000609400000|  0%| F|  |TAMS 0x0000000609200000, 0x0000000609200000| Untracked 
|  60|0x0000000609400000, 0x0000000609400000, 0x0000000609600000|  0%| F|  |TAMS 0x0000000609400000, 0x0000000609400000| Untracked 
|  61|0x0000000609600000, 0x0000000609600000, 0x0000000609800000|  0%| F|  |TAMS 0x0000000609600000, 0x0000000609600000| Untracked 
|  62|0x0000000609800000, 0x0000000609800000, 0x0000000609a00000|  0%| F|  |TAMS 0x0000000609800000, 0x0000000609800000| Untracked 
|  63|0x0000000609a00000, 0x0000000609a00000, 0x0000000609c00000|  0%| F|  |TAMS 0x0000000609a00000, 0x0000000609a00000| Untracked 
|  64|0x0000000609c00000, 0x0000000609cef388, 0x0000000609e00000| 46%| S|CS|TAMS 0x0000000609c00000, 0x0000000609c00000| Complete 
|  65|0x0000000609e00000, 0x0000000609e00000, 0x000000060a000000|  0%| F|  |TAMS 0x0000000609e00000, 0x0000000609e00000| Untracked 
|  66|0x000000060a000000, 0x000000060a000000, 0x000000060a200000|  0%| F|  |TAMS 0x000000060a000000, 0x000000060a000000| Untracked 
|  67|0x000000060a200000, 0x000000060a200000, 0x000000060a400000|  0%| F|  |TAMS 0x000000060a200000, 0x000000060a200000| Untracked 
|  68|0x000000060a400000, 0x000000060a400000, 0x000000060a600000|  0%| F|  |TAMS 0x000000060a400000, 0x000000060a400000| Untracked 
|  69|0x000000060a600000, 0x000000060a600000, 0x000000060a800000|  0%| F|  |TAMS 0x000000060a600000, 0x000000060a600000| Untracked 
|  70|0x000000060a800000, 0x000000060a800000, 0x000000060aa00000|  0%| F|  |TAMS 0x000000060a800000, 0x000000060a800000| Untracked 
|  71|0x000000060aa00000, 0x000000060aa00000, 0x000000060ac00000|  0%| F|  |TAMS 0x000000060aa00000, 0x000000060aa00000| Untracked 
|  72|0x000000060ac00000, 0x000000060ac00000, 0x000000060ae00000|  0%| F|  |TAMS 0x000000060ac00000, 0x000000060ac00000| Untracked 
|  73|0x000000060ae00000, 0x000000060ae00000, 0x000000060b000000|  0%| F|  |TAMS 0x000000060ae00000, 0x000000060ae00000| Untracked 
|  74|0x000000060b000000, 0x000000060b000000, 0x000000060b200000|  0%| F|  |TAMS 0x000000060b000000, 0x000000060b000000| Untracked 
|  75|0x000000060b200000, 0x000000060b200000, 0x000000060b400000|  0%| F|  |TAMS 0x000000060b200000, 0x000000060b200000| Untracked 
|  76|0x000000060b400000, 0x000000060b400000, 0x000000060b600000|  0%| F|  |TAMS 0x000000060b400000, 0x000000060b400000| Untracked 
|  77|0x000000060b600000, 0x000000060b600000, 0x000000060b800000|  0%| F|  |TAMS 0x000000060b600000, 0x000000060b600000| Untracked 
|  78|0x000000060b800000, 0x000000060b800000, 0x000000060ba00000|  0%| F|  |TAMS 0x000000060b800000, 0x000000060b800000| Untracked 
|  79|0x000000060ba00000, 0x000000060ba00000, 0x000000060bc00000|  0%| F|  |TAMS 0x000000060ba00000, 0x000000060ba00000| Untracked 
|  80|0x000000060bc00000, 0x000000060bc00000, 0x000000060be00000|  0%| F|  |TAMS 0x000000060bc00000, 0x000000060bc00000| Untracked 
|  81|0x000000060be00000, 0x000000060be00000, 0x000000060c000000|  0%| F|  |TAMS 0x000000060be00000, 0x000000060be00000| Untracked 
|  82|0x000000060c000000, 0x000000060c000000, 0x000000060c200000|  0%| F|  |TAMS 0x000000060c000000, 0x000000060c000000| Untracked 
|  83|0x000000060c200000, 0x000000060c200000, 0x000000060c400000|  0%| F|  |TAMS 0x000000060c200000, 0x000000060c200000| Untracked 
|  84|0x000000060c400000, 0x000000060c400000, 0x000000060c600000|  0%| F|  |TAMS 0x000000060c400000, 0x000000060c400000| Untracked 
|  85|0x000000060c600000, 0x000000060c600000, 0x000000060c800000|  0%| F|  |TAMS 0x000000060c600000, 0x000000060c600000| Untracked 
|  86|0x000000060c800000, 0x000000060c800000, 0x000000060ca00000|  0%| F|  |TAMS 0x000000060c800000, 0x000000060c800000| Untracked 
|  87|0x000000060ca00000, 0x000000060ca00000, 0x000000060cc00000|  0%| F|  |TAMS 0x000000060ca00000, 0x000000060ca00000| Untracked 
|  88|0x000000060cc00000, 0x000000060cc00000, 0x000000060ce00000|  0%| F|  |TAMS 0x000000060cc00000, 0x000000060cc00000| Untracked 
|  89|0x000000060ce00000, 0x000000060ce00000, 0x000000060d000000|  0%| F|  |TAMS 0x000000060ce00000, 0x000000060ce00000| Untracked 
|  90|0x000000060d000000, 0x000000060d000000, 0x000000060d200000|  0%| F|  |TAMS 0x000000060d000000, 0x000000060d000000| Untracked 
|  91|0x000000060d200000, 0x000000060d200000, 0x000000060d400000|  0%| F|  |TAMS 0x000000060d200000, 0x000000060d200000| Untracked 
|  92|0x000000060d400000, 0x000000060d400000, 0x000000060d600000|  0%| F|  |TAMS 0x000000060d400000, 0x000000060d400000| Untracked 
|  93|0x000000060d600000, 0x000000060d600000, 0x000000060d800000|  0%| F|  |TAMS 0x000000060d600000, 0x000000060d600000| Untracked 
|  94|0x000000060d800000, 0x000000060d800000, 0x000000060da00000|  0%| F|  |TAMS 0x000000060d800000, 0x000000060d800000| Untracked 
|  95|0x000000060da00000, 0x000000060da00000, 0x000000060dc00000|  0%| F|  |TAMS 0x000000060da00000, 0x000000060da00000| Untracked 
|  96|0x000000060dc00000, 0x000000060dc00000, 0x000000060de00000|  0%| F|  |TAMS 0x000000060dc00000, 0x000000060dc00000| Untracked 
|  97|0x000000060de00000, 0x000000060de00000, 0x000000060e000000|  0%| F|  |TAMS 0x000000060de00000, 0x000000060de00000| Untracked 
|  98|0x000000060e000000, 0x000000060e000000, 0x000000060e200000|  0%| F|  |TAMS 0x000000060e000000, 0x000000060e000000| Untracked 
|  99|0x000000060e200000, 0x000000060e200000, 0x000000060e400000|  0%| F|  |TAMS 0x000000060e200000, 0x000000060e200000| Untracked 
| 100|0x000000060e400000, 0x000000060e400000, 0x000000060e600000|  0%| F|  |TAMS 0x000000060e400000, 0x000000060e400000| Untracked 
| 101|0x000000060e600000, 0x000000060e600000, 0x000000060e800000|  0%| F|  |TAMS 0x000000060e600000, 0x000000060e600000| Untracked 
| 102|0x000000060e800000, 0x000000060e800000, 0x000000060ea00000|  0%| F|  |TAMS 0x000000060e800000, 0x000000060e800000| Untracked 
| 103|0x000000060ea00000, 0x000000060ea00000, 0x000000060ec00000|  0%| F|  |TAMS 0x000000060ea00000, 0x000000060ea00000| Untracked 
| 104|0x000000060ec00000, 0x000000060ed9b6a8, 0x000000060ee00000| 80%| E|  |TAMS 0x000000060ec00000, 0x000000060ec00000| Complete 
| 105|0x000000060ee00000, 0x000000060f000000, 0x000000060f000000|100%| E|  |TAMS 0x000000060ee00000, 0x000000060ee00000| Complete 
| 106|0x000000060f000000, 0x000000060f200000, 0x000000060f200000|100%| E|CS|TAMS 0x000000060f000000, 0x000000060f000000| Complete 
| 107|0x000000060f200000, 0x000000060f400000, 0x000000060f400000|100%| E|CS|TAMS 0x000000060f200000, 0x000000060f200000| Complete 
| 108|0x000000060f400000, 0x000000060f600000, 0x000000060f600000|100%| E|CS|TAMS 0x000000060f400000, 0x000000060f400000| Complete 
| 109|0x000000060f600000, 0x000000060f800000, 0x000000060f800000|100%| E|CS|TAMS 0x000000060f600000, 0x000000060f600000| Complete 
| 110|0x000000060f800000, 0x000000060fa00000, 0x000000060fa00000|100%| E|CS|TAMS 0x000000060f800000, 0x000000060f800000| Complete 
| 111|0x000000060fa00000, 0x000000060fc00000, 0x000000060fc00000|100%| E|CS|TAMS 0x000000060fa00000, 0x000000060fa00000| Complete 
| 112|0x000000060fc00000, 0x000000060fe00000, 0x000000060fe00000|100%| E|CS|TAMS 0x000000060fc00000, 0x000000060fc00000| Complete 
| 113|0x000000060fe00000, 0x0000000610000000, 0x0000000610000000|100%| E|CS|TAMS 0x000000060fe00000, 0x000000060fe00000| Complete 
| 114|0x0000000610000000, 0x0000000610200000, 0x0000000610200000|100%| E|CS|TAMS 0x0000000610000000, 0x0000000610000000| Complete 
| 115|0x0000000610200000, 0x0000000610400000, 0x0000000610400000|100%| E|CS|TAMS 0x0000000610200000, 0x0000000610200000| Complete 
| 116|0x0000000610400000, 0x0000000610600000, 0x0000000610600000|100%| E|CS|TAMS 0x0000000610400000, 0x0000000610400000| Complete 
| 117|0x0000000610600000, 0x0000000610800000, 0x0000000610800000|100%| E|CS|TAMS 0x0000000610600000, 0x0000000610600000| Complete 
| 118|0x0000000610800000, 0x0000000610a00000, 0x0000000610a00000|100%| E|CS|TAMS 0x0000000610800000, 0x0000000610800000| Complete 
| 119|0x0000000610a00000, 0x0000000610c00000, 0x0000000610c00000|100%| E|CS|TAMS 0x0000000610a00000, 0x0000000610a00000| Complete 
| 120|0x0000000610c00000, 0x0000000610e00000, 0x0000000610e00000|100%| E|CS|TAMS 0x0000000610c00000, 0x0000000610c00000| Complete 
| 121|0x0000000610e00000, 0x0000000611000000, 0x0000000611000000|100%| E|CS|TAMS 0x0000000610e00000, 0x0000000610e00000| Complete 
| 122|0x0000000611000000, 0x0000000611200000, 0x0000000611200000|100%| E|CS|TAMS 0x0000000611000000, 0x0000000611000000| Complete 
| 123|0x0000000611200000, 0x0000000611400000, 0x0000000611400000|100%| E|CS|TAMS 0x0000000611200000, 0x0000000611200000| Complete 
| 124|0x0000000611400000, 0x0000000611600000, 0x0000000611600000|100%| E|CS|TAMS 0x0000000611400000, 0x0000000611400000| Complete 
| 125|0x0000000611600000, 0x0000000611800000, 0x0000000611800000|100%| E|CS|TAMS 0x0000000611600000, 0x0000000611600000| Complete 
| 126|0x0000000611800000, 0x0000000611a00000, 0x0000000611a00000|100%| E|CS|TAMS 0x0000000611800000, 0x0000000611800000| Complete 
| 127|0x0000000611a00000, 0x0000000611c00000, 0x0000000611c00000|100%| E|CS|TAMS 0x0000000611a00000, 0x0000000611a00000| Complete 
| 128|0x0000000611c00000, 0x0000000611e00000, 0x0000000611e00000|100%| E|CS|TAMS 0x0000000611c00000, 0x0000000611c00000| Complete 
| 129|0x0000000611e00000, 0x0000000612000000, 0x0000000612000000|100%| E|CS|TAMS 0x0000000611e00000, 0x0000000611e00000| Complete 
| 130|0x0000000612000000, 0x0000000612200000, 0x0000000612200000|100%| E|CS|TAMS 0x0000000612000000, 0x0000000612000000| Complete 
| 131|0x0000000612200000, 0x0000000612400000, 0x0000000612400000|100%| E|CS|TAMS 0x0000000612200000, 0x0000000612200000| Complete 
| 132|0x0000000612400000, 0x0000000612600000, 0x0000000612600000|100%| E|CS|TAMS 0x0000000612400000, 0x0000000612400000| Complete 
| 133|0x0000000612600000, 0x0000000612800000, 0x0000000612800000|100%| E|CS|TAMS 0x0000000612600000, 0x0000000612600000| Complete 
| 134|0x0000000612800000, 0x0000000612a00000, 0x0000000612a00000|100%| E|CS|TAMS 0x0000000612800000, 0x0000000612800000| Complete 
| 135|0x0000000612a00000, 0x0000000612c00000, 0x0000000612c00000|100%| E|CS|TAMS 0x0000000612a00000, 0x0000000612a00000| Complete 
| 136|0x0000000612c00000, 0x0000000612e00000, 0x0000000612e00000|100%| E|CS|TAMS 0x0000000612c00000, 0x0000000612c00000| Complete 
| 137|0x0000000612e00000, 0x0000000613000000, 0x0000000613000000|100%| E|CS|TAMS 0x0000000612e00000, 0x0000000612e00000| Complete 
| 138|0x0000000613000000, 0x0000000613200000, 0x0000000613200000|100%| E|CS|TAMS 0x0000000613000000, 0x0000000613000000| Complete 
| 139|0x0000000613200000, 0x0000000613400000, 0x0000000613400000|100%| E|CS|TAMS 0x0000000613200000, 0x0000000613200000| Complete 

Card table byte_map: [0x000001302a030000,0x000001302b030000] _byte_map_base: 0x0000013027022000

Marking Bits (Prev, Next): (CMBitMap*) 0x00000130118f58a0, (CMBitMap*) 0x00000130118f5868
 Prev Bits: [0x0000013033fc0000, 0x000001303bf50000)
 Next Bits: [0x000001302c030000, 0x0000013033fc0000)

Polling page: 0x000001300f800000

Metaspace:

Usage:
  Non-class:     28.07 MB capacity,    27.72 MB ( 99%) used,   286.84 KB ( <1%) free+waste,    64.81 KB ( <1%) overhead. 
      Class:      3.09 MB capacity,     2.86 MB ( 93%) used,   203.55 KB (  6%) free+waste,    29.81 KB ( <1%) overhead. 
       Both:     31.16 MB capacity,    30.58 MB ( 98%) used,   490.39 KB (  2%) free+waste,    94.63 KB ( <1%) overhead. 

Virtual space:
  Non-class space:       30.00 MB reserved,      28.25 MB ( 94%) committed 
      Class space:        1.00 GB reserved,       3.13 MB ( <1%) committed 
             Both:        1.03 GB reserved,      31.38 MB (  3%) committed 

Chunk freelists:
   Non-Class:  7.63 KB
       Class:  512 bytes
        Both:  8.13 KB

CodeHeap 'non-profiled nmethods': size=120000Kb used=2030Kb max_used=2030Kb free=117969Kb
 bounds [0x00000130217d0000, 0x0000013021a40000, 0x0000013028d00000]
CodeHeap 'profiled nmethods': size=120000Kb used=7708Kb max_used=7708Kb free=112291Kb
 bounds [0x000001301a2a0000, 0x000001301aa30000, 0x00000130217d0000]
CodeHeap 'non-nmethods': size=5760Kb used=1768Kb max_used=1789Kb free=3991Kb
 bounds [0x0000013019d00000, 0x0000013019f70000, 0x000001301a2a0000]
 total_blobs=4691 nmethods=3379 adapters=1222
 compilation: enabled
              stopped_count=0, restarted_count=0
 full_count=0

Compilation events (10 events):
Event: 62.305 Thread 0x000001303f468800 3374       3       javax.swing.RepaintManager$PaintManager::endPaint (1 bytes)
Event: 62.305 Thread 0x000001303f468800 nmethod 3374 0x000001301aa24310 code [0x000001301aa244a0, 0x000001301aa24598]
Event: 62.306 Thread 0x000001303f4b6800 3375       4       java.awt.Component::getFont_NoClientCode (29 bytes)
Event: 62.307 Thread 0x000001303f4b6800 nmethod 3375 0x00000130219cb610 code [0x00000130219cb7a0, 0x00000130219cb868]
Event: 62.342 Thread 0x000001303f468800 3377       3       javax.swing.JComponent::paintImmediately (155 bytes)
Event: 62.343 Thread 0x000001303f468800 nmethod 3377 0x000001301aa24610 code [0x000001301aa24900, 0x000001301aa25ee8]
Event: 62.405 Thread 0x000001303f468800 3378       3       javax.swing.JFrame::getGraphics (9 bytes)
Event: 62.405 Thread 0x000001303f468800 nmethod 3378 0x000001301aa26410 code [0x000001301aa265e0, 0x000001301aa26a78]
Event: 62.501 Thread 0x000001303f468800 3379  s    3       java.io.ExpiringCache::get (39 bytes)
Event: 62.501 Thread 0x000001303f468800 nmethod 3379 0x000001301aa26c10 code [0x000001301aa26de0, 0x000001301aa271f8]

GC Heap History (10 events):
Event: 48.168 GC heap before
{Heap before GC invocations=27 (full 1):
 garbage-first heap   total 47104K, used 36398K [0x0000000601c00000, 0x0000000800000000)
  region size 2048K, 2 young (4096K), 1 survivors (2048K)
 Metaspace       used 21615K, capacity 22162K, committed 22272K, reserved 1069056K
  class space    used 2328K, capacity 2544K, committed 2560K, reserved 1048576K
}
Event: 48.169 GC heap after
{Heap after GC invocations=28 (full 1):
 garbage-first heap   total 47104K, used 34320K [0x0000000601c00000, 0x0000000800000000)
  region size 2048K, 1 young (2048K), 1 survivors (2048K)
 Metaspace       used 21615K, capacity 22162K, committed 22272K, reserved 1069056K
  class space    used 2328K, capacity 2544K, committed 2560K, reserved 1048576K
}
Event: 48.178 GC heap before
{Heap before GC invocations=28 (full 1):
 garbage-first heap   total 47104K, used 36368K [0x0000000601c00000, 0x0000000800000000)
  region size 2048K, 2 young (4096K), 1 survivors (2048K)
 Metaspace       used 21625K, capacity 22162K, committed 22272K, reserved 1069056K
  class space    used 2328K, capacity 2544K, committed 2560K, reserved 1048576K
}
Event: 48.179 GC heap after
{Heap after GC invocations=29 (full 1):
 garbage-first heap   total 47104K, used 34342K [0x0000000601c00000, 0x0000000800000000)
  region size 2048K, 1 young (2048K), 1 survivors (2048K)
 Metaspace       used 21625K, capacity 22162K, committed 22272K, reserved 1069056K
  class space    used 2328K, capacity 2544K, committed 2560K, reserved 1048576K
}
Event: 48.190 GC heap before
{Heap before GC invocations=30 (full 1):
 garbage-first heap   total 47104K, used 36390K [0x0000000601c00000, 0x0000000800000000)
  region size 2048K, 2 young (4096K), 1 survivors (2048K)
 Metaspace       used 21625K, capacity 22162K, committed 22272K, reserved 1069056K
  class space    used 2328K, capacity 2544K, committed 2560K, reserved 1048576K
}
Event: 48.194 GC heap after
{Heap after GC invocations=31 (full 1):
 garbage-first heap   total 286720K, used 34328K [0x0000000601c00000, 0x0000000800000000)
  region size 2048K, 1 young (2048K), 1 survivors (2048K)
 Metaspace       used 21625K, capacity 22162K, committed 22272K, reserved 1069056K
  class space    used 2328K, capacity 2544K, committed 2560K, reserved 1048576K
}
Event: 48.629 GC heap before
{Heap before GC invocations=31 (full 1):
 garbage-first heap   total 286720K, used 157208K [0x0000000601c00000, 0x0000000800000000)
  region size 2048K, 59 young (120832K), 1 survivors (2048K)
 Metaspace       used 25873K, capacity 26426K, committed 26752K, reserved 1073152K
  class space    used 2361K, capacity 2577K, committed 2688K, reserved 1048576K
}
Event: 48.630 GC heap after
{Heap after GC invocations=32 (full 1):
 garbage-first heap   total 286720K, used 34494K [0x0000000601c00000, 0x0000000800000000)
  region size 2048K, 1 young (2048K), 1 survivors (2048K)
 Metaspace       used 25873K, capacity 26426K, committed 26752K, reserved 1073152K
  class space    used 2361K, capacity 2577K, committed 2688K, reserved 1048576K
}
Event: 49.484 GC heap before
{Heap before GC invocations=32 (full 1):
 garbage-first heap   total 286720K, used 186046K [0x0000000601c00000, 0x0000000800000000)
  region size 2048K, 75 young (153600K), 1 survivors (2048K)
 Metaspace       used 29557K, capacity 30136K, committed 30208K, reserved 1077248K
  class space    used 2851K, capacity 3066K, committed 3072K, reserved 1048576K
}
Event: 49.485 GC heap after
{Heap after GC invocations=33 (full 1):
 garbage-first heap   total 286720K, used 35186K [0x0000000601c00000, 0x0000000800000000)
  region size 2048K, 1 young (2048K), 1 survivors (2048K)
 Metaspace       used 29557K, capacity 30136K, committed 30208K, reserved 1077248K
  class space    used 2851K, capacity 3066K, committed 3072K, reserved 1048576K
}

Deoptimization events (10 events):
Event: 48.881 Thread 0x00000130ad4e2000 Uncommon trap: reason=unstable_if action=reinterpret pc=0x00000130218a0fb8 method=java.lang.Integer.stringSize(I)I @ 3 c2
Event: 48.881 Thread 0x00000130ad4e2000 Uncommon trap: reason=unstable_if action=reinterpret pc=0x00000130218a20bc method=java.lang.Integer.getChars(II[B)I @ 4 c2
Event: 49.161 Thread 0x0000013040ac7000 Uncommon trap: reason=unstable_if action=reinterpret pc=0x00000130218e65c0 method=jdk.internal.jimage.ImageLocation.verify(Ljava/lang/String;Ljava/lang/String;[JLjdk/internal/jimage/ImageStrings;)Z @ 18 c2
Event: 49.193 Thread 0x0000013040ac7000 Uncommon trap: reason=unstable_if action=reinterpret pc=0x00000130218f3424 method=jdk.internal.jimage.ImageLocation.verify(Ljava/lang/String;Ljava/lang/String;[JLjdk/internal/jimage/ImageStrings;)Z @ 18 c2
Event: 49.908 Thread 0x00000130ad4e2000 Uncommon trap: reason=unstable_if action=reinterpret pc=0x000001302182c694 method=java.nio.Buffer.position(I)Ljava/nio/Buffer; @ 5 c2
Event: 51.439 Thread 0x0000013040ac6000 Uncommon trap: reason=class_check action=maybe_recompile pc=0x000001302187213c method=sun.awt.image.ImageWatched$WeakLink.newInfo(Ljava/awt/Image;IIIII)Z @ 25 c2
Event: 51.439 Thread 0x0000013040ac6000 Uncommon trap: reason=class_check action=maybe_recompile pc=0x0000013021872830 method=sun.awt.image.ImageWatched$WeakLink.lambda$update$0(Ljava/awt/image/ImageObserver;Ljava/awt/Image;IIIII)Ljava/lang/Boolean; @ 10 c2
Event: 54.384 Thread 0x0000013040ac7000 Uncommon trap: reason=range_check action=make_not_entrant pc=0x0000013021955f38 method=org.bytedeco.javacpp.Loader.loadLibrary(Ljava/lang/Class;[Ljava/net/URL;Ljava/lang/String;[Ljava/lang/String;)Ljava/lang/String; @ 86 c2
Event: 54.577 Thread 0x0000013040ac7000 Uncommon trap: reason=unstable_if action=reinterpret pc=0x0000013021978f10 method=org.bytedeco.javacv.Java2DFrameConverter.flipCopyWithGamma(Ljava/nio/ByteBuffer;IILjava/nio/ByteBuffer;IIZDZI)V @ 46 c2
Event: 59.140 Thread 0x0000013040ac5000 Uncommon trap: reason=unstable_if action=reinterpret pc=0x00000130219a85e0 method=ThreadEcritureFMPVideo.run()V @ 189 c2

Classes redefined (0 events):
No events

Internal exceptions (10 events):
Event: 6.029 Thread 0x00000130402a6000 Exception <a 'java/lang/NoSuchMethodError'{0x000000060dfea198}: java.lang.invoke.DirectMethodHandle$Holder.invokeStatic(Ljava/lang/Object;Ljava/lang/Object;J)Ljava/lang/Object;> (0x000000060dfea198) thrown at [./open/src/hotspot/share/interpreter/linkReso
Event: 6.030 Thread 0x00000130402a6000 Exception <a 'java/lang/NoSuchMethodError'{0x000000060dff0fe8}: java.lang.invoke.Invokers$Holder.linkToTargetMethod(Ljava/lang/Object;JLjava/lang/Object;)Ljava/lang/Object;> (0x000000060dff0fe8) thrown at [./open/src/hotspot/share/interpreter/linkResolver
Event: 6.993 Thread 0x000001303fd8a000 Exception <a 'java/lang/NoSuchMethodError'{0x000000060de0bde8}: java.lang.invoke.DirectMethodHandle$Holder.invokeVirtual(Ljava/lang/Object;Ljava/lang/Object;)V> (0x000000060de0bde8) thrown at [./open/src/hotspot/share/interpreter/linkResolver.cpp, line 77
Event: 47.960 Thread 0x00000130402a6000 Exception <a 'java/lang/NoSuchMethodError'{0x000000060df19928}: java.lang.invoke.DirectMethodHandle$Holder.invokeStaticInit(Ljava/lang/Object;Ljava/lang/Object;Ljava/lang/Object;Ljava/lang/Object;)I> (0x000000060df19928) thrown at [./open/src/hotspot/shar
Event: 47.960 Thread 0x00000130402a6000 Exception <a 'java/lang/IncompatibleClassChangeError'{0x000000060df23638}: Found class java.lang.Object, but interface was expected> (0x000000060df23638) thrown at [./open/src/hotspot/share/interpreter/linkResolver.cpp, line 838]
Event: 47.961 Thread 0x00000130402a6000 Exception <a 'java/lang/NoSuchMethodError'{0x000000060df26780}: java.lang.invoke.DirectMethodHandle$Holder.invokeStaticInit(Ljava/lang/Object;Ljava/lang/Object;)V> (0x000000060df26780) thrown at [./open/src/hotspot/share/interpreter/linkResolver.cpp, line
Event: 47.962 Thread 0x00000130402a6000 Exception <a 'java/lang/NoSuchMethodError'{0x000000060df2c558}: java.lang.invoke.DirectMethodHandle$Holder.invokeStaticInit(Ljava/lang/Object;Ljava/lang/Object;)I> (0x000000060df2c558) thrown at [./open/src/hotspot/share/interpreter/linkResolver.cpp, line
Event: 51.439 Thread 0x0000013040ac6000 Exception <a 'java/io/FileNotFoundException'{0x0000000612c000f8}> (0x0000000612c000f8) thrown at [./open/src/hotspot/share/prims/jni.cpp, line 611]
Event: 51.466 Thread 0x0000013040ac3800 Exception <a 'java/lang/NoSuchMethodError'{0x0000000612adab08}: java.lang.invoke.DirectMethodHandle$Holder.invokeStatic(Ljava/lang/Object;Ljava/lang/Object;Ljava/lang/Object;Ljava/lang/Object;)V> (0x0000000612adab08) thrown at [./open/src/hotspot/share/in
Event: 51.468 Thread 0x0000013040ac3800 Exception <a 'java/lang/NullPointerException'{0x0000000612ae14c8}> (0x0000000612ae14c8) thrown at [./open/src/hotspot/share/interpreter/linkResolver.cpp, line 1354]

Events (10 events):
Event: 62.500 loading class java/net/MulticastSocket
Event: 62.500 loading class java/net/MulticastSocket done
Event: 62.500 loading class java/net/DefaultDatagramSocketImplFactory
Event: 62.501 loading class java/net/DefaultDatagramSocketImplFactory done
Event: 62.501 loading class java/net/DualStackPlainDatagramSocketImpl
Event: 62.501 loading class java/net/AbstractPlainDatagramSocketImpl
Event: 62.501 loading class java/net/AbstractPlainDatagramSocketImpl done
Event: 62.501 loading class java/net/DualStackPlainDatagramSocketImpl done
Event: 62.501 loading class java/net/AbstractPlainDatagramSocketImpl$1
Event: 62.501 loading class java/net/AbstractPlainDatagramSocketImpl$1 done


Dynamic libraries:
0x00007ff639f70000 - 0x00007ff639f7f000 	C:\Program Files\Java\jdk-11.0.11\bin\javaw.exe
0x00007ff9c9fa0000 - 0x00007ff9ca190000 	C:\Windows\SYSTEM32\ntdll.dll
0x00007ff9c9390000 - 0x00007ff9c9442000 	C:\Windows\System32\KERNEL32.DLL
0x00007ff9c71c0000 - 0x00007ff9c7465000 	C:\Windows\System32\KERNELBASE.dll
0x00007ff9c4c90000 - 0x00007ff9c4d1f000 	C:\Windows\SYSTEM32\apphelp.dll
0x00007ff9c7070000 - 0x00007ff9c716a000 	C:\Windows\System32\ucrtbase.dll
0x00007ff9a4fb0000 - 0x00007ff9a4fc5000 	C:\Program Files\Java\jdk-11.0.11\bin\VCRUNTIME140.dll
0x00007ff9b2820000 - 0x00007ff9b2838000 	C:\Program Files\Java\jdk-11.0.11\bin\jli.dll
0x00007ff9c9030000 - 0x00007ff9c90d3000 	C:\Windows\System32\ADVAPI32.dll
0x00007ff9c8ec0000 - 0x00007ff9c8f5e000 	C:\Windows\System32\msvcrt.dll
0x00007ff9c8190000 - 0x00007ff9c8227000 	C:\Windows\System32\sechost.dll
0x00007ff9c9d60000 - 0x00007ff9c9e7f000 	C:\Windows\System32\RPCRT4.dll
0x00007ff9c82e0000 - 0x00007ff9c8474000 	C:\Windows\System32\USER32.dll
0x00007ff9c6f10000 - 0x00007ff9c6f31000 	C:\Windows\System32\win32u.dll
0x00007ff9c97a0000 - 0x00007ff9c97c6000 	C:\Windows\System32\GDI32.dll
0x00007ff9c7e90000 - 0x00007ff9c8028000 	C:\Windows\System32\gdi32full.dll
0x00007ff9c6f40000 - 0x00007ff9c6fde000 	C:\Windows\System32\msvcp_win.dll
0x00007ff9b4910000 - 0x00007ff9b4b94000 	C:\Windows\WinSxS\amd64_microsoft.windows.common-controls_6595b64144ccf1df_6.0.18362.1556_none_9e7e372fe45e41d5\COMCTL32.dll
0x00007ff9c9450000 - 0x00007ff9c9786000 	C:\Windows\System32\combase.dll
0x00007ff9c6fe0000 - 0x00007ff9c7061000 	C:\Windows\System32\bcryptPrimitives.dll
0x00007ff9c1960000 - 0x00007ff9c196a000 	C:\Windows\SYSTEM32\VERSION.dll
0x00007ff9c9830000 - 0x00007ff9c985e000 	C:\Windows\System32\IMM32.DLL
0x00007ff9a30f0000 - 0x00007ff9a318b000 	C:\Program Files\Java\jdk-11.0.11\bin\msvcp140.dll
0x00007ff97ea30000 - 0x00007ff97f52e000 	C:\Program Files\Java\jdk-11.0.11\bin\server\jvm.dll
0x00007ff9c9240000 - 0x00007ff9c9248000 	C:\Windows\System32\PSAPI.DLL
0x00007ff9a80c0000 - 0x00007ff9a80c9000 	C:\Windows\SYSTEM32\WSOCK32.dll
0x00007ff9c9320000 - 0x00007ff9c938f000 	C:\Windows\System32\WS2_32.dll
0x00007ff9c3310000 - 0x00007ff9c3334000 	C:\Windows\SYSTEM32\WINMM.dll
0x00007ff9c32d0000 - 0x00007ff9c32fd000 	C:\Windows\SYSTEM32\winmmbase.dll
0x00007ff9c7170000 - 0x00007ff9c71ba000 	C:\Windows\System32\cfgmgr32.dll
0x00007ff9c6ea0000 - 0x00007ff9c6eb1000 	C:\Windows\System32\kernel.appcore.dll
0x00007ff9baf70000 - 0x00007ff9baf80000 	C:\Program Files\Java\jdk-11.0.11\bin\verify.dll
0x00007ff9b3230000 - 0x00007ff9b3424000 	C:\Windows\SYSTEM32\DBGHELP.DLL
0x00007ff9b0e50000 - 0x00007ff9b0e7a000 	C:\Windows\SYSTEM32\dbgcore.DLL
0x00007ff9a4520000 - 0x00007ff9a4548000 	C:\Program Files\Java\jdk-11.0.11\bin\java.dll
0x00007ff9baef0000 - 0x00007ff9baefa000 	C:\Program Files\Java\jdk-11.0.11\bin\jimage.dll
0x00007ff9a4870000 - 0x00007ff9a4886000 	C:\Program Files\Java\jdk-11.0.11\bin\zip.dll
0x00007ff9c8550000 - 0x00007ff9c8c37000 	C:\Windows\System32\SHELL32.dll
0x00007ff9c8e10000 - 0x00007ff9c8eb8000 	C:\Windows\System32\shcore.dll
0x00007ff9c7630000 - 0x00007ff9c7dab000 	C:\Windows\System32\windows.storage.dll
0x00007ff9c6e80000 - 0x00007ff9c6e9e000 	C:\Windows\System32\profapi.dll
0x00007ff9c6ec0000 - 0x00007ff9c6f0a000 	C:\Windows\System32\powrprof.dll
0x00007ff9c6e50000 - 0x00007ff9c6e60000 	C:\Windows\System32\UMPDC.dll
0x00007ff9c97d0000 - 0x00007ff9c9822000 	C:\Windows\System32\shlwapi.dll
0x00007ff9c8030000 - 0x00007ff9c8047000 	C:\Windows\System32\cryptsp.dll
0x00007ff9af5d0000 - 0x00007ff9af5e0000 	D:\RIAS Julien\Projet_2025_Drone\Projet_Drone_Rias_Julien\Rias Julien (Etudiant 3)\Workspace\Appli_Projet_FMP_Actif_V5\JNIFileMappingPictureServeur.dll
0x00007ff9b0ea0000 - 0x00007ff9b0eac000 	C:\Windows\SYSTEM32\VCRUNTIME140_1.dll
0x00007ff9a93d0000 - 0x00007ff9a93d9000 	D:\RIAS Julien\Projet_2025_Drone\Projet_Drone_Rias_Julien\Rias Julien (Etudiant 3)\Workspace\Appli_Projet_FMP_Actif_V5\JNIVirtualRobotHaptiqueDrone.dll
0x00007ff9a8100000 - 0x00007ff9a810b000 	D:\RIAS Julien\Projet_2025_Drone\Projet_Drone_Rias_Julien\Rias Julien (Etudiant 3)\Workspace\Appli_Projet_FMP_Actif_V5\JNIFileMappingRobotHaptiqueDroneClient.dll
0x00007ff9a3050000 - 0x00007ff9a306b000 	D:\RIAS Julien\Projet_2025_Drone\Projet_Drone_Rias_Julien\Rias Julien (Etudiant 3)\Workspace\Appli_Projet_FMP_Actif_V5\JNIFileMappingManettesClient.dll
0x00007ff9a2860000 - 0x00007ff9a288e000 	C:\Windows\SYSTEM32\VCRUNTIME140D.dll
0x00007ff981e00000 - 0x00007ff982021000 	C:\Windows\SYSTEM32\ucrtbased.dll
0x00007ff9a5550000 - 0x00007ff9a555f000 	C:\Windows\SYSTEM32\VCRUNTIME140_1D.dll
0x00007ff98d5d0000 - 0x00007ff98d6b2000 	C:\Windows\SYSTEM32\MSVCP140D.dll
0x00007ff9a4e50000 - 0x00007ff9a4e5f000 	D:\RIAS Julien\Projet_2025_Drone\Projet_Drone_Rias_Julien\Rias Julien (Etudiant 3)\Workspace\Appli_Projet_FMP_Actif_V5\JNIFileMappingTelloEduTelemetryClient.dll
0x00007ff9a4d20000 - 0x00007ff9a4d2f000 	D:\RIAS Julien\Projet_2025_Drone\Projet_Drone_Rias_Julien\Rias Julien (Etudiant 3)\Workspace\Appli_Projet_FMP_Actif_V5\JNIFileMappingTelloEduTelemetryServeur.dll
0x00007ff967830000 - 0x00007ff96aa95000 	D:\RIAS Julien\Projet_2025_Drone\Projet_Drone_Rias_Julien\Rias Julien (Etudiant 3)\Workspace\Appli_Projet_FMP_Actif_V5\lib\opencv_java4100.dll
0x00007ff9c90e0000 - 0x00007ff9c9237000 	C:\Windows\System32\ole32.dll
0x00007ff9c9250000 - 0x00007ff9c9315000 	C:\Windows\System32\OLEAUT32.dll
0x00007ff998020000 - 0x00007ff9980a2000 	C:\Windows\SYSTEM32\MF.dll
0x00007ff995880000 - 0x00007ff995a7a000 	C:\Windows\SYSTEM32\MFPlat.DLL
0x00007ff9c5b50000 - 0x00007ff9c5c3b000 	C:\Windows\SYSTEM32\dxgi.dll
0x00007ff988c10000 - 0x00007ff988d49000 	C:\Windows\SYSTEM32\MFReadWrite.dll
0x00007ff9c42d0000 - 0x00007ff9c452b000 	C:\Windows\SYSTEM32\d3d11.dll
0x00007ff9c5b30000 - 0x00007ff9c5b50000 	C:\Windows\SYSTEM32\dxcore.dll
0x00007ff97e640000 - 0x00007ff97ea2c000 	C:\Windows\SYSTEM32\MFCORE.DLL
0x00007ff9c7470000 - 0x00007ff9c75c1000 	C:\Windows\System32\CRYPT32.dll
0x00007ff9c6e60000 - 0x00007ff9c6e72000 	C:\Windows\System32\MSASN1.dll
0x00007ff9c7db0000 - 0x00007ff9c7dd6000 	C:\Windows\System32\bcrypt.dll
0x00007ff9c2d70000 - 0x00007ff9c2d79000 	C:\Windows\SYSTEM32\ksuser.dll
0x00007ff9c6860000 - 0x00007ff9c686c000 	C:\Windows\SYSTEM32\CRYPTBASE.DLL
0x00007ff9b2840000 - 0x00007ff9b286f000 	C:\Windows\SYSTEM32\RTWorkQ.DLL
0x00007ff9a3e70000 - 0x00007ff9a3e89000 	C:\Program Files\Java\jdk-11.0.11\bin\net.dll
0x00007ff9c0130000 - 0x00007ff9c022a000 	C:\Windows\SYSTEM32\WINHTTP.dll
0x00007ff9c6690000 - 0x00007ff9c66f7000 	C:\Windows\system32\mswsock.dll
0x00007ff9a3410000 - 0x00007ff9a3422000 	C:\Program Files\Java\jdk-11.0.11\bin\nio.dll
0x00007ff982410000 - 0x00007ff9825aa000 	C:\Program Files\Java\jdk-11.0.11\bin\awt.dll
0x00007ff9c5280000 - 0x00007ff9c52ad000 	C:\Windows\system32\DWMAPI.DLL
0x00007ff9c4e60000 - 0x00007ff9c4ef9000 	C:\Windows\system32\uxtheme.dll
0x00007ff9be4e0000 - 0x00007ff9be636000 	C:\Windows\system32\opengl32.dll
0x00007ff9be770000 - 0x00007ff9be79c000 	C:\Windows\SYSTEM32\GLU32.dll
0x00007ff9c8050000 - 0x00007ff9c8185000 	C:\Windows\System32\MSCTF.dll
0x00007ff98e0c0000 - 0x00007ff98e145000 	C:\Program Files\Java\jdk-11.0.11\bin\freetype.dll
0x00007ff982310000 - 0x00007ff982402000 	C:\Program Files\Java\jdk-11.0.11\bin\harfbuzz.dll
0x00007ff9a3070000 - 0x00007ff9a3082000 	C:\Program Files\Java\jdk-11.0.11\bin\fontmanager.dll
0x00007ff9be910000 - 0x00007ff9be9ab000 	C:\Windows\System32\TextInputFramework.dll
0x00007ff9c4710000 - 0x00007ff9c47e4000 	C:\Windows\System32\CoreMessaging.dll
0x00007ff9c1590000 - 0x00007ff9c18ba000 	C:\Windows\System32\CoreUIComponents.dll
0x00007ff9c5e30000 - 0x00007ff9c5e61000 	C:\Windows\SYSTEM32\ntmarta.dll
0x00007ff9c1a40000 - 0x00007ff9c1b92000 	C:\Windows\SYSTEM32\wintypes.dll
0x00007ff9bb530000 - 0x00007ff9bb7d7000 	C:\Windows\System32\iertutil.dll
0x00007ff9c0a00000 - 0x00007ff9c0aae000 	C:\Windows\SYSTEM32\mscms.dll
0x00007ff9c6d70000 - 0x00007ff9c6d95000 	C:\Windows\SYSTEM32\USERENV.dll
0x00007ff9c09b0000 - 0x00007ff9c09c7000 	C:\Windows\SYSTEM32\ColorAdapterClient.dll
0x00007ff98f6d0000 - 0x00007ff98f713000 	C:\Windows\SYSTEM32\icm32.dll
0x00007ff9c63a0000 - 0x00007ff9c63da000 	C:\Windows\SYSTEM32\IPHLPAPI.DLL
0x00007ff9c9d50000 - 0x00007ff9c9d58000 	C:\Windows\System32\NSI.dll
0x00007ff9c2790000 - 0x00007ff9c27a6000 	C:\Windows\SYSTEM32\dhcpcsvc6.DLL
0x00007ff9c2730000 - 0x00007ff9c274c000 	C:\Windows\SYSTEM32\dhcpcsvc.DLL
0x00007ff9c63e0000 - 0x00007ff9c64ab000 	C:\Windows\SYSTEM32\DNSAPI.dll
0x00007ff9c2be0000 - 0x00007ff9c2beb000 	C:\Windows\SYSTEM32\WINNSI.DLL
0x0000013011820000 - 0x0000013011824000 	C:\Users\rias\.javacpp\cache\javacpp-windows-x86_64.jar\org\bytedeco\javacpp\windows-x86_64\api-ms-win-crt-locale-l1-1-0.dll
0x0000013041440000 - 0x0000013041445000 	C:\Users\rias\.javacpp\cache\javacpp-windows-x86_64.jar\org\bytedeco\javacpp\windows-x86_64\api-ms-win-crt-string-l1-1-0.dll
0x0000013043b90000 - 0x0000013043b95000 	C:\Users\rias\.javacpp\cache\javacpp-windows-x86_64.jar\org\bytedeco\javacpp\windows-x86_64\api-ms-win-crt-stdio-l1-1-0.dll
0x0000013043ba0000 - 0x0000013043ba6000 	C:\Users\rias\.javacpp\cache\javacpp-windows-x86_64.jar\org\bytedeco\javacpp\windows-x86_64\api-ms-win-crt-math-l1-1-0.dll
0x0000013043bb0000 - 0x0000013043bb4000 	C:\Users\rias\.javacpp\cache\javacpp-windows-x86_64.jar\org\bytedeco\javacpp\windows-x86_64\api-ms-win-crt-heap-l1-1-0.dll
0x0000013043bc0000 - 0x0000013043bc5000 	C:\Users\rias\.javacpp\cache\javacpp-windows-x86_64.jar\org\bytedeco\javacpp\windows-x86_64\api-ms-win-crt-runtime-l1-1-0.dll
0x0000013043bd0000 - 0x0000013043bd5000 	C:\Users\rias\.javacpp\cache\javacpp-windows-x86_64.jar\org\bytedeco\javacpp\windows-x86_64\api-ms-win-crt-convert-l1-1-0.dll
0x0000013043be0000 - 0x0000013043be4000 	C:\Users\rias\.javacpp\cache\javacpp-windows-x86_64.jar\org\bytedeco\javacpp\windows-x86_64\api-ms-win-crt-environment-l1-1-0.dll
0x0000013043bf0000 - 0x0000013043bf4000 	C:\Users\rias\.javacpp\cache\javacpp-windows-x86_64.jar\org\bytedeco\javacpp\windows-x86_64\api-ms-win-crt-time-l1-1-0.dll
0x0000013043c00000 - 0x0000013043c04000 	C:\Users\rias\.javacpp\cache\javacpp-windows-x86_64.jar\org\bytedeco\javacpp\windows-x86_64\api-ms-win-crt-filesystem-l1-1-0.dll
0x0000013043c10000 - 0x0000013043c14000 	C:\Users\rias\.javacpp\cache\javacpp-windows-x86_64.jar\org\bytedeco\javacpp\windows-x86_64\api-ms-win-crt-utility-l1-1-0.dll
0x0000013043c20000 - 0x0000013043c26000 	C:\Users\rias\.javacpp\cache\javacpp-windows-x86_64.jar\org\bytedeco\javacpp\windows-x86_64\api-ms-win-crt-multibyte-l1-1-0.dll
0x0000013043c30000 - 0x0000013043c34000 	C:\Users\rias\.javacpp\cache\javacpp-windows-x86_64.jar\org\bytedeco\javacpp\windows-x86_64\api-ms-win-crt-conio-l1-1-0.dll
0x0000013043c40000 - 0x0000013043c51000 	C:\Users\rias\.javacpp\cache\javacpp-windows-x86_64.jar\org\bytedeco\javacpp\windows-x86_64\api-ms-win-crt-private-l1-1-0.dll
0x0000013043c60000 - 0x0000013043c64000 	C:\Users\rias\.javacpp\cache\javacpp-windows-x86_64.jar\org\bytedeco\javacpp\windows-x86_64\api-ms-win-crt-process-l1-1-0.dll
0x0000013043c70000 - 0x0000013043c74000 	C:\Users\rias\.javacpp\cache\javacpp-windows-x86_64.jar\org\bytedeco\javacpp\windows-x86_64\api-ms-win-core-console-l1-2-0.dll
0x0000013043c80000 - 0x0000013043c84000 	C:\Users\rias\.javacpp\cache\javacpp-windows-x86_64.jar\org\bytedeco\javacpp\windows-x86_64\api-ms-win-core-string-l1-1-0.dll
0x0000013043c90000 - 0x0000013043c94000 	C:\Users\rias\.javacpp\cache\javacpp-windows-x86_64.jar\org\bytedeco\javacpp\windows-x86_64\api-ms-win-core-errorhandling-l1-1-0.dll
0x0000013043ca0000 - 0x0000013043ca4000 	C:\Users\rias\.javacpp\cache\javacpp-windows-x86_64.jar\org\bytedeco\javacpp\windows-x86_64\api-ms-win-core-timezone-l1-1-0.dll
0x0000013043cb0000 - 0x0000013043cb5000 	C:\Users\rias\.javacpp\cache\javacpp-windows-x86_64.jar\org\bytedeco\javacpp\windows-x86_64\api-ms-win-core-file-l1-1-0.dll
0x0000013043cc0000 - 0x0000013043cc4000 	C:\Users\rias\.javacpp\cache\javacpp-windows-x86_64.jar\org\bytedeco\javacpp\windows-x86_64\api-ms-win-core-namedpipe-l1-1-0.dll
0x0000013043cd0000 - 0x0000013043cd4000 	C:\Users\rias\.javacpp\cache\javacpp-windows-x86_64.jar\org\bytedeco\javacpp\windows-x86_64\api-ms-win-core-handle-l1-1-0.dll
0x0000013043ce0000 - 0x0000013043ce4000 	C:\Users\rias\.javacpp\cache\javacpp-windows-x86_64.jar\org\bytedeco\javacpp\windows-x86_64\api-ms-win-core-file-l2-1-0.dll
0x0000013043cf0000 - 0x0000013043cf4000 	C:\Users\rias\.javacpp\cache\javacpp-windows-x86_64.jar\org\bytedeco\javacpp\windows-x86_64\api-ms-win-core-heap-l1-1-0.dll
0x0000013043d00000 - 0x0000013043d04000 	C:\Users\rias\.javacpp\cache\javacpp-windows-x86_64.jar\org\bytedeco\javacpp\windows-x86_64\api-ms-win-core-libraryloader-l1-1-0.dll
0x0000013043d10000 - 0x0000013043d14000 	C:\Users\rias\.javacpp\cache\javacpp-windows-x86_64.jar\org\bytedeco\javacpp\windows-x86_64\api-ms-win-core-synch-l1-1-0.dll
0x0000013043d20000 - 0x0000013043d24000 	C:\Users\rias\.javacpp\cache\javacpp-windows-x86_64.jar\org\bytedeco\javacpp\windows-x86_64\api-ms-win-core-processthreads-l1-1-0.dll

dbghelp: loaded successfully - version: 4.0.5 - missing functions: none
symbol engine: initialized successfully - sym options: 0x614 - pdb path: .;C:\Program Files\Java\jdk-11.0.11\bin;C:\Windows\SYSTEM32;C:\Windows\WinSxS\amd64_microsoft.windows.common-controls_6595b64144ccf1df_6.0.18362.1556_none_9e7e372fe45e41d5;C:\Program Files\Java\jdk-11.0.11\bin\server;D:\RIAS Julien\Projet_2025_Drone\Projet_Drone_Rias_Julien\Rias Julien (Etudiant 3)\Workspace\Appli_Projet_FMP_Actif_V5;D:\RIAS Julien\Projet_2025_Drone\Projet_Drone_Rias_Julien\Rias Julien (Etudiant 3)\Workspace\Appli_Projet_FMP_Actif_V5\lib;C:\Users\rias\.javacpp\cache\javacpp-windows-x86_64.jar\org\bytedeco\javacpp\windows-x86_64;C:\Users\rias\.javacpp\cache\openblas-windows-x86_64.jar\org\bytedeco\openblas\windows-x86_64;C:\Users\rias\.javacpp\cache\opencv-windows-x86_64.jar\org\bytedeco\opencv\windows-x86_64;C:\Users\rias\.javacpp\cache\ffmpeg-windows-x86_64.jar\org\bytedeco\ffmpeg\windows-x86_64

VM Arguments:
jvm_args: -Dfile.encoding=Cp1252 
java_command: Start
java_class_path (initial): D:\RIAS Julien\Projet_2025_Drone\Projet_Drone_Rias_Julien\Rias Julien (Etudiant 3)\Workspace\Appli_Projet_FMP_Actif_V5;D:\RIAS Julien\Projet_2025_Drone\Projet_Drone_Rias_Julien\Rias Julien (Etudiant 3)\Workspace\Appli_Projet_FMP_Actif_V5\lib\opencv-4100.jar;D:\RIAS Julien\Projet_2025_Drone\Projet_Drone_Rias_Julien\Rias Julien (Etudiant 3)\Workspace\Appli_Projet_FMP_Actif_V5\lib\snakeyaml-2.3.jar;D:\RIAS Julien\Projet_2025_Drone\Projet_Drone_Rias_Julien\Rias Julien (Etudiant 3)\Workspace\Appli_Projet_FMP_Actif_V5\lib\javacv_javacpp_ffmpeg_1.5.8\javacpp.jar;D:\RIAS Julien\Projet_2025_Drone\Projet_Drone_Rias_Julien\Rias Julien (Etudiant 3)\Workspace\Appli_Projet_FMP_Actif_V5\lib\javacv_javacpp_ffmpeg_1.5.8\artoolkitplus.jar;D:\RIAS Julien\Projet_2025_Drone\Projet_Drone_Rias_Julien\Rias Julien (Etudiant 3)\Workspace\Appli_Projet_FMP_Actif_V5\lib\javacv_javacpp_ffmpeg_1.5.8\artoolkitplus-windows-x86_64.jar;D:\RIAS Julien\Projet_2025_Drone\Projet_Drone_Rias_Julien\Rias Julien (Etudiant 3)\Workspace\Appli_Projet_FMP_Actif_V5\lib\javacv_javacpp_ffmpeg_1.5.8\artoolkitplus-platform.jar;D:\RIAS Julien\Projet_2025_Drone\Projet_Drone_Rias_Julien\Rias Julien (Etudiant 3)\Workspace\Appli_Projet_FMP_Actif_V5\lib\javacv_javacpp_ffmpeg_1.5.8\ffmpeg.jar;D:\RIAS Julien\Projet_2025_Drone\Projet_Drone_Rias_Julien\Rias Julien (Etudiant 3)\Workspace\Appli_Projet_FMP_Actif_V5\lib\javacv_javacpp_ffmpeg_1.5.8\ffmpeg-windows-x86_64.jar;D:\RIAS Julien\Projet_2025_Drone\Projet_Drone_Rias_Julien\Rias Julien (Etudiant 3)\Workspace\Appli_Projet_FMP_Actif_V5\lib\javacv_javacpp_ffmpeg_1.5.8\ffmpeg-platform.jar;D:\RIAS Julien\Projet_2025_Drone\Projet_Drone_Rias_Julien\Rias Julien (Etudiant 3)\Workspace\Appli_Projet_FMP_Actif_V5\lib\javacv_javacpp_ffmpeg_1.5.8\flandmark.jar;D:\RIAS Julien\Projet_2025_Drone\Projet_Drone_Rias_Julien\Rias Julien (Etudiant 3)\Workspace\Appli_Projet_FMP_Actif_V5\lib\javacv_javacpp_ffmpeg_1.5.8\flandmark-windows-x86_64.jar;D:\RIAS Julien\Projet_2
Launcher Type: SUN_STANDARD

[Global flags]
     intx CICompilerCount                          = 4                                         {product} {ergonomic}
     uint ConcGCThreads                            = 2                                         {product} {ergonomic}
     uint G1ConcRefinementThreads                  = 8                                         {product} {ergonomic}
   size_t G1HeapRegionSize                         = 2097152                                   {product} {ergonomic}
    uintx GCDrainStackTargetSize                   = 64                                        {product} {ergonomic}
   size_t InitialHeapSize                          = 536870912                                 {product} {ergonomic}
   size_t MarkStackSize                            = 4194304                                   {product} {ergonomic}
   size_t MaxHeapSize                              = 8560574464                                {product} {ergonomic}
   size_t MaxNewSize                               = 5135925248                                {product} {ergonomic}
   size_t MinHeapDeltaBytes                        = 2097152                                   {product} {ergonomic}
    uintx NonNMethodCodeHeapSize                   = 5836300                                {pd product} {ergonomic}
    uintx NonProfiledCodeHeapSize                  = 122910970                              {pd product} {ergonomic}
    uintx ProfiledCodeHeapSize                     = 122910970                              {pd product} {ergonomic}
    uintx ReservedCodeCacheSize                    = 251658240                              {pd product} {ergonomic}
     bool SegmentedCodeCache                       = true                                      {product} {ergonomic}
     bool UseCompressedClassPointers               = true                                 {lp64_product} {ergonomic}
     bool UseCompressedOops                        = true                                 {lp64_product} {ergonomic}
     bool UseG1GC                                  = true                                      {product} {ergonomic}
     bool UseLargePagesIndividualAllocation        = false                                  {pd product} {ergonomic}

Logging:
Log output configuration:
 #0: stdout all=warning uptime,level,tags
 #1: stderr all=off uptime,level,tags

Environment Variables:
PATH=C:\Program Files\Python311\Scripts\;C:\Program Files\Python311\;C:\Program Files\Common Files\Oracle\Java\javapath;C:\Program Files\Python38\Scripts\;C:\Program Files\Python38\;C:\Program Files (x86)\Embarcadero\Studio\15.0\bin;C:\Users\Public\Documents\Embarcadero\Studio\15.0\Bpl;C:\Program Files (x86)\Embarcadero\Studio\15.0\bin64;C:\Users\Public\Documents\Embarcadero\Studio\15.0\Bpl\Win64;C:\Windows\system32;C:\Windows;C:\Windows\System32\Wbem;C:\Windows\System32\WindowsPowerShell\v1.0\;C:\Windows\System32\OpenSSH\;C:\Program Files\PuTTY\;C:\Program Files\Java\jdk1.8.0_231\bin;C:\Program Files (x86)\IVI Foundation\VISA\WinNT\Bin\;C:\Program Files\IVI Foundation\VISA\Win64\Bin\;C:\Program Files (x86)\IVI Foundation\VISA\WinNT\Bin;C:\Program Files (x86)\IVI Foundation\IVI\bin;C:\Program Files\IVI Foundation\IVI\bin;C:\Program Files\Microsoft SQL Server\130\Tools\Binn\;C:\Program Files\nodejs\;C:\ProgramData\chocolatey\bin;C:\mingw-w64\x86_64-8.1.0-posix-seh-rt_v6-rev0\mingw64\bin;C:\Program Files (x86)\Common Files\Acronis\VirtualFile\;C:\Program Files (x86)\Common Files\Acronis\VirtualFile64\;C:\Program Files (x86)\Common Files\Acronis\FileProtector\;C:\Program Files (x86)\Common Files\Acronis\FileProtector64\;C:\Program Files (x86)\Common Files\Acronis\SnapAPI\;C:\Program Files\Java\jdk-11.0.11\bin;C:\Eclipse-JDK11\eclipse;C:\Program Files\Microsoft SQL Server\150\Tools\Binn\;C:\TDM-GCC-64\bin;C:\ffmpegH264\bin;C:\gstreamer\1.0\msvc_x86_64\bin;C:\gstreamer\1.0\msvc_x86_64\lib;C:\Program Files\CMake\bin;C:\Program Files\dotnet\;C:\Program Files (x86)\Incredibuild;C:\Program Files (x86)\Windows Kits\10\Windows Performance Toolkit\;C:\Users\rias\AppData\Local\Microsoft\WindowsApps;C:\Users\install\AppData\Roaming\npm;C:\Users\rias\AppData\Local\GitHubDesktop\bin;C:\Users\rias\AppData\Local\Programs\Microsoft VS Code\bin;C:\Users\rias\.dotnet\tools
USERNAME=RIAS
OS=Windows_NT
PROCESSOR_IDENTIFIER=Intel64 Family 6 Model 94 Stepping 3, GenuineIntel



---------------  S Y S T E M  ---------------

OS: Windows 10 , 64 bit Build 18362 (10.0.18362.1500)

CPU:total 8 (initial active 8) (4 cores per cpu, 2 threads per core) family 6 model 94 stepping 3 microcode 0xd6, cmov, cx8, fxsr, mmx, sse, sse2, sse3, ssse3, sse4.1, sse4.2, popcnt, avx, avx2, aes, clmul, erms, rtm, 3dnowpref, lzcnt, ht, tsc, tscinvbit, bmi1, bmi2, adx, fma

Memory: 4k page, system-wide physical 32648M (18858M free)
TotalPageFile size 37512M (AvailPageFile size 21862M)
current process WorkingSet (physical memory assigned to process): 1580M, peak: 1580M
current process commit charge ("private bytes"): 3513M, peak: 3513M

vm_info: Java HotSpot(TM) 64-Bit Server VM (11.0.11+9-LTS-194) for windows-amd64 JRE (11.0.11+9-LTS-194), built on Mar 18 2021 18:46:53 by "mach5one" with MS VC++ 15.9 (VS2017)

END.
