#
# A fatal error has been detected by the Java Runtime Environment:
#
#  EXCEPTION_ACCESS_VIOLATION (0xc0000005) at pc=0x00007ffaae0026b7, pid=12944, tid=12624
#
# JRE version: Java(TM) SE Runtime Environment 18.9 (11.0.11+9) (build 11.0.11+9-LTS-194)
# Java VM: Java HotSpot(TM) 64-Bit Server VM 18.9 (11.0.11+9-LTS-194, mixed mode, tiered, compressed oops, g1 gc, windows-amd64)
# Problematic frame:
# C  [JNIFileMappingTelloEduTelemetryClient.dll+0x26b7]
#
# No core dump will be written. Minidumps are not enabled by default on client versions of Windows
#
# If you would like to submit a bug report, please visit:
#   https://bugreport.java.com/bugreport/crash.jsp
# The crash happened outside the Java Virtual Machine in native code.
# See problematic frame for where to report the bug.
#

---------------  S U M M A R Y ------------

Command Line: -Dfile.encoding=Cp1252 Start

Host: Intel(R) Core(TM) i7-6700 CPU @ 3.40GHz, 8 cores, 31G,  Windows 10 , 64 bit Build 18362 (10.0.18362.1500)
Time: Tue May 27 08:43:53 2025 Paris, Madrid (heure d?été) elapsed time: 62.386193 seconds (0d 0h 1m 2s)

---------------  T H R E A D  ---------------

Current thread (0x00000203f5799000):  JavaThread "Thread-18" [_thread_in_native, id=12624, stack(0x000000d3a3f00000,0x000000d3a4000000)]

Stack: [0x000000d3a3f00000,0x000000d3a4000000],  sp=0x000000d3a3fff078,  free space=1020k
Native frames: (J=compiled Java code, j=interpreted, Vv=VM code, C=native code)
C  [JNIFileMappingTelloEduTelemetryClient.dll+0x26b7]

Java frames: (J=compiled Java code, j=interpreted, Vv=VM code)
j  JNIFileMappingTelloEduTelemetryClientJNI.cFileMappingTelloEduTelemetryClient_getVirtualTelloEduTelemetryAgx(JLcFileMappingTelloEduTelemetryClient;)D+0
j  cFileMappingTelloEduTelemetryClient.getVirtualTelloEduTelemetryAgx()D+5
j  ThreadEnvoiTelemetrieAndroid.run()V+93
v  ~StubRoutines::call_stub

siginfo: EXCEPTION_ACCESS_VIOLATION (0xc0000005), reading address 0x0000000000000020


Register to memory mapping:

RIP=0x00007ffaae0026b7 JNIFileMappingTelloEduTelemetryClient.dll
RAX=0x0 is NULL
RBX={method} {0x00000203f88bd310} 'cFileMappingTelloEduTelemetryClient_getVirtualTelloEduTelemetryAgx' '(JLcFileMappingTelloEduTelemetryClient;)D' in 'JNIFileMappingTelloEduTelemetryClientJNI'
RCX=0x00000203f8d802e0 points into unknown readable memory: 50 53 00 ae fa 7f 00 00
RDX=0x000000d3a3fff118 is pointing into the stack for thread: 0x00000203f5799000
RSP=0x000000d3a3fff078 is pointing into the stack for thread: 0x00000203f5799000
RBP=0x000000d3a3fff108 is pointing into the stack for thread: 0x00000203f5799000
RSI=3259040254 is a compressed pointer to object: [B 
{0x0000000612080ff0} - klass: {type array byte}
 - length: 19
RDI=3259040251 is a compressed pointer to object: [B 
{0x0000000612080fd8} - klass: {type array byte}
 - length: 3
R8 =0x00000203f8d802e0 points into unknown readable memory: 50 53 00 ae fa 7f 00 00
R9 =0x000000d3a3fff128 is pointing into the stack for thread: 0x00000203f5799000
R10=0x00000203cea7f348 is at code_begin+1000 in an Interpreter codelet
method entry point (kind = native)  [0x00000203cea7ef60, 0x00000203cea7fa00]  2720 bytes
R11=0x000000061204a5a8 is an oop: java.lang.Class 
{0x000000061204a5a8} - klass: 'java/lang/Class'
R12=0x0 is NULL
R13={method} {0x00000203f88bd310} 'cFileMappingTelloEduTelemetryClient_getVirtualTelloEduTelemetryAgx' '(JLcFileMappingTelloEduTelemetryClient;)D' in 'JNIFileMappingTelloEduTelemetryClientJNI'
R14=0x000000d3a3fff138 is pointing into the stack for thread: 0x00000203f5799000
R15=0x00000203f5799000 is a thread


Registers:
RAX=0x0000000000000000, RBX=0x00000203f88bd308, RCX=0x00000203f8d802e0, RDX=0x000000d3a3fff118
RSP=0x000000d3a3fff078, RBP=0x000000d3a3fff108, RSI=0x00000000c24101fe, RDI=0x00000000c24101fb
R8 =0x00000203f8d802e0, R9 =0x000000d3a3fff128, R10=0x00000203cea7f348, R11=0x000000061204a5a8
R12=0x0000000000000000, R13=0x00000203f88bd308, R14=0x000000d3a3fff138, R15=0x00000203f5799000
RIP=0x00007ffaae0026b7, EFLAGS=0x0000000000010202

Top of Stack: (sp=0x000000d3a3fff078)
0x000000d3a3fff078:   00000203cea7f377 00000000c24101fb
0x000000d3a3fff088:   00000203cea7f05c 00000203f5799000
0x000000d3a3fff098:   00000203f88bd308 000000d3a3fff108
0x000000d3a3fff0a8:   00000000c24101fe 00000000c24101fe
0x000000d3a3fff0b8:   00000203cea7f016 000000d3a3fff0c0
0x000000d3a3fff0c8:   00000203f88bd308 000000d3a3fff138
0x000000d3a3fff0d8:   00000203f88be6d0 0000000000000000
0x000000d3a3fff0e8:   000000061204a5a8 00000203f88bd308
0x000000d3a3fff0f8:   0000000000000000 000000d3a3fff128
0x000000d3a3fff108:   000000d3a3fff188 00000203cea79db0
0x000000d3a3fff118:   000000061204a5a8 00000203cea7c2fa
0x000000d3a3fff128:   000000061207ec60 00000203f8d802e0
0x000000d3a3fff138:   0000000000000000 000000d3a3fff140
0x000000d3a3fff148:   00000203f88b87a5 000000d3a3fff198
0x000000d3a3fff158:   00000203f88b9ea8 0000000000000000
0x000000d3a3fff168:   0000000612046b68 00000203f88b87c0 

Instructions: (pc=0x00007ffaae0026b7)
0x00007ffaae002697:   cc cc cc cc cc cc cc cc cc 0f b6 81 b0 00 00 00
0x00007ffaae0026a7:   c3 cc cc cc cc cc cc cc cc 48 8b 81 98 00 00 00
0x00007ffaae0026b7:   f2 0f 10 40 20 c3 cc cc cc 48 8b 81 98 00 00 00
0x00007ffaae0026c7:   f2 0f 10 40 28 c3 cc cc cc 48 8b 81 98 00 00 00 


Stack slot to memory mapping:
stack at sp + 0 slots: 0x00000203cea7f377 is at code_begin+1047 in an Interpreter codelet
method entry point (kind = native)  [0x00000203cea7ef60, 0x00000203cea7fa00]  2720 bytes
stack at sp + 1 slots: 3259040251 is a compressed pointer to object: [B 
{0x0000000612080fd8} - klass: {type array byte}
 - length: 3
stack at sp + 2 slots: 0x00000203cea7f05c is at code_begin+252 in an Interpreter codelet
method entry point (kind = native)  [0x00000203cea7ef60, 0x00000203cea7fa00]  2720 bytes
stack at sp + 3 slots: 0x00000203f5799000 is a thread
stack at sp + 4 slots: {method} {0x00000203f88bd310} 'cFileMappingTelloEduTelemetryClient_getVirtualTelloEduTelemetryAgx' '(JLcFileMappingTelloEduTelemetryClient;)D' in 'JNIFileMappingTelloEduTelemetryClientJNI'
stack at sp + 5 slots: 0x000000d3a3fff108 is pointing into the stack for thread: 0x00000203f5799000
stack at sp + 6 slots: 3259040254 is a compressed pointer to object: [B 
{0x0000000612080ff0} - klass: {type array byte}
 - length: 19
stack at sp + 7 slots: 3259040254 is a compressed pointer to object: [B 
{0x0000000612080ff0} - klass: {type array byte}
 - length: 19


---------------  P R O C E S S  ---------------

Threads class SMR info:
_java_thread_list=0x0000020429c410d0, length=34, elements={
0x00000203f418f000, 0x00000203f4190800, 0x00000203f41cd000, 0x00000203f41d0000,
0x00000203f41d2800, 0x00000203f41d7800, 0x00000203f422a800, 0x00000203f4399800,
0x00000203f43a3000, 0x00000203f4ced800, 0x00000203f4bc9000, 0x00000203f4c24800,
0x00000203f4d24000, 0x00000203c65de800, 0x00000203f504a000, 0x00000203f4f12800,
0x00000203f59e8000, 0x00000203f4fb4800, 0x00000203f91cd800, 0x00000203f539a800,
0x00000203f539b800, 0x00000203f539e000, 0x00000203f539a000, 0x00000203f5398000,
0x00000203f539c800, 0x00000203f5399000, 0x00000203f539e800, 0x00000203f539d000,
0x00000203f5795800, 0x00000203f5796800, 0x00000203f5797000, 0x00000203f5792000,
0x00000203f5794800, 0x00000203f5799000
}

Java Threads: ( => current thread )
  0x00000203f418f000 JavaThread "Reference Handler" daemon [_thread_blocked, id=14052, stack(0x000000d39ea00000,0x000000d39eb00000)]
  0x00000203f4190800 JavaThread "Finalizer" daemon [_thread_blocked, id=11072, stack(0x000000d39eb00000,0x000000d39ec00000)]
  0x00000203f41cd000 JavaThread "Signal Dispatcher" daemon [_thread_blocked, id=6468, stack(0x000000d39ec00000,0x000000d39ed00000)]
  0x00000203f41d0000 JavaThread "Attach Listener" daemon [_thread_blocked, id=10452, stack(0x000000d39ed00000,0x000000d39ee00000)]
  0x00000203f41d2800 JavaThread "C2 CompilerThread0" daemon [_thread_blocked, id=1440, stack(0x000000d39ee00000,0x000000d39ef00000)]
  0x00000203f41d7800 JavaThread "C1 CompilerThread0" daemon [_thread_blocked, id=6372, stack(0x000000d39ef00000,0x000000d39f000000)]
  0x00000203f422a800 JavaThread "Sweeper thread" daemon [_thread_blocked, id=10924, stack(0x000000d39f000000,0x000000d39f100000)]
  0x00000203f4399800 JavaThread "Service Thread" daemon [_thread_blocked, id=10600, stack(0x000000d39f100000,0x000000d39f200000)]
  0x00000203f43a3000 JavaThread "Common-Cleaner" daemon [_thread_blocked, id=14032, stack(0x000000d39f300000,0x000000d39f400000)]
  0x00000203f4ced800 JavaThread "Java2D Disposer" daemon [_thread_blocked, id=13928, stack(0x000000d39f500000,0x000000d39f600000)]
  0x00000203f4bc9000 JavaThread "AWT-Shutdown" [_thread_blocked, id=13624, stack(0x000000d39f600000,0x000000d39f700000)]
  0x00000203f4c24800 JavaThread "AWT-Windows" daemon [_thread_in_native, id=9672, stack(0x000000d39f700000,0x000000d39f800000)]
  0x00000203f4d24000 JavaThread "AWT-EventQueue-0" [_thread_blocked, id=7208, stack(0x000000d39f800000,0x000000d39f900000)]
  0x00000203c65de800 JavaThread "DestroyJavaVM" [_thread_blocked, id=13436, stack(0x000000d39e300000,0x000000d39e400000)]
  0x00000203f504a000 JavaThread "TimerQueue" daemon [_thread_blocked, id=13732, stack(0x000000d39f400000,0x000000d39f500000)]
  0x00000203f4f12800 JavaThread "Thread-1" [_thread_blocked, id=128, stack(0x000000d39fa00000,0x000000d39fb00000)]
  0x00000203f59e8000 JavaThread "Thread-2" [_thread_blocked, id=12408, stack(0x000000d3a0600000,0x000000d3a0700000)]
  0x00000203f4fb4800 JavaThread "JavaCPP Deallocator" daemon [_thread_blocked, id=14160, stack(0x000000d3a0400000,0x000000d3a0500000)]
  0x00000203f91cd800 JavaThread "Thread-3" [_thread_in_native, id=3872, stack(0x000000d3a1600000,0x000000d3a1700000)]
  0x00000203f539a800 JavaThread "Thread-4" [_thread_blocked, id=12612, stack(0x000000d3a1700000,0x000000d3a1800000)]
  0x00000203f539b800 JavaThread "Thread-5" [_thread_blocked, id=13600, stack(0x000000d3a1800000,0x000000d3a1900000)]
  0x00000203f539e000 JavaThread "Thread-6" [_thread_in_native, id=14200, stack(0x000000d3a1900000,0x000000d3a1a00000)]
  0x00000203f539a000 JavaThread "Thread-7" [_thread_in_native, id=5100, stack(0x000000d3a1a00000,0x000000d3a1b00000)]
  0x00000203f5398000 JavaThread "Thread-8" [_thread_in_native, id=3640, stack(0x000000d3a0300000,0x000000d3a0400000)]
  0x00000203f539c800 JavaThread "Thread-9" [_thread_blocked, id=13664, stack(0x000000d3a0700000,0x000000d3a0800000)]
  0x00000203f5399000 JavaThread "Thread-10" [_thread_blocked, id=6128, stack(0x000000d3a1c00000,0x000000d3a1d00000)]
  0x00000203f539e800 JavaThread "Thread-11" [_thread_in_native, id=4100, stack(0x000000d3a1d00000,0x000000d3a1e00000)]
  0x00000203f539d000 JavaThread "Thread-12" [_thread_in_native, id=14080, stack(0x000000d3a1e00000,0x000000d3a1f00000)]
  0x00000203f5795800 JavaThread "Thread-13" [_thread_blocked, id=3008, stack(0x000000d3a2000000,0x000000d3a2100000)]
  0x00000203f5796800 JavaThread "Thread-14" [_thread_in_native, id=5988, stack(0x000000d3a2100000,0x000000d3a2200000)]
  0x00000203f5797000 JavaThread "Thread-15" [_thread_blocked, id=12360, stack(0x000000d3a2200000,0x000000d3a2300000)]
  0x00000203f5792000 JavaThread "Thread-16" [_thread_in_native, id=3412, stack(0x000000d3a2300000,0x000000d3a2400000)]
  0x00000203f5794800 JavaThread "Thread-17" [_thread_in_native, id=4528, stack(0x000000d3a3e00000,0x000000d3a3f00000)]
=>0x00000203f5799000 JavaThread "Thread-18" [_thread_in_native, id=12624, stack(0x000000d3a3f00000,0x000000d3a4000000)]

Other Threads:
  0x00000203f418d000 VMThread "VM Thread" [stack: 0x000000d39e900000,0x000000d39ea00000] [id=13336]
  0x00000203f4390800 WatcherThread [stack: 0x000000d39f200000,0x000000d39f300000] [id=7952]
  0x00000203c65f4800 GCTaskThread "GC Thread#0" [stack: 0x000000d39e400000,0x000000d39e500000] [id=2476]
  0x00000203f51ea800 GCTaskThread "GC Thread#1" [stack: 0x000000d39fb00000,0x000000d39fc00000] [id=13808]
  0x00000203f51eb000 GCTaskThread "GC Thread#2" [stack: 0x000000d39fc00000,0x000000d39fd00000] [id=11200]
  0x00000203f51ce000 GCTaskThread "GC Thread#3" [stack: 0x000000d39fd00000,0x000000d39fe00000] [id=13412]
  0x00000203f51cf000 GCTaskThread "GC Thread#4" [stack: 0x000000d39fe00000,0x000000d39ff00000] [id=13932]
  0x00000203f51d0000 GCTaskThread "GC Thread#5" [stack: 0x000000d39ff00000,0x000000d3a0000000] [id=14248]
  0x00000203f51dc800 GCTaskThread "GC Thread#6" [stack: 0x000000d3a0000000,0x000000d3a0100000] [id=8992]
  0x00000203f51e0000 GCTaskThread "GC Thread#7" [stack: 0x000000d3a0100000,0x000000d3a0200000] [id=13392]
  0x00000203c6676800 ConcurrentGCThread "G1 Main Marker" [stack: 0x000000d39e500000,0x000000d39e600000] [id=3600]
  0x00000203c6679800 ConcurrentGCThread "G1 Conc#0" [stack: 0x000000d39e600000,0x000000d39e700000] [id=11972]
  0x00000203f55d1000 ConcurrentGCThread "G1 Conc#1" [stack: 0x000000d3a0500000,0x000000d3a0600000] [id=12596]
  0x00000203f37f5800 ConcurrentGCThread "G1 Refine#0" [stack: 0x000000d39e700000,0x000000d39e800000] [id=12388]
  0x00000203f37f8800 ConcurrentGCThread "G1 Young RemSet Sampling" [stack: 0x000000d39e800000,0x000000d39e900000] [id=12676]

Threads with active compile tasks:

VM state:not at safepoint (normal execution)

VM Mutex/Monitor currently owned by a thread: None

Heap address: 0x0000000601c00000, size: 8164 MB, Compressed Oops mode: Zero based, Oop shift amount: 3
Narrow klass base: 0x0000000800000000, Narrow klass shift: 0
Compressed class space size: 1073741824 Address: 0x0000000800000000

Heap:
 garbage-first heap   total 286720K, used 57766K [0x0000000601c00000, 0x0000000800000000)
  region size 2048K, 10 young (20480K), 1 survivors (2048K)
 Metaspace       used 30993K, capacity 31540K, committed 31872K, reserved 1077248K
  class space    used 2914K, capacity 3128K, committed 3200K, reserved 1048576K
Heap Regions: E=young(eden), S=young(survivor), O=old, HS=humongous(starts), HC=humongous(continues), CS=collection set, F=free, A=archive, TAMS=top-at-mark-start (previous, next)
|   0|0x0000000601c00000, 0x0000000601dfe200, 0x0000000601e00000| 99%| O|  |TAMS 0x0000000601dfe200, 0x0000000601c00000| Untracked 
|   1|0x0000000601e00000, 0x0000000602000000, 0x0000000602000000|100%| O|  |TAMS 0x0000000602000000, 0x0000000601e00000| Untracked 
|   2|0x0000000602000000, 0x00000006020d7248, 0x0000000602200000| 42%| O|  |TAMS 0x00000006020d7248, 0x0000000602000000| Untracked 
|   3|0x0000000602200000, 0x0000000602400000, 0x0000000602400000|100%|HS|  |TAMS 0x0000000602400000, 0x0000000602200000| Complete 
|   4|0x0000000602400000, 0x0000000602600000, 0x0000000602600000|100%|HS|  |TAMS 0x0000000602600000, 0x0000000602400000| Complete 
|   5|0x0000000602600000, 0x0000000602800000, 0x0000000602800000|100%|HS|  |TAMS 0x0000000602800000, 0x0000000602600000| Complete 
|   6|0x0000000602800000, 0x0000000602a00000, 0x0000000602a00000|100%|HS|  |TAMS 0x0000000602a00000, 0x0000000602800000| Complete 
|   7|0x0000000602a00000, 0x0000000602c00000, 0x0000000602c00000|100%|HS|  |TAMS 0x0000000602c00000, 0x0000000602a00000| Complete 
|   8|0x0000000602c00000, 0x0000000602e00000, 0x0000000602e00000|100%| O|  |TAMS 0x0000000602e00000, 0x0000000602c00000| Untracked 
|   9|0x0000000602e00000, 0x0000000603000000, 0x0000000603000000|100%|HS|  |TAMS 0x0000000603000000, 0x0000000602e00000| Complete 
|  10|0x0000000603000000, 0x0000000603200000, 0x0000000603200000|100%|HS|  |TAMS 0x0000000603200000, 0x0000000603000000| Complete 
|  11|0x0000000603200000, 0x0000000603400000, 0x0000000603400000|100%|HS|  |TAMS 0x0000000603400000, 0x0000000603200000| Complete 
|  12|0x0000000603400000, 0x0000000603600000, 0x0000000603600000|100%|HS|  |TAMS 0x0000000603600000, 0x0000000603400000| Complete 
|  13|0x0000000603600000, 0x0000000603800000, 0x0000000603800000|100%|HS|  |TAMS 0x0000000603800000, 0x0000000603600000| Complete 
|  14|0x0000000603800000, 0x0000000603a00000, 0x0000000603a00000|100%|HS|  |TAMS 0x0000000603a00000, 0x0000000603800000| Complete 
|  15|0x0000000603a00000, 0x0000000603c00000, 0x0000000603c00000|100%| O|  |TAMS 0x0000000603c00000, 0x0000000603a00000| Untracked 
|  16|0x0000000603c00000, 0x0000000603e00000, 0x0000000603e00000|100%|HS|  |TAMS 0x0000000603e00000, 0x0000000603c00000| Complete 
|  17|0x0000000603e00000, 0x0000000604000000, 0x0000000604000000|100%|HS|  |TAMS 0x0000000604000000, 0x0000000603e00000| Complete 
|  18|0x0000000604000000, 0x0000000604200000, 0x0000000604200000|100%|HC|  |TAMS 0x0000000604200000, 0x0000000604000000| Complete 
|  19|0x0000000604200000, 0x0000000604400000, 0x0000000604400000|100%|HS|  |TAMS 0x0000000604400000, 0x0000000604200000| Complete 
|  20|0x0000000604400000, 0x0000000604600000, 0x0000000604600000|100%|HS|  |TAMS 0x0000000604400000, 0x0000000604400000| Complete 
|  21|0x0000000604600000, 0x0000000604600000, 0x0000000604800000|  0%| F|  |TAMS 0x0000000604600000, 0x0000000604600000| Untracked 
|  22|0x0000000604800000, 0x0000000604800000, 0x0000000604a00000|  0%| F|  |TAMS 0x0000000604800000, 0x0000000604800000| Untracked 
|  23|0x0000000604a00000, 0x0000000604a00000, 0x0000000604c00000|  0%| F|  |TAMS 0x0000000604a00000, 0x0000000604a00000| Untracked 
|  24|0x0000000604c00000, 0x0000000604c00000, 0x0000000604e00000|  0%| F|  |TAMS 0x0000000604c00000, 0x0000000604c00000| Untracked 
|  25|0x0000000604e00000, 0x0000000604e00000, 0x0000000605000000|  0%| F|  |TAMS 0x0000000604e00000, 0x0000000604e00000| Untracked 
|  26|0x0000000605000000, 0x0000000605000000, 0x0000000605200000|  0%| F|  |TAMS 0x0000000605000000, 0x0000000605000000| Untracked 
|  27|0x0000000605200000, 0x0000000605200000, 0x0000000605400000|  0%| F|  |TAMS 0x0000000605200000, 0x0000000605200000| Untracked 
|  28|0x0000000605400000, 0x0000000605400000, 0x0000000605600000|  0%| F|  |TAMS 0x0000000605400000, 0x0000000605400000| Untracked 
|  29|0x0000000605600000, 0x0000000605600000, 0x0000000605800000|  0%| F|  |TAMS 0x0000000605600000, 0x0000000605600000| Untracked 
|  30|0x0000000605800000, 0x0000000605800000, 0x0000000605a00000|  0%| F|  |TAMS 0x0000000605800000, 0x0000000605800000| Untracked 
|  31|0x0000000605a00000, 0x0000000605a00000, 0x0000000605c00000|  0%| F|  |TAMS 0x0000000605a00000, 0x0000000605a00000| Untracked 
|  32|0x0000000605c00000, 0x0000000605c00000, 0x0000000605e00000|  0%| F|  |TAMS 0x0000000605c00000, 0x0000000605c00000| Untracked 
|  33|0x0000000605e00000, 0x0000000605e00000, 0x0000000606000000|  0%| F|  |TAMS 0x0000000605e00000, 0x0000000605e00000| Untracked 
|  34|0x0000000606000000, 0x0000000606000000, 0x0000000606200000|  0%| F|  |TAMS 0x0000000606000000, 0x0000000606000000| Untracked 
|  35|0x0000000606200000, 0x0000000606200000, 0x0000000606400000|  0%| F|  |TAMS 0x0000000606200000, 0x0000000606200000| Untracked 
|  36|0x0000000606400000, 0x0000000606400000, 0x0000000606600000|  0%| F|  |TAMS 0x0000000606400000, 0x0000000606400000| Untracked 
|  37|0x0000000606600000, 0x0000000606600000, 0x0000000606800000|  0%| F|  |TAMS 0x0000000606600000, 0x0000000606600000| Untracked 
|  38|0x0000000606800000, 0x0000000606800000, 0x0000000606a00000|  0%| F|  |TAMS 0x0000000606800000, 0x0000000606800000| Untracked 
|  39|0x0000000606a00000, 0x0000000606a00000, 0x0000000606c00000|  0%| F|  |TAMS 0x0000000606a00000, 0x0000000606a00000| Untracked 
|  40|0x0000000606c00000, 0x0000000606c00000, 0x0000000606e00000|  0%| F|  |TAMS 0x0000000606c00000, 0x0000000606c00000| Untracked 
|  41|0x0000000606e00000, 0x0000000606e00000, 0x0000000607000000|  0%| F|  |TAMS 0x0000000606e00000, 0x0000000606e00000| Untracked 
|  42|0x0000000607000000, 0x0000000607000000, 0x0000000607200000|  0%| F|  |TAMS 0x0000000607000000, 0x0000000607000000| Untracked 
|  43|0x0000000607200000, 0x0000000607200000, 0x0000000607400000|  0%| F|  |TAMS 0x0000000607200000, 0x0000000607200000| Untracked 
|  44|0x0000000607400000, 0x0000000607400000, 0x0000000607600000|  0%| F|  |TAMS 0x0000000607400000, 0x0000000607400000| Untracked 
|  45|0x0000000607600000, 0x0000000607600000, 0x0000000607800000|  0%| F|  |TAMS 0x0000000607600000, 0x0000000607600000| Untracked 
|  46|0x0000000607800000, 0x0000000607800000, 0x0000000607a00000|  0%| F|  |TAMS 0x0000000607800000, 0x0000000607800000| Untracked 
|  47|0x0000000607a00000, 0x0000000607a00000, 0x0000000607c00000|  0%| F|  |TAMS 0x0000000607a00000, 0x0000000607a00000| Untracked 
|  48|0x0000000607c00000, 0x0000000607c00000, 0x0000000607e00000|  0%| F|  |TAMS 0x0000000607c00000, 0x0000000607c00000| Untracked 
|  49|0x0000000607e00000, 0x0000000607e00000, 0x0000000608000000|  0%| F|  |TAMS 0x0000000607e00000, 0x0000000607e00000| Untracked 
|  50|0x0000000608000000, 0x0000000608000000, 0x0000000608200000|  0%| F|  |TAMS 0x0000000608000000, 0x0000000608000000| Untracked 
|  51|0x0000000608200000, 0x0000000608200000, 0x0000000608400000|  0%| F|  |TAMS 0x0000000608200000, 0x0000000608200000| Untracked 
|  52|0x0000000608400000, 0x0000000608400000, 0x0000000608600000|  0%| F|  |TAMS 0x0000000608400000, 0x0000000608400000| Untracked 
|  53|0x0000000608600000, 0x0000000608600000, 0x0000000608800000|  0%| F|  |TAMS 0x0000000608600000, 0x0000000608600000| Untracked 
|  54|0x0000000608800000, 0x0000000608800000, 0x0000000608a00000|  0%| F|  |TAMS 0x0000000608800000, 0x0000000608800000| Untracked 
|  55|0x0000000608a00000, 0x0000000608a00000, 0x0000000608c00000|  0%| F|  |TAMS 0x0000000608a00000, 0x0000000608a00000| Untracked 
|  56|0x0000000608c00000, 0x0000000608c00000, 0x0000000608e00000|  0%| F|  |TAMS 0x0000000608c00000, 0x0000000608c00000| Untracked 
|  57|0x0000000608e00000, 0x0000000608e00000, 0x0000000609000000|  0%| F|  |TAMS 0x0000000608e00000, 0x0000000608e00000| Untracked 
|  58|0x0000000609000000, 0x0000000609000000, 0x0000000609200000|  0%| F|  |TAMS 0x0000000609000000, 0x0000000609000000| Untracked 
|  59|0x0000000609200000, 0x0000000609200000, 0x0000000609400000|  0%| F|  |TAMS 0x0000000609200000, 0x0000000609200000| Untracked 
|  60|0x0000000609400000, 0x0000000609400000, 0x0000000609600000|  0%| F|  |TAMS 0x0000000609400000, 0x0000000609400000| Untracked 
|  61|0x0000000609600000, 0x0000000609600000, 0x0000000609800000|  0%| F|  |TAMS 0x0000000609600000, 0x0000000609600000| Untracked 
|  62|0x0000000609800000, 0x0000000609800000, 0x0000000609a00000|  0%| F|  |TAMS 0x0000000609800000, 0x0000000609800000| Untracked 
|  63|0x0000000609a00000, 0x0000000609a00000, 0x0000000609c00000|  0%| F|  |TAMS 0x0000000609a00000, 0x0000000609a00000| Untracked 
|  64|0x0000000609c00000, 0x0000000609c00000, 0x0000000609e00000|  0%| F|  |TAMS 0x0000000609c00000, 0x0000000609c00000| Untracked 
|  65|0x0000000609e00000, 0x0000000609e00000, 0x000000060a000000|  0%| F|  |TAMS 0x0000000609e00000, 0x0000000609e00000| Untracked 
|  66|0x000000060a000000, 0x000000060a000000, 0x000000060a200000|  0%| F|  |TAMS 0x000000060a000000, 0x000000060a000000| Untracked 
|  67|0x000000060a200000, 0x000000060a200000, 0x000000060a400000|  0%| F|  |TAMS 0x000000060a200000, 0x000000060a200000| Untracked 
|  68|0x000000060a400000, 0x000000060a400000, 0x000000060a600000|  0%| F|  |TAMS 0x000000060a400000, 0x000000060a400000| Untracked 
|  69|0x000000060a600000, 0x000000060a600000, 0x000000060a800000|  0%| F|  |TAMS 0x000000060a600000, 0x000000060a600000| Untracked 
|  70|0x000000060a800000, 0x000000060a800000, 0x000000060aa00000|  0%| F|  |TAMS 0x000000060a800000, 0x000000060a800000| Untracked 
|  71|0x000000060aa00000, 0x000000060aa00000, 0x000000060ac00000|  0%| F|  |TAMS 0x000000060aa00000, 0x000000060aa00000| Untracked 
|  72|0x000000060ac00000, 0x000000060ac00000, 0x000000060ae00000|  0%| F|  |TAMS 0x000000060ac00000, 0x000000060ac00000| Untracked 
|  73|0x000000060ae00000, 0x000000060ae00000, 0x000000060b000000|  0%| F|  |TAMS 0x000000060ae00000, 0x000000060ae00000| Untracked 
|  74|0x000000060b000000, 0x000000060b000000, 0x000000060b200000|  0%| F|  |TAMS 0x000000060b000000, 0x000000060b000000| Untracked 
|  75|0x000000060b200000, 0x000000060b200000, 0x000000060b400000|  0%| F|  |TAMS 0x000000060b200000, 0x000000060b200000| Untracked 
|  76|0x000000060b400000, 0x000000060b400000, 0x000000060b600000|  0%| F|  |TAMS 0x000000060b400000, 0x000000060b400000| Untracked 
|  77|0x000000060b600000, 0x000000060b600000, 0x000000060b800000|  0%| F|  |TAMS 0x000000060b600000, 0x000000060b600000| Untracked 
|  78|0x000000060b800000, 0x000000060b800000, 0x000000060ba00000|  0%| F|  |TAMS 0x000000060b800000, 0x000000060b800000| Untracked 
|  79|0x000000060ba00000, 0x000000060ba00000, 0x000000060bc00000|  0%| F|  |TAMS 0x000000060ba00000, 0x000000060ba00000| Untracked 
|  80|0x000000060bc00000, 0x000000060bc00000, 0x000000060be00000|  0%| F|  |TAMS 0x000000060bc00000, 0x000000060bc00000| Untracked 
|  81|0x000000060be00000, 0x000000060be00000, 0x000000060c000000|  0%| F|  |TAMS 0x000000060be00000, 0x000000060be00000| Untracked 
|  82|0x000000060c000000, 0x000000060c000000, 0x000000060c200000|  0%| F|  |TAMS 0x000000060c000000, 0x000000060c000000| Untracked 
|  83|0x000000060c200000, 0x000000060c200000, 0x000000060c400000|  0%| F|  |TAMS 0x000000060c200000, 0x000000060c200000| Untracked 
|  84|0x000000060c400000, 0x000000060c400000, 0x000000060c600000|  0%| F|  |TAMS 0x000000060c400000, 0x000000060c400000| Untracked 
|  85|0x000000060c600000, 0x000000060c600000, 0x000000060c800000|  0%| F|  |TAMS 0x000000060c600000, 0x000000060c600000| Untracked 
|  86|0x000000060c800000, 0x000000060c800000, 0x000000060ca00000|  0%| F|  |TAMS 0x000000060c800000, 0x000000060c800000| Untracked 
|  87|0x000000060ca00000, 0x000000060ca00000, 0x000000060cc00000|  0%| F|  |TAMS 0x000000060ca00000, 0x000000060ca00000| Untracked 
|  88|0x000000060cc00000, 0x000000060cc00000, 0x000000060ce00000|  0%| F|  |TAMS 0x000000060cc00000, 0x000000060cc00000| Untracked 
|  89|0x000000060ce00000, 0x000000060ce00000, 0x000000060d000000|  0%| F|  |TAMS 0x000000060ce00000, 0x000000060ce00000| Untracked 
|  90|0x000000060d000000, 0x000000060d000000, 0x000000060d200000|  0%| F|  |TAMS 0x000000060d000000, 0x000000060d000000| Untracked 
|  91|0x000000060d200000, 0x000000060d200000, 0x000000060d400000|  0%| F|  |TAMS 0x000000060d200000, 0x000000060d200000| Untracked 
|  92|0x000000060d400000, 0x000000060d400000, 0x000000060d600000|  0%| F|  |TAMS 0x000000060d400000, 0x000000060d400000| Untracked 
|  93|0x000000060d600000, 0x000000060d600000, 0x000000060d800000|  0%| F|  |TAMS 0x000000060d600000, 0x000000060d600000| Untracked 
|  94|0x000000060d800000, 0x000000060d800000, 0x000000060da00000|  0%| F|  |TAMS 0x000000060d800000, 0x000000060d800000| Untracked 
|  95|0x000000060da00000, 0x000000060da00000, 0x000000060dc00000|  0%| F|  |TAMS 0x000000060da00000, 0x000000060da00000| Untracked 
|  96|0x000000060dc00000, 0x000000060dc00000, 0x000000060de00000|  0%| F|  |TAMS 0x000000060dc00000, 0x000000060dc00000| Untracked 
|  97|0x000000060de00000, 0x000000060de00000, 0x000000060e000000|  0%| F|  |TAMS 0x000000060de00000, 0x000000060de00000| Untracked 
|  98|0x000000060e000000, 0x000000060e000000, 0x000000060e200000|  0%| F|  |TAMS 0x000000060e000000, 0x000000060e000000| Untracked 
|  99|0x000000060e200000, 0x000000060e200000, 0x000000060e400000|  0%| F|  |TAMS 0x000000060e200000, 0x000000060e200000| Untracked 
| 100|0x000000060e400000, 0x000000060e400000, 0x000000060e600000|  0%| F|  |TAMS 0x000000060e400000, 0x000000060e400000| Untracked 
| 101|0x000000060e600000, 0x000000060e600000, 0x000000060e800000|  0%| F|  |TAMS 0x000000060e600000, 0x000000060e600000| Untracked 
| 102|0x000000060e800000, 0x000000060e800000, 0x000000060ea00000|  0%| F|  |TAMS 0x000000060e800000, 0x000000060e800000| Untracked 
| 103|0x000000060ea00000, 0x000000060ea00000, 0x000000060ec00000|  0%| F|  |TAMS 0x000000060ea00000, 0x000000060ea00000| Untracked 
| 104|0x000000060ec00000, 0x000000060ec00000, 0x000000060ee00000|  0%| F|  |TAMS 0x000000060ec00000, 0x000000060ec00000| Untracked 
| 105|0x000000060ee00000, 0x000000060ee00000, 0x000000060f000000|  0%| F|  |TAMS 0x000000060ee00000, 0x000000060ee00000| Untracked 
| 106|0x000000060f000000, 0x000000060f000000, 0x000000060f200000|  0%| F|  |TAMS 0x000000060f000000, 0x000000060f000000| Untracked 
| 107|0x000000060f200000, 0x000000060f200000, 0x000000060f400000|  0%| F|  |TAMS 0x000000060f200000, 0x000000060f200000| Untracked 
| 108|0x000000060f400000, 0x000000060f400000, 0x000000060f600000|  0%| F|  |TAMS 0x000000060f400000, 0x000000060f400000| Untracked 
| 109|0x000000060f600000, 0x000000060f600000, 0x000000060f800000|  0%| F|  |TAMS 0x000000060f600000, 0x000000060f600000| Untracked 
| 110|0x000000060f800000, 0x000000060f800000, 0x000000060fa00000|  0%| F|  |TAMS 0x000000060f800000, 0x000000060f800000| Untracked 
| 111|0x000000060fa00000, 0x000000060fa00000, 0x000000060fc00000|  0%| F|  |TAMS 0x000000060fa00000, 0x000000060fa00000| Untracked 
| 112|0x000000060fc00000, 0x000000060fc00000, 0x000000060fe00000|  0%| F|  |TAMS 0x000000060fc00000, 0x000000060fc00000| Untracked 
| 113|0x000000060fe00000, 0x000000060fe00000, 0x0000000610000000|  0%| F|  |TAMS 0x000000060fe00000, 0x000000060fe00000| Untracked 
| 114|0x0000000610000000, 0x0000000610000000, 0x0000000610200000|  0%| F|  |TAMS 0x0000000610000000, 0x0000000610000000| Untracked 
| 115|0x0000000610200000, 0x0000000610200000, 0x0000000610400000|  0%| F|  |TAMS 0x0000000610200000, 0x0000000610200000| Untracked 
| 116|0x0000000610400000, 0x0000000610400000, 0x0000000610600000|  0%| F|  |TAMS 0x0000000610400000, 0x0000000610400000| Untracked 
| 117|0x0000000610600000, 0x0000000610600000, 0x0000000610800000|  0%| F|  |TAMS 0x0000000610600000, 0x0000000610600000| Untracked 
| 118|0x0000000610800000, 0x0000000610800000, 0x0000000610a00000|  0%| F|  |TAMS 0x0000000610800000, 0x0000000610800000| Untracked 
| 119|0x0000000610a00000, 0x0000000610a00000, 0x0000000610c00000|  0%| F|  |TAMS 0x0000000610a00000, 0x0000000610a00000| Untracked 
| 120|0x0000000610c00000, 0x0000000610c00000, 0x0000000610e00000|  0%| F|  |TAMS 0x0000000610c00000, 0x0000000610c00000| Untracked 
| 121|0x0000000610e00000, 0x0000000610e00000, 0x0000000611000000|  0%| F|  |TAMS 0x0000000610e00000, 0x0000000610e00000| Untracked 
| 122|0x0000000611000000, 0x0000000611000000, 0x0000000611200000|  0%| F|  |TAMS 0x0000000611000000, 0x0000000611000000| Untracked 
| 123|0x0000000611200000, 0x0000000611200000, 0x0000000611400000|  0%| F|  |TAMS 0x0000000611200000, 0x0000000611200000| Untracked 
| 124|0x0000000611400000, 0x0000000611400000, 0x0000000611600000|  0%| F|  |TAMS 0x0000000611400000, 0x0000000611400000| Untracked 
| 125|0x0000000611600000, 0x0000000611600000, 0x0000000611800000|  0%| F|  |TAMS 0x0000000611600000, 0x0000000611600000| Untracked 
| 126|0x0000000611800000, 0x0000000611800000, 0x0000000611a00000|  0%| F|  |TAMS 0x0000000611800000, 0x0000000611800000| Untracked 
| 127|0x0000000611a00000, 0x0000000611a00000, 0x0000000611c00000|  0%| F|  |TAMS 0x0000000611a00000, 0x0000000611a00000| Untracked 
| 128|0x0000000611c00000, 0x0000000611c00000, 0x0000000611e00000|  0%| F|  |TAMS 0x0000000611c00000, 0x0000000611c00000| Untracked 
| 129|0x0000000611e00000, 0x0000000611e00000, 0x0000000612000000|  0%| F|  |TAMS 0x0000000611e00000, 0x0000000611e00000| Untracked 
| 130|0x0000000612000000, 0x000000061210cbb0, 0x0000000612200000| 52%| E|  |TAMS 0x0000000612000000, 0x0000000612000000| Complete 
| 131|0x0000000612200000, 0x00000006123945c0, 0x0000000612400000| 78%| S|CS|TAMS 0x0000000612200000, 0x0000000612200000| Complete 
| 132|0x0000000612400000, 0x0000000612600000, 0x0000000612600000|100%| E|  |TAMS 0x0000000612400000, 0x0000000612400000| Complete 
| 133|0x0000000612600000, 0x0000000612800000, 0x0000000612800000|100%| E|CS|TAMS 0x0000000612600000, 0x0000000612600000| Complete 
| 134|0x0000000612800000, 0x0000000612a00000, 0x0000000612a00000|100%| E|CS|TAMS 0x0000000612800000, 0x0000000612800000| Complete 
| 135|0x0000000612a00000, 0x0000000612c00000, 0x0000000612c00000|100%| E|CS|TAMS 0x0000000612a00000, 0x0000000612a00000| Complete 
| 136|0x0000000612c00000, 0x0000000612e00000, 0x0000000612e00000|100%| E|CS|TAMS 0x0000000612c00000, 0x0000000612c00000| Complete 
| 137|0x0000000612e00000, 0x0000000613000000, 0x0000000613000000|100%| E|CS|TAMS 0x0000000612e00000, 0x0000000612e00000| Complete 
| 138|0x0000000613000000, 0x0000000613200000, 0x0000000613200000|100%| E|CS|TAMS 0x0000000613000000, 0x0000000613000000| Complete 
| 139|0x0000000613200000, 0x0000000613400000, 0x0000000613400000|100%| E|CS|TAMS 0x0000000613200000, 0x0000000613200000| Complete 

Card table byte_map: [0x00000203dedb0000,0x00000203dfdb0000] _byte_map_base: 0x00000203dbda2000

Marking Bits (Prev, Next): (CMBitMap*) 0x00000203c6665860, (CMBitMap*) 0x00000203c6665828
 Prev Bits: [0x00000203e8d40000, 0x00000203f0cd0000)
 Next Bits: [0x00000203e0db0000, 0x00000203e8d40000)

Polling page: 0x00000203c4520000

Metaspace:

Usage:
  Non-class:     27.75 MB capacity,    27.42 MB ( 99%) used,   269.35 KB ( <1%) free+waste,    64.06 KB ( <1%) overhead. 
      Class:      3.05 MB capacity,     2.85 MB ( 93%) used,   183.70 KB (  6%) free+waste,    29.50 KB ( <1%) overhead. 
       Both:     30.80 MB capacity,    30.27 MB ( 98%) used,   453.05 KB (  1%) free+waste,    93.56 KB ( <1%) overhead. 

Virtual space:
  Non-class space:       28.00 MB reserved,      28.00 MB (100%) committed 
      Class space:        1.00 GB reserved,       3.13 MB ( <1%) committed 
             Both:        1.03 GB reserved,      31.13 MB (  3%) committed 

Chunk freelists:
   Non-Class:  8.50 KB
       Class:  1.00 KB
        Both:  9.50 KB

CodeHeap 'non-profiled nmethods': size=120000Kb used=2064Kb max_used=2064Kb free=117936Kb
 bounds [0x00000203d6540000, 0x00000203d67b0000, 0x00000203dda70000]
CodeHeap 'profiled nmethods': size=120000Kb used=7314Kb max_used=7314Kb free=112685Kb
 bounds [0x00000203cf010000, 0x00000203cf740000, 0x00000203d6540000]
CodeHeap 'non-nmethods': size=5760Kb used=1760Kb max_used=1781Kb free=3999Kb
 bounds [0x00000203cea70000, 0x00000203cece0000, 0x00000203cf010000]
 total_blobs=4505 nmethods=3197 adapters=1218
 compilation: enabled
              stopped_count=0, restarted_count=0
 full_count=0

Compilation events (10 events):
Event: 62.322 Thread 0x00000203f41d7800 3196       1       javax.swing.ImageIcon::getImage (5 bytes)
Event: 62.322 Thread 0x00000203f41d7800 nmethod 3196 0x00000203d6743d10 code [0x00000203d6743ea0, 0x00000203d6743f58]
Event: 62.322 Thread 0x00000203f41d7800 3197       3       sun.java2d.SunGraphics2D::setDevClip (45 bytes)
Event: 62.323 Thread 0x00000203f41d7800 nmethod 3197 0x00000203cf730c10 code [0x00000203cf730e40, 0x00000203cf7316d8]
Event: 62.323 Thread 0x00000203f41d7800 3198       3       sun.java2d.pipe.Region::getInstanceXYWH (16 bytes)
Event: 62.323 Thread 0x00000203f41d7800 nmethod 3198 0x00000203cf731a10 code [0x00000203cf731be0, 0x00000203cf732018]
Event: 62.358 Thread 0x00000203f41d7800 3199       3       sun.java2d.pipe.Region::clipRound (34 bytes)
Event: 62.359 Thread 0x00000203f41d7800 nmethod 3199 0x00000203cf732190 code [0x00000203cf7323c0, 0x00000203cf7326c8]
Event: 62.378 Thread 0x00000203f41d7800 3200  s    3       java.io.ExpiringCache::get (39 bytes)
Event: 62.378 Thread 0x00000203f41d7800 nmethod 3200 0x00000203cf732810 code [0x00000203cf7329e0, 0x00000203cf732df8]

GC Heap History (10 events):
Event: 50.758 GC heap before
{Heap before GC invocations=31 (full 1):
 garbage-first heap   total 286720K, used 192491K [0x0000000601c00000, 0x0000000800000000)
  region size 2048K, 75 young (153600K), 1 survivors (2048K)
 Metaspace       used 25813K, capacity 26357K, committed 26752K, reserved 1073152K
  class space    used 2353K, capacity 2575K, committed 2688K, reserved 1048576K
}
Event: 50.759 GC heap after
{Heap after GC invocations=32 (full 1):
 garbage-first heap   total 286720K, used 33866K [0x0000000601c00000, 0x0000000800000000)
  region size 2048K, 1 young (2048K), 1 survivors (2048K)
 Metaspace       used 25813K, capacity 26357K, committed 26752K, reserved 1073152K
  class space    used 2353K, capacity 2575K, committed 2688K, reserved 1048576K
}
Event: 56.439 GC heap before
{Heap before GC invocations=32 (full 1):
 garbage-first heap   total 286720K, used 154698K [0x0000000601c00000, 0x0000000800000000)
  region size 2048K, 61 young (124928K), 1 survivors (2048K)
 Metaspace       used 29843K, capacity 30420K, committed 30592K, reserved 1077248K
  class space    used 2864K, capacity 3096K, committed 3200K, reserved 1048576K
}
Event: 56.440 GC heap after
{Heap after GC invocations=33 (full 1):
 garbage-first heap   total 286720K, used 34541K [0x0000000601c00000, 0x0000000800000000)
  region size 2048K, 1 young (2048K), 1 survivors (2048K)
 Metaspace       used 29843K, capacity 30420K, committed 30592K, reserved 1077248K
  class space    used 2864K, capacity 3096K, committed 3200K, reserved 1048576K
}
Event: 57.077 GC heap before
{Heap before GC invocations=34 (full 1):
 garbage-first heap   total 286720K, used 46829K [0x0000000601c00000, 0x0000000800000000)
  region size 2048K, 7 young (14336K), 1 survivors (2048K)
 Metaspace       used 30410K, capacity 30964K, committed 31104K, reserved 1077248K
  class space    used 2899K, capacity 3128K, committed 3200K, reserved 1048576K
}
Event: 57.079 GC heap after
{Heap after GC invocations=35 (full 1):
 garbage-first heap   total 286720K, used 36637K [0x0000000601c00000, 0x0000000800000000)
  region size 2048K, 1 young (2048K), 1 survivors (2048K)
 Metaspace       used 30410K, capacity 30964K, committed 31104K, reserved 1077248K
  class space    used 2899K, capacity 3128K, committed 3200K, reserved 1048576K
}
Event: 60.967 GC heap before
{Heap before GC invocations=36 (full 1):
 garbage-first heap   total 286720K, used 42781K [0x0000000601c00000, 0x0000000800000000)
  region size 2048K, 4 young (8192K), 1 survivors (2048K)
 Metaspace       used 30468K, capacity 31028K, committed 31360K, reserved 1077248K
  class space    used 2899K, capacity 3128K, committed 3200K, reserved 1048576K
}
Event: 60.969 GC heap after
{Heap after GC invocations=37 (full 1):
 garbage-first heap   total 286720K, used 38756K [0x0000000601c00000, 0x0000000800000000)
  region size 2048K, 1 young (2048K), 1 survivors (2048K)
 Metaspace       used 30468K, capacity 31028K, committed 31360K, reserved 1077248K
  class space    used 2899K, capacity 3128K, committed 3200K, reserved 1048576K
}
Event: 61.576 GC heap before
{Heap before GC invocations=38 (full 1):
 garbage-first heap   total 286720K, used 51044K [0x0000000601c00000, 0x0000000800000000)
  region size 2048K, 8 young (16384K), 1 survivors (2048K)
 Metaspace       used 30790K, capacity 31348K, committed 31616K, reserved 1077248K
  class space    used 2906K, capacity 3128K, committed 3200K, reserved 1048576K
}
Event: 61.578 GC heap after
{Heap after GC invocations=39 (full 1):
 garbage-first heap   total 286720K, used 41382K [0x0000000601c00000, 0x0000000800000000)
  region size 2048K, 1 young (2048K), 1 survivors (2048K)
 Metaspace       used 30790K, capacity 31348K, committed 31616K, reserved 1077248K
  class space    used 2906K, capacity 3128K, committed 3200K, reserved 1048576K
}

Deoptimization events (10 events):
Event: 50.756 Thread 0x00000203f4f12800 Uncommon trap: reason=unstable_if action=reinterpret pc=0x00000203d6672bc8 method=jdk.internal.loader.URLClassPath$1.next()Z @ 52 c2
Event: 50.756 Thread 0x00000203f4f12800 Uncommon trap: reason=unstable_if action=reinterpret pc=0x00000203d667acd8 method=java.lang.CompoundEnumeration.next()Z @ 38 c2
Event: 50.880 Thread 0x00000203f91cd800 Uncommon trap: reason=unstable_if action=reinterpret pc=0x00000203d66188b8 method=java.lang.Integer.stringSize(I)I @ 3 c2
Event: 50.880 Thread 0x00000203f91cd800 Uncommon trap: reason=unstable_if action=reinterpret pc=0x00000203d6619628 method=java.lang.Integer.getChars(II[B)I @ 4 c2
Event: 53.394 Thread 0x00000203f5794800 Uncommon trap: reason=class_check action=maybe_recompile pc=0x00000203d65e033c method=sun.awt.image.ImageWatched$WeakLink.newInfo(Ljava/awt/Image;IIIII)Z @ 25 c2
Event: 53.394 Thread 0x00000203f5794800 Uncommon trap: reason=class_check action=maybe_recompile pc=0x00000203d65e0a30 method=sun.awt.image.ImageWatched$WeakLink.lambda$update$0(Ljava/awt/image/ImageObserver;Ljava/awt/Image;IIIII)Ljava/lang/Boolean; @ 10 c2
Event: 53.412 Thread 0x00000203f4f12800 Uncommon trap: reason=unstable_if action=reinterpret pc=0x00000203d669a88c method=java.lang.StringLatin1.regionMatchesCI([BI[BII)Z @ 66 c2
Event: 56.317 Thread 0x00000203f539a000 Uncommon trap: reason=range_check action=make_not_entrant pc=0x00000203d66db980 method=org.bytedeco.javacpp.Loader.loadLibrary(Ljava/lang/Class;[Ljava/net/URL;Ljava/lang/String;[Ljava/lang/String;)Ljava/lang/String; @ 86 c2
Event: 56.467 Thread 0x00000203f539a000 Uncommon trap: reason=unstable_if action=reinterpret pc=0x00000203d66fe110 method=org.bytedeco.javacv.Java2DFrameConverter.flipCopyWithGamma(Ljava/nio/ByteBuffer;IILjava/nio/ByteBuffer;IIZDZI)V @ 46 c2
Event: 61.062 Thread 0x00000203f5796800 Uncommon trap: reason=unstable_if action=reinterpret pc=0x00000203d672f1e0 method=ThreadEcritureFMPVideo.run()V @ 189 c2

Classes redefined (0 events):
No events

Internal exceptions (10 events):
Event: 5.695 Thread 0x00000203f4f12800 Exception <a 'java/lang/NoSuchMethodError'{0x000000060ebd2680}: java.lang.invoke.DirectMethodHandle$Holder.invokeStatic(Ljava/lang/Object;J)V> (0x000000060ebd2680) thrown at [./open/src/hotspot/share/interpreter/linkResolver.cpp, line 772]
Event: 5.695 Thread 0x00000203f4f12800 Exception <a 'java/lang/NoSuchMethodError'{0x000000060ebd7ce0}: java.lang.invoke.DirectMethodHandle$Holder.invokeStatic(Ljava/lang/Object;J)Ljava/lang/Object;> (0x000000060ebd7ce0) thrown at [./open/src/hotspot/share/interpreter/linkResolver.cpp, line 772
Event: 5.697 Thread 0x00000203f4f12800 Exception <a 'java/lang/NoSuchMethodError'{0x000000060ebe6c48}: java.lang.invoke.DirectMethodHandle$Holder.invokeStaticInit(Ljava/lang/Object;Ljava/lang/Object;JLjava/lang/Object;)Ljava/lang/Object;> (0x000000060ebe6c48) thrown at [./open/src/hotspot/shar
Event: 5.697 Thread 0x00000203f4f12800 Exception <a 'java/lang/NoSuchMethodError'{0x000000060ebecf58}: java.lang.invoke.DirectMethodHandle$Holder.invokeStatic(Ljava/lang/Object;Ljava/lang/Object;J)Ljava/lang/Object;> (0x000000060ebecf58) thrown at [./open/src/hotspot/share/interpreter/linkReso
Event: 5.698 Thread 0x00000203f4f12800 Exception <a 'java/lang/NoSuchMethodError'{0x000000060ebf3688}: java.lang.invoke.Invokers$Holder.linkToTargetMethod(Ljava/lang/Object;JLjava/lang/Object;)Ljava/lang/Object;> (0x000000060ebf3688) thrown at [./open/src/hotspot/share/interpreter/linkResolver
Event: 50.023 Thread 0x00000203f4f12800 Exception <a 'java/lang/NoSuchMethodError'{0x000000060eaf2b50}: java.lang.invoke.DirectMethodHandle$Holder.invokeStaticInit(Ljava/lang/Object;Ljava/lang/Object;Ljava/lang/Object;Ljava/lang/Object;)I> (0x000000060eaf2b50) thrown at [./open/src/hotspot/shar
Event: 50.024 Thread 0x00000203f4f12800 Exception <a 'java/lang/IncompatibleClassChangeError'{0x000000060eafccb0}: Found class java.lang.Object, but interface was expected> (0x000000060eafccb0) thrown at [./open/src/hotspot/share/interpreter/linkResolver.cpp, line 838]
Event: 50.025 Thread 0x00000203f4f12800 Exception <a 'java/lang/NoSuchMethodError'{0x000000060eaffe18}: java.lang.invoke.DirectMethodHandle$Holder.invokeStaticInit(Ljava/lang/Object;Ljava/lang/Object;)V> (0x000000060eaffe18) thrown at [./open/src/hotspot/share/interpreter/linkResolver.cpp, line
Event: 50.026 Thread 0x00000203f4f12800 Exception <a 'java/lang/NoSuchMethodError'{0x000000060eb05908}: java.lang.invoke.DirectMethodHandle$Holder.invokeStaticInit(Ljava/lang/Object;Ljava/lang/Object;)I> (0x000000060eb05908) thrown at [./open/src/hotspot/share/interpreter/linkResolver.cpp, line
Event: 53.394 Thread 0x00000203f5794800 Exception <a 'java/io/FileNotFoundException'{0x000000060ca000f8}> (0x000000060ca000f8) thrown at [./open/src/hotspot/share/prims/jni.cpp, line 611]

Events (10 events):
Event: 62.377 loading class java/net/MulticastSocket
Event: 62.377 loading class java/net/MulticastSocket done
Event: 62.377 loading class java/net/DefaultDatagramSocketImplFactory
Event: 62.377 loading class java/net/DefaultDatagramSocketImplFactory done
Event: 62.377 loading class java/net/DualStackPlainDatagramSocketImpl
Event: 62.377 loading class java/net/AbstractPlainDatagramSocketImpl
Event: 62.378 loading class java/net/AbstractPlainDatagramSocketImpl done
Event: 62.378 loading class java/net/DualStackPlainDatagramSocketImpl done
Event: 62.378 loading class java/net/AbstractPlainDatagramSocketImpl$1
Event: 62.378 loading class java/net/AbstractPlainDatagramSocketImpl$1 done


Dynamic libraries:
0x00007ff68ba30000 - 0x00007ff68ba3f000 	C:\Program Files\Java\jdk-11.0.11\bin\javaw.exe
0x00007ffad3320000 - 0x00007ffad3510000 	C:\Windows\SYSTEM32\ntdll.dll
0x00007ffad2fb0000 - 0x00007ffad3062000 	C:\Windows\System32\KERNEL32.DLL
0x00007ffad07d0000 - 0x00007ffad0a75000 	C:\Windows\System32\KERNELBASE.dll
0x00007fface010000 - 0x00007fface09f000 	C:\Windows\SYSTEM32\apphelp.dll
0x00007ffad0300000 - 0x00007ffad03fa000 	C:\Windows\System32\ucrtbase.dll
0x00007ffa9cae0000 - 0x00007ffa9caf8000 	C:\Program Files\Java\jdk-11.0.11\bin\jli.dll
0x00007ffa9cb00000 - 0x00007ffa9cb15000 	C:\Program Files\Java\jdk-11.0.11\bin\VCRUNTIME140.dll
0x00007ffad3230000 - 0x00007ffad32d3000 	C:\Windows\System32\ADVAPI32.dll
0x00007ffad2c90000 - 0x00007ffad2d2e000 	C:\Windows\System32\msvcrt.dll
0x00007ffad2350000 - 0x00007ffad23e7000 	C:\Windows\System32\sechost.dll
0x00007ffad2e70000 - 0x00007ffad2f8f000 	C:\Windows\System32\RPCRT4.dll
0x00007ffad1980000 - 0x00007ffad1b14000 	C:\Windows\System32\USER32.dll
0x00007ffad0640000 - 0x00007ffad0661000 	C:\Windows\System32\win32u.dll
0x00007ffad2b30000 - 0x00007ffad2b56000 	C:\Windows\System32\GDI32.dll
0x00007ffad0400000 - 0x00007ffad0598000 	C:\Windows\System32\gdi32full.dll
0x00007ffabdd00000 - 0x00007ffabdf84000 	C:\Windows\WinSxS\amd64_microsoft.windows.common-controls_6595b64144ccf1df_6.0.18362.1556_none_9e7e372fe45e41d5\COMCTL32.dll
0x00007ffad05a0000 - 0x00007ffad063e000 	C:\Windows\System32\msvcp_win.dll
0x00007ffad2650000 - 0x00007ffad2986000 	C:\Windows\System32\combase.dll
0x00007ffad1340000 - 0x00007ffad13c1000 	C:\Windows\System32\bcryptPrimitives.dll
0x00007ffacb090000 - 0x00007ffacb09a000 	C:\Windows\SYSTEM32\VERSION.dll
0x00007ffad2990000 - 0x00007ffad29be000 	C:\Windows\System32\IMM32.DLL
0x00007ffa99f50000 - 0x00007ffa99feb000 	C:\Program Files\Java\jdk-11.0.11\bin\msvcp140.dll
0x00007ffa990a0000 - 0x00007ffa99b9e000 	C:\Program Files\Java\jdk-11.0.11\bin\server\jvm.dll
0x00007ffad3220000 - 0x00007ffad3228000 	C:\Windows\System32\PSAPI.DLL
0x00007ffacc690000 - 0x00007ffacc6b4000 	C:\Windows\SYSTEM32\WINMM.dll
0x00007ffab0f60000 - 0x00007ffab0f69000 	C:\Windows\SYSTEM32\WSOCK32.dll
0x00007ffad2b70000 - 0x00007ffad2bdf000 	C:\Windows\System32\WS2_32.dll
0x00007ffacc660000 - 0x00007ffacc68d000 	C:\Windows\SYSTEM32\winmmbase.dll
0x00007ffad0290000 - 0x00007ffad02da000 	C:\Windows\System32\cfgmgr32.dll
0x00007ffad0200000 - 0x00007ffad0211000 	C:\Windows\System32\kernel.appcore.dll
0x00007ffa9cad0000 - 0x00007ffa9cae0000 	C:\Program Files\Java\jdk-11.0.11\bin\verify.dll
0x00007ffabc5a0000 - 0x00007ffabc794000 	C:\Windows\SYSTEM32\DBGHELP.DLL
0x00007ffab9d60000 - 0x00007ffab9d8a000 	C:\Windows\SYSTEM32\dbgcore.DLL
0x00007ffa9a850000 - 0x00007ffa9a878000 	C:\Program Files\Java\jdk-11.0.11\bin\java.dll
0x00007ffa9cac0000 - 0x00007ffa9caca000 	C:\Program Files\Java\jdk-11.0.11\bin\jimage.dll
0x00007ffa9a830000 - 0x00007ffa9a846000 	C:\Program Files\Java\jdk-11.0.11\bin\zip.dll
0x00007ffad1c60000 - 0x00007ffad2347000 	C:\Windows\System32\SHELL32.dll
0x00007ffad25a0000 - 0x00007ffad2648000 	C:\Windows\System32\shcore.dll
0x00007ffad0bc0000 - 0x00007ffad133b000 	C:\Windows\System32\windows.storage.dll
0x00007ffad0220000 - 0x00007ffad023e000 	C:\Windows\System32\profapi.dll
0x00007ffad0240000 - 0x00007ffad028a000 	C:\Windows\System32\powrprof.dll
0x00007ffad01d0000 - 0x00007ffad01e0000 	C:\Windows\System32\UMPDC.dll
0x00007ffad2d30000 - 0x00007ffad2d82000 	C:\Windows\System32\shlwapi.dll
0x00007ffad02e0000 - 0x00007ffad02f7000 	C:\Windows\System32\cryptsp.dll
0x00007ffaccb10000 - 0x00007ffaccb20000 	D:\RIAS Julien\Projet_2025_Drone\Projet_Drone_Rias_Julien\Rias Julien (Etudiant 3)\Workspace\Appli_Projet_FMP_Actif_V5\JNIFileMappingPictureServeur.dll
0x00007ffabbbd0000 - 0x00007ffabbbdc000 	C:\Windows\SYSTEM32\VCRUNTIME140_1.dll
0x00007ffac8ba0000 - 0x00007ffac8ba9000 	D:\RIAS Julien\Projet_2025_Drone\Projet_Drone_Rias_Julien\Rias Julien (Etudiant 3)\Workspace\Appli_Projet_FMP_Actif_V5\JNIVirtualRobotHaptiqueDrone.dll
0x00007ffab9980000 - 0x00007ffab998b000 	D:\RIAS Julien\Projet_2025_Drone\Projet_Drone_Rias_Julien\Rias Julien (Etudiant 3)\Workspace\Appli_Projet_FMP_Actif_V5\JNIFileMappingRobotHaptiqueDroneClient.dll
0x00007ffaadf60000 - 0x00007ffaadf7b000 	D:\RIAS Julien\Projet_2025_Drone\Projet_Drone_Rias_Julien\Rias Julien (Etudiant 3)\Workspace\Appli_Projet_FMP_Actif_V5\JNIFileMappingManettesClient.dll
0x00007ffaad630000 - 0x00007ffaad65e000 	C:\Windows\SYSTEM32\VCRUNTIME140D.dll
0x00007ffa9cd40000 - 0x00007ffa9ce22000 	C:\Windows\SYSTEM32\MSVCP140D.dll
0x00007ffab4890000 - 0x00007ffab489f000 	C:\Windows\SYSTEM32\VCRUNTIME140_1D.dll
0x00007ffa7ad10000 - 0x00007ffa7af31000 	C:\Windows\SYSTEM32\ucrtbased.dll
0x00007ffaae000000 - 0x00007ffaae00f000 	D:\RIAS Julien\Projet_2025_Drone\Projet_Drone_Rias_Julien\Rias Julien (Etudiant 3)\Workspace\Appli_Projet_FMP_Actif_V5\JNIFileMappingTelloEduTelemetryClient.dll
0x00007ffaadf10000 - 0x00007ffaadf1f000 	D:\RIAS Julien\Projet_2025_Drone\Projet_Drone_Rias_Julien\Rias Julien (Etudiant 3)\Workspace\Appli_Projet_FMP_Actif_V5\JNIFileMappingTelloEduTelemetryServeur.dll
0x00007ffa75100000 - 0x00007ffa78365000 	D:\RIAS Julien\Projet_2025_Drone\Projet_Drone_Rias_Julien\Rias Julien (Etudiant 3)\Workspace\Appli_Projet_FMP_Actif_V5\lib\opencv_java4100.dll
0x00007ffad29c0000 - 0x00007ffad2b17000 	C:\Windows\System32\ole32.dll
0x00007ffad18b0000 - 0x00007ffad1975000 	C:\Windows\System32\OLEAUT32.dll
0x00007ffa9a2c0000 - 0x00007ffa9a342000 	C:\Windows\SYSTEM32\MF.dll
0x00007ffa9e910000 - 0x00007ffa9eb0a000 	C:\Windows\SYSTEM32\MFPlat.DLL
0x00007ffaceed0000 - 0x00007ffacefbb000 	C:\Windows\SYSTEM32\dxgi.dll
0x00007ffa99c20000 - 0x00007ffa99d59000 	C:\Windows\SYSTEM32\MFReadWrite.dll
0x00007ffacd650000 - 0x00007ffacd8ab000 	C:\Windows\SYSTEM32\d3d11.dll
0x00007ffaceeb0000 - 0x00007ffaceed0000 	C:\Windows\SYSTEM32\dxcore.dll
0x00007ffa74d10000 - 0x00007ffa750fc000 	C:\Windows\SYSTEM32\MFCORE.DLL
0x00007ffad0670000 - 0x00007ffad07c1000 	C:\Windows\System32\CRYPT32.dll
0x00007ffad01e0000 - 0x00007ffad01f2000 	C:\Windows\System32\MSASN1.dll
0x00007ffad0a80000 - 0x00007ffad0aa6000 	C:\Windows\System32\bcrypt.dll
0x00007ffaaddc0000 - 0x00007ffaaddc9000 	C:\Windows\SYSTEM32\ksuser.dll
0x00007ffacfbe0000 - 0x00007ffacfbec000 	C:\Windows\SYSTEM32\CRYPTBASE.DLL
0x00007ffa9e750000 - 0x00007ffa9e77f000 	C:\Windows\SYSTEM32\RTWorkQ.DLL
0x00007ffa9a790000 - 0x00007ffa9a7a9000 	C:\Program Files\Java\jdk-11.0.11\bin\net.dll
0x00007ffac93d0000 - 0x00007ffac94ca000 	C:\Windows\SYSTEM32\WINHTTP.dll
0x00007ffacfa10000 - 0x00007ffacfa77000 	C:\Windows\system32\mswsock.dll
0x00007ffa9a770000 - 0x00007ffa9a782000 	C:\Program Files\Java\jdk-11.0.11\bin\nio.dll
0x00007ffa7cfd0000 - 0x00007ffa7d16a000 	C:\Program Files\Java\jdk-11.0.11\bin\awt.dll
0x00007fface7d0000 - 0x00007fface7fd000 	C:\Windows\system32\DWMAPI.DLL
0x00007fface1e0000 - 0x00007fface279000 	C:\Windows\system32\uxtheme.dll
0x00007ffabf2a0000 - 0x00007ffabf3f6000 	C:\Windows\system32\opengl32.dll
0x00007ffac8c20000 - 0x00007ffac8c4c000 	C:\Windows\SYSTEM32\GLU32.dll
0x00007ffad1b20000 - 0x00007ffad1c55000 	C:\Windows\System32\MSCTF.dll
0x00007ffa9b060000 - 0x00007ffa9b0e5000 	C:\Program Files\Java\jdk-11.0.11\bin\freetype.dll
0x00007ffa7ac10000 - 0x00007ffa7ad02000 	C:\Program Files\Java\jdk-11.0.11\bin\harfbuzz.dll
0x00007ffaaccc0000 - 0x00007ffaaccd2000 	C:\Program Files\Java\jdk-11.0.11\bin\fontmanager.dll
0x00007ffac7ce0000 - 0x00007ffac7d7b000 	C:\Windows\System32\TextInputFramework.dll
0x00007ffaca780000 - 0x00007ffacaaaa000 	C:\Windows\System32\CoreUIComponents.dll
0x00007ffacda90000 - 0x00007ffacdb64000 	C:\Windows\System32\CoreMessaging.dll
0x00007ffacf1b0000 - 0x00007ffacf1e1000 	C:\Windows\SYSTEM32\ntmarta.dll
0x00007ffacb7f0000 - 0x00007ffacb942000 	C:\Windows\SYSTEM32\wintypes.dll
0x00007ffac4760000 - 0x00007ffac4a07000 	C:\Windows\System32\iertutil.dll
0x00007ffac9f30000 - 0x00007ffac9fde000 	C:\Windows\SYSTEM32\mscms.dll
0x00007ffaca4f0000 - 0x00007ffaca507000 	C:\Windows\SYSTEM32\ColorAdapterClient.dll
0x00007ffad00f0000 - 0x00007ffad0115000 	C:\Windows\SYSTEM32\USERENV.dll
0x00007ffaae080000 - 0x00007ffaae0c3000 	C:\Windows\SYSTEM32\icm32.dll
0x00007ffacf720000 - 0x00007ffacf75a000 	C:\Windows\SYSTEM32\IPHLPAPI.DLL
0x00007ffad2b60000 - 0x00007ffad2b68000 	C:\Windows\System32\NSI.dll
0x00007ffacb990000 - 0x00007ffacb9a6000 	C:\Windows\SYSTEM32\dhcpcsvc6.DLL
0x00007ffacb970000 - 0x00007ffacb98c000 	C:\Windows\SYSTEM32\dhcpcsvc.DLL
0x00007ffacf760000 - 0x00007ffacf82b000 	C:\Windows\SYSTEM32\DNSAPI.dll
0x00007ffacbda0000 - 0x00007ffacbdab000 	C:\Windows\SYSTEM32\WINNSI.DLL
0x00000203c6550000 - 0x00000203c6554000 	C:\Users\rias\.javacpp\cache\javacpp-windows-x86_64.jar\org\bytedeco\javacpp\windows-x86_64\api-ms-win-crt-locale-l1-1-0.dll
0x00000203c6560000 - 0x00000203c6565000 	C:\Users\rias\.javacpp\cache\javacpp-windows-x86_64.jar\org\bytedeco\javacpp\windows-x86_64\api-ms-win-crt-string-l1-1-0.dll
0x00000203c6570000 - 0x00000203c6575000 	C:\Users\rias\.javacpp\cache\javacpp-windows-x86_64.jar\org\bytedeco\javacpp\windows-x86_64\api-ms-win-crt-stdio-l1-1-0.dll
0x00000203c6580000 - 0x00000203c6586000 	C:\Users\rias\.javacpp\cache\javacpp-windows-x86_64.jar\org\bytedeco\javacpp\windows-x86_64\api-ms-win-crt-math-l1-1-0.dll
0x00000203c6590000 - 0x00000203c6594000 	C:\Users\rias\.javacpp\cache\javacpp-windows-x86_64.jar\org\bytedeco\javacpp\windows-x86_64\api-ms-win-crt-heap-l1-1-0.dll
0x00000203f61b0000 - 0x00000203f61b5000 	C:\Users\rias\.javacpp\cache\javacpp-windows-x86_64.jar\org\bytedeco\javacpp\windows-x86_64\api-ms-win-crt-runtime-l1-1-0.dll
0x00000203f61c0000 - 0x00000203f61c5000 	C:\Users\rias\.javacpp\cache\javacpp-windows-x86_64.jar\org\bytedeco\javacpp\windows-x86_64\api-ms-win-crt-convert-l1-1-0.dll
0x00000203f61d0000 - 0x00000203f61d4000 	C:\Users\rias\.javacpp\cache\javacpp-windows-x86_64.jar\org\bytedeco\javacpp\windows-x86_64\api-ms-win-crt-environment-l1-1-0.dll
0x00000203f61e0000 - 0x00000203f61e4000 	C:\Users\rias\.javacpp\cache\javacpp-windows-x86_64.jar\org\bytedeco\javacpp\windows-x86_64\api-ms-win-crt-time-l1-1-0.dll
0x00000203f6400000 - 0x00000203f6404000 	C:\Users\rias\.javacpp\cache\javacpp-windows-x86_64.jar\org\bytedeco\javacpp\windows-x86_64\api-ms-win-crt-filesystem-l1-1-0.dll
0x00000203f6410000 - 0x00000203f6414000 	C:\Users\rias\.javacpp\cache\javacpp-windows-x86_64.jar\org\bytedeco\javacpp\windows-x86_64\api-ms-win-crt-utility-l1-1-0.dll
0x00000203f6420000 - 0x00000203f6426000 	C:\Users\rias\.javacpp\cache\javacpp-windows-x86_64.jar\org\bytedeco\javacpp\windows-x86_64\api-ms-win-crt-multibyte-l1-1-0.dll
0x00000203f6430000 - 0x00000203f6434000 	C:\Users\rias\.javacpp\cache\javacpp-windows-x86_64.jar\org\bytedeco\javacpp\windows-x86_64\api-ms-win-crt-conio-l1-1-0.dll
0x00000203f6440000 - 0x00000203f6451000 	C:\Users\rias\.javacpp\cache\javacpp-windows-x86_64.jar\org\bytedeco\javacpp\windows-x86_64\api-ms-win-crt-private-l1-1-0.dll
0x00000203f6460000 - 0x00000203f6464000 	C:\Users\rias\.javacpp\cache\javacpp-windows-x86_64.jar\org\bytedeco\javacpp\windows-x86_64\api-ms-win-crt-process-l1-1-0.dll
0x00000203f6470000 - 0x00000203f6474000 	C:\Users\rias\.javacpp\cache\javacpp-windows-x86_64.jar\org\bytedeco\javacpp\windows-x86_64\api-ms-win-core-console-l1-2-0.dll
0x00000203f6480000 - 0x00000203f6484000 	C:\Users\rias\.javacpp\cache\javacpp-windows-x86_64.jar\org\bytedeco\javacpp\windows-x86_64\api-ms-win-core-string-l1-1-0.dll
0x00000203f6490000 - 0x00000203f6494000 	C:\Users\rias\.javacpp\cache\javacpp-windows-x86_64.jar\org\bytedeco\javacpp\windows-x86_64\api-ms-win-core-errorhandling-l1-1-0.dll
0x00000203f64a0000 - 0x00000203f64a4000 	C:\Users\rias\.javacpp\cache\javacpp-windows-x86_64.jar\org\bytedeco\javacpp\windows-x86_64\api-ms-win-core-timezone-l1-1-0.dll
0x00000203f64b0000 - 0x00000203f64b5000 	C:\Users\rias\.javacpp\cache\javacpp-windows-x86_64.jar\org\bytedeco\javacpp\windows-x86_64\api-ms-win-core-file-l1-1-0.dll
0x00000203f64c0000 - 0x00000203f64c4000 	C:\Users\rias\.javacpp\cache\javacpp-windows-x86_64.jar\org\bytedeco\javacpp\windows-x86_64\api-ms-win-core-namedpipe-l1-1-0.dll
0x00000203f64d0000 - 0x00000203f64d4000 	C:\Users\rias\.javacpp\cache\javacpp-windows-x86_64.jar\org\bytedeco\javacpp\windows-x86_64\api-ms-win-core-handle-l1-1-0.dll
0x00000203f64e0000 - 0x00000203f64e4000 	C:\Users\rias\.javacpp\cache\javacpp-windows-x86_64.jar\org\bytedeco\javacpp\windows-x86_64\api-ms-win-core-file-l2-1-0.dll
0x00000203f64f0000 - 0x00000203f64f4000 	C:\Users\rias\.javacpp\cache\javacpp-windows-x86_64.jar\org\bytedeco\javacpp\windows-x86_64\api-ms-win-core-heap-l1-1-0.dll
0x00000203f6500000 - 0x00000203f6504000 	C:\Users\rias\.javacpp\cache\javacpp-windows-x86_64.jar\org\bytedeco\javacpp\windows-x86_64\api-ms-win-core-libraryloader-l1-1-0.dll
0x00000203f6510000 - 0x00000203f6514000 	C:\Users\rias\.javacpp\cache\javacpp-windows-x86_64.jar\org\bytedeco\javacpp\windows-x86_64\api-ms-win-core-synch-l1-1-0.dll
0x00000203f6520000 - 0x00000203f6524000 	C:\Users\rias\.javacpp\cache\javacpp-windows-x86_64.jar\org\bytedeco\javacpp\windows-x86_64\api-ms-win-core-processthreads-l1-1-0.dll

dbghelp: loaded successfully - version: 4.0.5 - missing functions: none
symbol engine: initialized successfully - sym options: 0x614 - pdb path: .;C:\Program Files\Java\jdk-11.0.11\bin;C:\Windows\SYSTEM32;C:\Windows\WinSxS\amd64_microsoft.windows.common-controls_6595b64144ccf1df_6.0.18362.1556_none_9e7e372fe45e41d5;C:\Program Files\Java\jdk-11.0.11\bin\server;D:\RIAS Julien\Projet_2025_Drone\Projet_Drone_Rias_Julien\Rias Julien (Etudiant 3)\Workspace\Appli_Projet_FMP_Actif_V5;D:\RIAS Julien\Projet_2025_Drone\Projet_Drone_Rias_Julien\Rias Julien (Etudiant 3)\Workspace\Appli_Projet_FMP_Actif_V5\lib;C:\Users\rias\.javacpp\cache\javacpp-windows-x86_64.jar\org\bytedeco\javacpp\windows-x86_64;C:\Users\rias\.javacpp\cache\openblas-windows-x86_64.jar\org\bytedeco\openblas\windows-x86_64;C:\Users\rias\.javacpp\cache\opencv-windows-x86_64.jar\org\bytedeco\opencv\windows-x86_64;C:\Users\rias\.javacpp\cache\ffmpeg-windows-x86_64.jar\org\bytedeco\ffmpeg\windows-x86_64

VM Arguments:
jvm_args: -Dfile.encoding=Cp1252 
java_command: Start
java_class_path (initial): D:\RIAS Julien\Projet_2025_Drone\Projet_Drone_Rias_Julien\Rias Julien (Etudiant 3)\Workspace\Appli_Projet_FMP_Actif_V5;D:\RIAS Julien\Projet_2025_Drone\Projet_Drone_Rias_Julien\Rias Julien (Etudiant 3)\Workspace\Appli_Projet_FMP_Actif_V5\lib\opencv-4100.jar;D:\RIAS Julien\Projet_2025_Drone\Projet_Drone_Rias_Julien\Rias Julien (Etudiant 3)\Workspace\Appli_Projet_FMP_Actif_V5\lib\snakeyaml-2.3.jar;D:\RIAS Julien\Projet_2025_Drone\Projet_Drone_Rias_Julien\Rias Julien (Etudiant 3)\Workspace\Appli_Projet_FMP_Actif_V5\lib\javacv_javacpp_ffmpeg_1.5.8\javacpp.jar;D:\RIAS Julien\Projet_2025_Drone\Projet_Drone_Rias_Julien\Rias Julien (Etudiant 3)\Workspace\Appli_Projet_FMP_Actif_V5\lib\javacv_javacpp_ffmpeg_1.5.8\artoolkitplus.jar;D:\RIAS Julien\Projet_2025_Drone\Projet_Drone_Rias_Julien\Rias Julien (Etudiant 3)\Workspace\Appli_Projet_FMP_Actif_V5\lib\javacv_javacpp_ffmpeg_1.5.8\artoolkitplus-windows-x86_64.jar;D:\RIAS Julien\Projet_2025_Drone\Projet_Drone_Rias_Julien\Rias Julien (Etudiant 3)\Workspace\Appli_Projet_FMP_Actif_V5\lib\javacv_javacpp_ffmpeg_1.5.8\artoolkitplus-platform.jar;D:\RIAS Julien\Projet_2025_Drone\Projet_Drone_Rias_Julien\Rias Julien (Etudiant 3)\Workspace\Appli_Projet_FMP_Actif_V5\lib\javacv_javacpp_ffmpeg_1.5.8\ffmpeg.jar;D:\RIAS Julien\Projet_2025_Drone\Projet_Drone_Rias_Julien\Rias Julien (Etudiant 3)\Workspace\Appli_Projet_FMP_Actif_V5\lib\javacv_javacpp_ffmpeg_1.5.8\ffmpeg-windows-x86_64.jar;D:\RIAS Julien\Projet_2025_Drone\Projet_Drone_Rias_Julien\Rias Julien (Etudiant 3)\Workspace\Appli_Projet_FMP_Actif_V5\lib\javacv_javacpp_ffmpeg_1.5.8\ffmpeg-platform.jar;D:\RIAS Julien\Projet_2025_Drone\Projet_Drone_Rias_Julien\Rias Julien (Etudiant 3)\Workspace\Appli_Projet_FMP_Actif_V5\lib\javacv_javacpp_ffmpeg_1.5.8\flandmark.jar;D:\RIAS Julien\Projet_2025_Drone\Projet_Drone_Rias_Julien\Rias Julien (Etudiant 3)\Workspace\Appli_Projet_FMP_Actif_V5\lib\javacv_javacpp_ffmpeg_1.5.8\flandmark-windows-x86_64.jar;D:\RIAS Julien\Projet_2
Launcher Type: SUN_STANDARD

[Global flags]
     intx CICompilerCount                          = 4                                         {product} {ergonomic}
     uint ConcGCThreads                            = 2                                         {product} {ergonomic}
     uint G1ConcRefinementThreads                  = 8                                         {product} {ergonomic}
   size_t G1HeapRegionSize                         = 2097152                                   {product} {ergonomic}
    uintx GCDrainStackTargetSize                   = 64                                        {product} {ergonomic}
   size_t InitialHeapSize                          = 536870912                                 {product} {ergonomic}
   size_t MarkStackSize                            = 4194304                                   {product} {ergonomic}
   size_t MaxHeapSize                              = 8560574464                                {product} {ergonomic}
   size_t MaxNewSize                               = 5135925248                                {product} {ergonomic}
   size_t MinHeapDeltaBytes                        = 2097152                                   {product} {ergonomic}
    uintx NonNMethodCodeHeapSize                   = 5836300                                {pd product} {ergonomic}
    uintx NonProfiledCodeHeapSize                  = 122910970                              {pd product} {ergonomic}
    uintx ProfiledCodeHeapSize                     = 122910970                              {pd product} {ergonomic}
    uintx ReservedCodeCacheSize                    = 251658240                              {pd product} {ergonomic}
     bool SegmentedCodeCache                       = true                                      {product} {ergonomic}
     bool UseCompressedClassPointers               = true                                 {lp64_product} {ergonomic}
     bool UseCompressedOops                        = true                                 {lp64_product} {ergonomic}
     bool UseG1GC                                  = true                                      {product} {ergonomic}
     bool UseLargePagesIndividualAllocation        = false                                  {pd product} {ergonomic}

Logging:
Log output configuration:
 #0: stdout all=warning uptime,level,tags
 #1: stderr all=off uptime,level,tags

Environment Variables:
PATH=C:\Program Files\Python311\Scripts\;C:\Program Files\Python311\;C:\Program Files\Common Files\Oracle\Java\javapath;C:\Program Files\Python38\Scripts\;C:\Program Files\Python38\;C:\Program Files (x86)\Embarcadero\Studio\15.0\bin;C:\Users\Public\Documents\Embarcadero\Studio\15.0\Bpl;C:\Program Files (x86)\Embarcadero\Studio\15.0\bin64;C:\Users\Public\Documents\Embarcadero\Studio\15.0\Bpl\Win64;C:\Windows\system32;C:\Windows;C:\Windows\System32\Wbem;C:\Windows\System32\WindowsPowerShell\v1.0\;C:\Windows\System32\OpenSSH\;C:\Program Files\PuTTY\;C:\Program Files\Java\jdk1.8.0_231\bin;C:\Program Files (x86)\IVI Foundation\VISA\WinNT\Bin\;C:\Program Files\IVI Foundation\VISA\Win64\Bin\;C:\Program Files (x86)\IVI Foundation\VISA\WinNT\Bin;C:\Program Files (x86)\IVI Foundation\IVI\bin;C:\Program Files\IVI Foundation\IVI\bin;C:\Program Files\Microsoft SQL Server\130\Tools\Binn\;C:\Program Files\nodejs\;C:\ProgramData\chocolatey\bin;C:\mingw-w64\x86_64-8.1.0-posix-seh-rt_v6-rev0\mingw64\bin;C:\Program Files (x86)\Common Files\Acronis\VirtualFile\;C:\Program Files (x86)\Common Files\Acronis\VirtualFile64\;C:\Program Files (x86)\Common Files\Acronis\FileProtector\;C:\Program Files (x86)\Common Files\Acronis\FileProtector64\;C:\Program Files (x86)\Common Files\Acronis\SnapAPI\;C:\Program Files\Java\jdk-11.0.11\bin;C:\Eclipse-JDK11\eclipse;C:\Program Files\Microsoft SQL Server\150\Tools\Binn\;C:\TDM-GCC-64\bin;C:\ffmpegH264\bin;C:\gstreamer\1.0\msvc_x86_64\bin;C:\gstreamer\1.0\msvc_x86_64\lib;C:\Program Files\CMake\bin;C:\Program Files\dotnet\;C:\Program Files (x86)\Incredibuild;C:\Program Files (x86)\Windows Kits\10\Windows Performance Toolkit\;C:\Users\rias\AppData\Local\Microsoft\WindowsApps;C:\Users\install\AppData\Roaming\npm;C:\Users\rias\AppData\Local\GitHubDesktop\bin;C:\Users\rias\AppData\Local\Programs\Microsoft VS Code\bin;C:\Users\rias\.dotnet\tools
USERNAME=RIAS
OS=Windows_NT
PROCESSOR_IDENTIFIER=Intel64 Family 6 Model 94 Stepping 3, GenuineIntel



---------------  S Y S T E M  ---------------

OS: Windows 10 , 64 bit Build 18362 (10.0.18362.1500)

CPU:total 8 (initial active 8) (4 cores per cpu, 2 threads per core) family 6 model 94 stepping 3 microcode 0xd6, cmov, cx8, fxsr, mmx, sse, sse2, sse3, ssse3, sse4.1, sse4.2, popcnt, avx, avx2, aes, clmul, erms, rtm, 3dnowpref, lzcnt, ht, tsc, tscinvbit, bmi1, bmi2, adx, fma

Memory: 4k page, system-wide physical 32648M (22377M free)
TotalPageFile size 37512M (AvailPageFile size 26043M)
current process WorkingSet (physical memory assigned to process): 651M, peak: 674M
current process commit charge ("private bytes"): 2583M, peak: 2609M

vm_info: Java HotSpot(TM) 64-Bit Server VM (11.0.11+9-LTS-194) for windows-amd64 JRE (11.0.11+9-LTS-194), built on Mar 18 2021 18:46:53 by "mach5one" with MS VC++ 15.9 (VS2017)

END.
